      1   67.8500   19.0333     468.0
      2   68.4167   18.1667     515.0
      3   67.9333   21.0667     330.0
      4   67.1500   20.6500     359.0
      5   68.4500   22.5000     327.0
      6   65.8167   15.1000     473.0
      7   65.3167   16.0333     525.0
      8   66.9500   17.7500     337.0
      9   66.0333   17.8667     430.0
     10   64.9667   17.7000     280.0
     11   66.6333   19.6500     263.0
     12   65.8667   20.0000     180.0
     13   65.1167   20.6667     195.0
     14   65.5500   22.0000      34.0
     15   63.3000   12.0000     642.0
     16   63.8333   13.5000     717.0
     17   64.5000   14.1333     328.0
     18   63.1833   14.5000     376.0
     19   63.7000   16.8333     210.0
     20   64.5833   16.8333     348.0
     21   63.1500   16.1667     183.0
     22   64.2167   19.6667     204.0
     23   62.4500   12.6667     723.0
     24   61.7000   13.1667     437.0
     25   62.0333   14.3333     360.0
     26   62.5333   17.3333       4.0
     27   60.6833   13.6667     308.0
     28   59.3667   13.3333      46.0
     29   59.2333   15.0000      53.0
     30   60.4333   15.5000     145.0
     31   59.3500   17.8333      14.0
     32   58.9000   11.0000      10.0
     33   57.7000   12.0000       5.0
     34   58.5833   16.0000      32.0
     35   55.3833   12.6667       5.0
     36   56.8500   14.8333     199.0
     37   68.6167   27.4167     147.0
     38   67.3667   26.6500     179.0
     39   66.5667   25.8333     197.0
     40   66.8167   28.6667     221.0
     41   66.9667   29.1833     262.0
     42   64.9333   25.3667      12.0
     43   64.9000   29.0167     223.0
     44   64.2833   27.6833     143.0
     45   61.4167   23.5833     112.0
     46   61.7333   27.3000     138.0
     47   60.9667   25.6333      83.0
     48   60.5167   22.2667      84.0
     49   60.3167   24.9667      51.0
     50   57.1000    9.8500       3.0
     51   56.3000   10.6167      23.0
     52   55.5333    8.5667      30.0
     53   55.4833   10.3333      17.0
     54   55.6167   12.6500       5.0
     60   61.5585   12.4940     564.0
    100   61.1355   12.5052     333.0
    180   61.2960   12.2678     360.0
    190   61.3167   12.2667     360.0
    200   61.3333   12.2500     356.0
    250   61.4188   12.3785     664.0
    290   61.4162   12.0683     557.0
    300   61.4167   12.0333     585.0
    400   61.6667   11.9833     538.0
    410   61.6833   12.0167     479.0
    420   61.6852   11.9983     481.0
    500   61.7833   11.9500     554.0
    550   61.7700   11.9700     560.0
    600   61.8442   11.8502     696.0
    610   61.8438   11.8428     690.0
    700   61.8872   12.0480     672.0
    730   62.0758   12.1715     794.0
    770   62.2040   11.4525     713.0
    800   62.2500   11.7833     670.0
    810   62.2787   11.7343     687.0
    900   62.4342   11.8517     685.0
   1050   59.0200   11.0000      30.0
   1080   59.0360   11.0518      17.0
   1130   58.9930   11.5383     157.0
   1200   59.1300   11.4000      10.0
   1220   59.1233   11.3773      10.0
   1230   59.1225   11.3887       8.0
   1240   59.1167   11.3833       1.0
   1400   59.1477   11.5598     114.0
   1500   59.1500   11.6167     105.0
   1640   59.3000   11.6700     110.0
   1650   59.3008   11.6607     113.0
   1800   59.4000   11.6667     127.0
   1950   59.4810   11.6517     123.0
   2000   59.7300   11.8200     140.0
   2090   59.6667   11.5500     127.0
   2100   59.6667   11.5500     132.0
   2110   59.6833   11.5500     146.0
   2170   59.7838   11.6720     174.0
   2250   59.7667   11.3833     164.0
   2450   59.9000   11.5667     137.0
   2520   59.7978   11.4648     134.0
   2540   59.8123   11.4767     152.0
   2600   59.8833   11.5833     131.0
   2610   59.8905   11.5832     135.0
   2700   59.9333   11.4667     183.0
   2800   59.8667   11.7833     232.0
   2840   59.7167   11.4500     139.0
   2900   59.9833   12.1167     150.0
   2910   59.9865   12.1397     153.0
   2950   59.9672   12.2107     154.0
   3000   59.2000   11.2000      20.0
   3010   59.1833   11.2167      38.0
   3020   59.2167   10.9333       9.0
   3030   59.2307   10.9632      30.0
   3040   59.2500   10.9667      51.0
   3050   59.2300   10.9200      10.0
   3070   59.3333   10.9000      34.0
   3090   59.3333   10.9333      31.0
   3150   59.3153   11.0488      56.0
   3190   59.2857   11.1148      57.0
   3200   59.3078   11.1313      31.0
   3250   59.3500   11.2333      75.0
   3280   59.4617   11.3937     144.0
   3290   59.4200   11.3500     110.0
   3300   59.3000   11.4167     143.0
   3350   59.4167   11.3333     100.0
   3400   59.5000   11.2833     140.0
   3410   59.5000   11.2833     141.0
   3420   59.5000   11.2833     135.0
   3450   59.5328   11.2978      99.0
   3460   59.5500   11.3300     110.0
   3500   59.5338   11.5230     182.0
   3580   59.5167   11.1667     100.0
   3600   59.4700   11.1700     125.0
   3620   59.5333   11.1500     106.0
   3700   59.5667   11.1667     126.0
   3710   59.5800   11.1700     130.0
   3750   59.6200   11.0900     125.0
   3780   59.6358   11.0478     144.0
   3810   59.5867   11.1627     141.0
   3900   59.6333   11.3500     290.0
   3930   59.6635   11.3120     171.0
   3940   59.6800   11.3300     150.0
   3980   59.7000   11.3000     154.0
   4030   59.7700   11.1500     165.0
   4040   59.7512   11.1532     164.0
   4050   59.7638   11.1405     163.0
   4070   59.8177   11.1543     189.0
   4080   59.9423   11.0532     235.0
   4100   59.9433   10.9733     150.0
   4120   59.8667   10.9000     206.0
   4150   59.9700   11.0700     110.0
   4170   59.9300   10.9700     175.0
   4200   59.9667   11.0333     109.0
   4210   59.9667   11.0500     112.0
   4220   59.9775   11.0472     114.0
   4260   59.9765   10.9805     141.0
   4270   60.0000   11.0500     180.0
   4280   60.0000   11.0500     184.0
   4290   59.9892   11.0237     177.0
   4300   60.0700   11.0300     190.0
   4400   60.0500   10.8800     140.0
   4440   60.0977   10.8645     174.0
   4450   60.1167   10.8667     154.0
   4500   60.1333   10.7333     389.0
   4580   60.2167   10.7000     237.0
   4660   60.2000   10.6000     442.0
   4670   60.1500   10.9833     300.0
   4680   60.1667   10.9167     415.0
   4690   60.2333   10.9167     395.0
   4700   60.2833   10.9833     193.0
   4710   60.1500   11.1500     191.0
   4720   60.1333   11.0500     175.0
   4721   60.2200   11.0200     200.0
   4730   60.1638   11.1127     200.0
   4740   60.1742   11.0510     187.0
   4760   60.2167   11.0167     199.0
   4770   60.2500   11.0167     199.0
   4780   60.2065   11.0802     202.0
   4790   60.2000   11.1000     201.0
   4800   60.0590   11.2328     122.0
   4810   60.1500   11.2167     205.0
   4820   59.9200   11.1700     120.0
   4830   59.9800   11.2500     140.0
   4850   60.0268   11.3277     132.0
   4870   60.0667   11.2667     247.0
   4890   60.0675   11.3593     150.0
   4930   60.1000   11.3833     162.0
   4940   60.1057   11.4017     159.0
   4945   60.1300   11.4700     142.0
   5050   60.1013   11.5795     191.0
   5120   60.2000   11.5833     136.0
   5200   60.2500   11.7167     138.0
   5340   60.3800   11.5500     150.0
   5350   60.3887   11.5602     147.0
   5380   60.5500   11.5167     252.0
   5450   60.1818   11.8808     200.0
   5500   60.1167   12.1167     145.0
   5600   60.1800   12.0000     150.0
   5650   60.2198   12.0280     175.0
   5660   60.2700   12.0800     150.0
   5670   60.2667   12.0833     150.0
   5700   60.4500   12.0700     155.0
   5800   60.3927   12.3577     293.0
   6040   60.6173   12.0170     184.0
   6150   60.6167   11.9667     234.0
   6250   60.6500   12.0500     186.0
   6300   60.6667   12.1500     194.0
   6350   60.6700   11.8300     175.0
   6440   60.6963   12.3702     230.0
   6450   60.7000   12.3833     220.0
   6460   60.7000   12.4000     295.0
   6490   60.8170   12.0920     347.0
   6550   61.0470   11.8898     513.0
   6600   60.9200   11.6000     190.0
   6620   60.9107   11.5930     230.0
   6630   60.9167   11.6000     221.0
   6640   60.9000   11.5833     190.0
   6650   60.8833   11.5667     188.0
   6750   61.1667   10.9000     675.0
   6760   61.2333   10.8667     870.0
   6850   61.1333   11.3833     225.0
   6860   61.1700   11.4500     250.0
   6950   61.1167   11.3000     310.0
   7010   61.1592   11.4425     240.0
   7030   61.2000   11.5000     248.0
   7080   61.1833   11.5500     297.0
   7160   69.3167   11.7833     445.0
   7250   61.2502   11.7477     450.0
   7300   61.4285   11.7097     464.0
   7360   61.4967   11.6795     530.0
   7380   61.5500   11.6833     585.0
   7460   61.2302   11.5103     303.0
   7500   61.3000   11.4667     237.0
   7550   61.3667   11.3833     262.0
   7570   61.3902   11.3723     256.0
   7650   61.6833   11.2000     253.0
   7660   61.6967   11.2058     260.0
   7700   61.7167   11.1833     279.0
   7720   61.7333   11.1500     459.0
   7750   61.8000   11.1333     278.0
   7800   61.8833   11.0833     303.0
   7830   61.9313   11.0598     276.0
   7900   62.1047   11.0503     513.0
   7910   62.1067   11.0433     505.0
   8120   61.4333   11.0833     256.0
   8130   61.4053   11.1430     255.0
   8140   61.4255   11.0803     257.0
   8150   61.4167   11.0833     264.0
   8180   61.6003   10.6127     641.0
   8210   61.5000   11.0167     262.0
   8240   61.6167   10.9000     345.0
   8250   61.6167   10.9000     303.0
   8340   61.7252   10.8377     335.0
   8360   61.7333   10.8333     353.0
   8450   61.7915   10.5028     535.0
   8480   61.7667   10.4167     785.0
   8600   61.8500   10.2333     731.0
   8710   61.8870   10.1535     739.0
   8720   61.8902   10.1417     749.0
   8770   61.9725   10.0288     731.0
   8850   62.0333   10.7833     485.0
   8970   62.2322   10.3430     746.0
   9000   62.3167    9.1833    1017.0
   9100   62.1265   10.0483     709.0
   9110   62.1300    9.9800     710.0
   9300   62.2333    9.5833     953.0
   9450   62.2333   10.3833     734.0
   9580   62.2695   10.7320     482.0
   9600   62.3000   10.7500     483.0
   9750   62.3833   10.5333     700.0
   9850   62.4333   10.4000     702.0
   9870   62.4328   10.4173     690.0
  10000   62.2810   10.7995     482.0
  10010   62.3000   10.8500     483.0
  10050   62.4200   11.0000     565.0
  10080   62.5000   11.2300     600.0
  10100   62.5167   11.0220     788.0
  10250   62.4667   11.3833     836.0
  10300   62.4698   11.7752     650.0
  10380   62.5773   11.3518     625.0
  10400   62.5673   11.3837     628.0
  10430   62.6667   11.3000     856.0
  10600   62.6738   11.4545     685.0
  10650   62.7000   11.8300     750.0
  10700   62.7442   11.8433     790.0
  10740   62.6452   11.8797     710.0
  10750   62.6500   11.8833     712.0
  10900   62.6388   12.0285     830.0
  11030   60.1500   11.4500     152.0
  11050   60.2143   11.3582     127.0
  11070   60.3333   11.2500     128.0
  11080   60.2812   11.2075     178.0
  11090   60.3333   11.2167     190.0
  11091   60.3500   11.2300     175.0
  11100   60.2500   11.2167     203.0
  11110   60.2500   11.1667     198.0
  11120   60.2983   11.1633     181.0
  11130   60.2167   11.1833     198.0
  11140   60.2167   11.1500     194.0
  11150   60.2333   11.2000     197.0
  11160   60.1833   11.1833     216.0
  11180   60.3500   11.0000     185.0
  11190   60.2667   11.1167     190.0
  11200   60.2500   11.0833     197.0
  11240   60.3782   10.9178     480.0
  11290   60.4300   11.0800     200.0
  11300   60.4167   11.0500     203.0
  11310   60.4500   10.8500     375.0
  11350   60.4937   10.9822     394.0
  11370   60.4833   10.9333     343.0
  11430   60.5167   11.0667     440.0
  11480   60.6833   10.9000     250.0
  11500   60.7000   10.8667     264.0
  11530   60.7167   10.8667     138.0
  11610   60.7982   10.6858     154.0
  11620   60.8000   10.9965     240.0
  11650   60.7300   10.6200     325.0
  11660   60.7333   10.6167     332.0
  11700   60.6000   10.6500     410.0
  11710   60.5945   10.6442     406.0
  11800   60.8500   10.6667     365.0
  11900   60.9527   10.5972     190.0
  12080   59.1427   10.2323     190.0
  12090   60.7333   11.1000     153.0
  12100   60.7230   11.1533     202.0
  12140   60.8167   11.1833     219.0
  12180   60.8000   11.2000     200.0
  12200   60.7510   11.2065     218.0
  12250   60.7728   11.4817     324.0
  12260   60.7667   11.4833     349.0
  12270   60.8200   11.3500     240.0
  12290   60.8010   11.0977     132.0
  12300   60.8000   11.0667     139.0
  12310   60.8103   11.0213     132.0
  12340   60.8800   10.9300     130.0
  12350   60.8667   10.9333     134.0
  12390   60.9167   10.8500     282.0
  12520   60.7915   10.9588     205.0
  12550   60.7667   10.8000     128.0
  12600   60.9532   10.6810     161.0
  12640   61.0833   10.4833     271.0
  12650   61.1167   10.4667     190.0
  12660   61.1000   10.4833     226.0
  12670   61.1208   10.4742     260.0
  12680   61.0925   10.4775     239.0
  12690   61.1362   10.5042     484.0
  12750   61.1167   10.6000     520.0
  12800   61.1143   10.6722     520.0
  12850   61.1000   10.7167     571.0
  12940   61.1500   10.7167     850.0
  12950   61.1500   10.7000     860.0
  12960   61.1647   10.7097     931.0
  13030   61.2200   10.2800     260.0
  13040   61.2500   10.2000     430.0
  13050   61.2715   10.2042     647.0
  13100   61.3448    9.7732     580.0
  13120   61.2500   10.4500     200.0
  13140   61.4568   10.1920     187.0
  13150   61.4500   10.2000     200.0
  13160   61.4648   10.1277    1030.0
  13190   61.4333   10.2167     183.0
  13200   61.4333   10.2167     183.0
  13300   61.4667   10.3000     755.0
  13310   61.4628   10.3177     780.0
  13400   61.6000   10.0333     734.0
  13420   61.6502   10.1108     930.0
  13450   61.6647    9.9760     666.0
  13500   61.5667    9.8333     290.0
  13510   61.5500    9.9500     240.0
  13540   61.5833    9.7833     249.0
  13550   61.6000    9.7667     241.0
  13600   61.5333    9.6500     934.0
  13640   61.5108    9.4075     687.0
  13650   61.5833    9.5833     601.0
  13660   61.5167    9.4000     642.0
  13670   61.5152    9.3823     890.0
  13700   61.4167    9.5347     752.0
  13800   61.4833    9.0333    1015.0
  13870   61.3558    9.0745    1024.0
  13900   61.3288    8.8007    1055.0
  14050   61.6762    9.5580     330.0
  14100   61.7333    9.3500     448.0
  14140   61.8000    9.2167     730.0
  14160   61.8000    9.2000     756.0
  14180   61.8000    9.1667     833.0
  14220   61.7333    9.0833     735.0
  14250   61.7000    9.0667     696.0
  14260   61.6167    8.9667     896.0
  14300   61.7167    9.5500     284.0
  14310   61.7277    9.5488     285.0
  14350   61.7667    9.5500     285.0
  14400   61.7833    9.4000     323.0
  14450   61.8500    9.2167     400.0
  14500   61.8667    9.1500     354.0
  14550   61.9215    9.0132     823.0
  14580   61.8735    9.0928     371.0
  14600   61.8667    9.1000     371.0
  14610   61.8800    9.1200     370.0
  14650   61.8667    9.0167     369.0
  14690   61.8213    8.9595     746.0
  14710   61.8123    9.0152     808.0
  14711   61.8135    9.0133     811.0
  14780   61.8500    8.8167     375.0
  14860   61.8667    8.7000     602.0
  14940   61.8500    8.7000     542.0
  15060   61.8373    8.5700     382.0
  15090   61.8180    8.4877     495.0
  15120   61.8000    8.4500     550.0
  15180   61.7500    8.4000     490.0
  15240   61.7500    8.4167     770.0
  15260   61.6667    8.3667    1840.0
  15300   61.7167    8.3333     640.0
  15310   61.7167    8.3333     594.0
  15360   61.7000    8.2833     674.0
  15420   61.7167    8.2500     700.0
  15430   61.7207    8.2443     701.0
  15480   61.8778    8.4717     372.0
  15540   61.8667    8.4500     378.0
  15600   61.8667    8.2833     500.0
  15630   61.9257    8.2362    1140.0
  15660   61.9018    8.1723     432.0
  15720   61.9067    7.8600     712.0
  15730   61.8968    7.8968     664.0
  15800   61.9500    7.9000     591.0
  15900   62.0167    7.6167     872.0
  15910   62.0167    7.6333     906.0
  16060   61.8000    9.5500     300.0
  16100   61.8000    9.5500     298.0
  16180   61.8333    9.4500     298.0
  16240   61.8195    9.3882     656.0
  16270   61.8902    9.4738     935.0
  16300   61.9500    9.2667     463.0
  16370   62.0000    9.2333     470.0
  16450   62.7500    9.7667     570.0
  16540   62.0833    9.1333     645.0
  16550   62.0667    9.1333     643.0
  16551   62.0732    9.1123     653.0
  16600   62.1167    9.2833     952.0
  16610   62.1145    9.2873     972.0
  16660   62.1167    8.8667     568.0
  16720   62.0833    9.0500     532.0
  16740   62.0938    9.0460     626.0
  16780   62.1000    8.9833     545.0
  16790   62.1058    8.9205     551.0
  16830   62.1333    8.7167     572.0
  16840   62.1333    8.7000     540.0
  16850   62.1680    8.6452     621.0
  16900   62.1833    8.5667     630.0
  16950   62.2000    8.4667     617.0
  17000   59.1500   10.8333      10.0
  17050   59.3167   10.8167      14.0
  17100   59.3500   10.8833      44.0
  17150   59.3830   10.7882      40.0
  17250   59.4340   10.6667      31.0
  17260   59.4493   10.6887      40.0
  17290   59.4385   10.5938      12.0
  17300   59.4333   10.6333      20.0
  17450   59.4333   11.0000      45.0
  17500   59.4970   11.0142     131.0
  17600   59.4833   10.8667      34.0
  17610   59.4200   11.0000      70.0
  17630   59.6200   10.9500      70.0
  17650   59.6000   10.7500      75.0
  17700   59.6667   10.6167      10.0
  17730   59.6700   10.6500      75.0
  17740   59.6675   10.6452      76.0
  17741   59.6735   10.6540      89.0
  17750   59.6667   10.6333      85.0
  17770   59.7577   10.6433     114.0
  17780   59.8098   10.6325     104.0
  17790   59.8140   10.6772     117.0
  17800   59.8000   10.7000      85.0
  17810   59.8700   10.7200      75.0
  17850   59.6667   10.7833      95.0
  17870   59.6667   10.8000     120.0
  17880   59.7200   10.8300     130.0
  17890   59.8000   10.7700     100.0
  17900   59.7833   10.7500     128.0
  17950   59.8000   10.8167     157.0
  18020   59.8783   10.7857     135.0
  18030   59.8600   10.8548     175.0
  18040   59.8733   10.8600     169.0
  18050   59.8667   10.8667     165.0
  18100   59.9000   10.8667     180.0
  18150   59.8667   10.7833      30.0
  18160   59.8728   10.7925     118.0
  18190   59.9000   10.8333     150.0
  18200   59.9167   10.8167      93.0
  18210   59.9230   10.8070     100.0
  18220   59.9333   10.8167     135.0
  18250   59.9662   10.8640     236.0
  18270   59.9667   10.9333     200.0
  18300   59.9167   10.7833      77.0
  18320   59.9305   10.7545      12.0
  18350   59.9333   10.7500      83.0
  18400   59.9333   10.7667      90.0
  18420   59.9463   10.7903     130.0
  18450   59.9690   10.7933     173.0
  18460   59.9833   10.8167     290.0
  18500   60.0510   10.6865     360.0
  18550   60.1058   10.6673     389.0
  18600   60.1500   10.6000     464.0
  18630   59.9078   10.7412      12.0
  18640   59.9100   10.7285      10.0
  18641   59.9100   10.7285      25.0
  18650   59.9167   10.7167      22.0
  18660   59.9167   10.7167      31.0
  18670   59.9100   10.7300      15.0
  18700   59.9427   10.7207      94.0
  18701   59.9427   10.7207      94.0
  18710   59.9333   10.7333      94.0
  18750   59.9667   10.7333     195.0
  18800   59.9000   10.6667      23.0
  18850   59.9340   10.6757      53.0
  18860   59.9333   10.7000      70.0
  18890   59.9585   10.6897     178.0
  18900   59.9667   10.6667     294.0
  18920   59.9570   10.7037     240.0
  18950   59.9853   10.6867     514.0
  18960   59.9867   10.6888     528.0
  19020   59.9677   10.6587     346.0
  19050   60.0000   10.6333     170.0
  19100   60.0373   10.5977     319.0
  19150   60.0833   10.5833     320.0
  19200   60.1252   10.4770     462.0
  19250   60.0333   10.5667     224.0
  19300   60.0167   10.5500     250.0
  19350   60.0833   10.4833     520.0
  19400   59.8927   10.6158      10.0
  19440   59.9065   10.5412      53.0
  19450   59.8833   10.5333       2.0
  19460   59.9667   10.5333     377.0
  19470   59.9667   10.5500     205.0
  19480   59.9003   10.5012      59.0
  19490   59.9063   10.5162      67.0
  19500   59.9167   10.5833      58.0
  19510   59.9400   10.6223     125.0
  19520   59.9188   10.4952      60.0
  19530   59.9968   10.4605     277.0
  19540   60.0387   10.4507     384.0
  19550   60.0333   10.4500     406.0
  19600   59.9113   10.4630     117.0
  19610   59.9150   10.4650      81.0
  19650   60.0167   10.3667     440.0
  19700   59.8333   10.4500     104.0
  19710   59.8562   10.4370     163.0
  19720   59.8333   10.4333     112.0
  19740   59.8000   10.3833     373.0
  19750   59.8000   10.3833     180.0
  19800   59.7500   10.3800     140.0
  19820   59.6278   10.5663     350.0
  19840   59.6200   10.4700     180.0
  19850   59.5733   10.4920     122.0
  19900   59.6333   10.4667     150.0
  19930   59.8680   10.0562     375.0
  19940   59.7800   10.2500      35.0
  19950   59.9000   10.3000     114.0
  20120   60.1167   10.4000     442.0
  20240   60.1000   10.3000      80.0
  20250   60.1090   10.2968      66.0
  20260   60.0800   10.2000     160.0
  20290   60.1700   10.2500      90.0
  20300   60.1500   10.2478     140.0
  20330   60.2300   10.4000     150.0
  20360   60.2000   10.3167     192.0
  20500   60.3000   10.6200     250.0
  20520   60.2943   10.5803     372.0
  20540   60.3700   10.5800     210.0
  20560   60.4000   10.5700     240.0
  20610   60.4200   10.5200     190.0
  20640   60.4333   10.4833     137.0
  20740   60.4153   10.3795     142.0
  20760   60.4553   10.3645     516.0
  20880   60.3833   10.5500     493.0
  21120   60.7167   10.3667     400.0
  21240   60.7833   10.2000     159.0
  21360   60.8008   10.1173     156.0
  21410   60.8333   10.1000     153.0
  21520   60.8667    9.6333     631.0
  21630   60.8833    9.6833     273.0
  21640   60.8833    9.6833     390.0
  21670   60.9333   10.1167     485.0
  21680   60.9367   10.0382     542.0
  21690   60.9333   10.0333     550.0
  21720   61.1667    9.9667     816.0
  21760   61.0000    9.9500     615.0
  21770   60.9978    9.5683     526.0
  21780   61.0000    9.9333     660.0
  21860   60.9978    9.5683     486.0
  21870   61.0000    9.5667     489.0
  21880   61.0333    9.5167     679.0
  22120   60.1667   10.2500      90.0
  22150   60.2083   10.2420     134.0
  22240   60.3333   10.1333     160.0
  22360   60.3517   10.0897     157.0
  22480   60.4500   10.0667     166.0
  22600   60.5500   10.0167     167.0
  22610   60.5615    9.9888     160.0
  22720   60.6167    9.7167     503.0
  22730   60.6197    9.7260     474.0
  22790   60.6657    9.7492     172.0
  22810   60.8200    9.5500     225.0
  22840   60.8352    9.4933     628.0
  22950   60.9230    9.4185     452.0
  22951   60.9167    9.4232     433.0
  23080   60.9500    9.3000     607.0
  23160   60.9183    9.2902     639.0
  23240   60.8333    9.1333     847.0
  23320   60.8333    9.0167     835.0
  23390   60.8847    8.8313     890.0
  23400   60.8830    8.8333     861.0
  23410   61.0000    9.3000     822.0
  23420   60.9867    9.2367     365.0
  23480   61.1000    9.1167     543.0
  23500   61.1167    9.0667     525.0
  23540   61.2333    8.9333     822.0
  23560   61.2440    8.8575     754.0
  23600   61.0387    9.0463     365.0
  23610   61.0417    9.0243     425.0
  23630   61.0833    8.9833     406.0
  23640   61.0833    8.9833     403.0
  23650   61.0800    8.9800     400.0
  23720   61.1260    8.5820     477.0
  23800   61.1977    8.3822     517.0
  23820   61.2167    8.3333     564.0
  23850   61.2008    8.2180     864.0
  23870   61.1933    8.2400     910.0
  23900   61.1833    8.1667     974.0
  24100   60.1393   10.1770      77.0
  24130   60.2667   10.2167     180.0
  24190   60.2333    9.9167     143.0
  24200   60.2333    9.9333     143.0
  24210   60.2383    9.9262     140.0
  24300   60.0833   10.1167      83.0
  24400   59.9667    9.9667     135.0
  24500   60.0333    9.8833     177.0
  24600   60.1377    9.5970     367.0
  24650   60.1800    9.6000     145.0
  24680   60.3333    9.6500     150.0
  24740   60.3833    9.6167     220.0
  24770   60.3897    9.5730     149.0
  24800   60.4300    9.4700     150.0
  24830   60.5500    9.1667     369.0
  24850   60.5833    9.1000     163.0
  24860   60.5667    9.1000     164.0
  24870   60.5667    9.1333     165.0
  24880   60.5685    9.1220     167.0
  24950   60.7167    8.9500     245.0
  24960   60.7175    8.9488     542.0
  25080   60.8667    8.5667     608.0
  25090   60.8800    8.5800     610.0
  25100   60.8710    8.5323     648.0
  25120   60.8810    8.4837     658.0
  25160   60.9333    8.2000    1026.0
  25240   60.6833    8.3083     800.0
  25260   60.6795    8.2793     863.0
  25290   60.6500    8.5700     450.0
  25300   60.6333    8.5667     464.0
  25310   60.6333    8.5667     464.0
  25320   60.6387    8.5660     706.0
  25380   60.6167    8.2833     540.0
  25390   60.6000    8.1833    1179.0
  25460   60.6667    8.0333     810.0
  25540   60.6783    8.0112     969.0
  25590   60.5173    8.2015     810.0
  25600   60.5333    8.2167     794.0
  25610   60.5333    8.2167     768.0
  25640   60.5317    8.1615     841.0
  25680   60.4667    8.1000      50.0
  25720   60.5167    7.8333     996.0
  25730   60.5167    7.8667     988.0
  25790   60.6000    7.8167    1358.0
  25800   60.4667    7.7500    1195.0
  25820   60.5833    7.5000    1587.0
  25830   60.5925    7.5305    1210.0
  25840   60.6003    7.5010    1224.0
  25850   60.6000    7.5333    1224.0
  25860   60.6000    7.5000    1219.0
  25880   60.6333    7.4667    1373.0
  25900   60.6167    7.4167    1300.0
  25950   60.6167    7.3833    1303.0
  26050   59.6833    9.9500      60.0
  26080   59.9167    9.8833      89.0
  26160   59.9125    9.8755     116.0
  26220   60.0500    9.6000     125.0
  26240   60.0122    9.5100     402.0
  26320   60.0333    9.4000     486.0
  26370   60.2500    9.3500     271.0
  26380   60.2472    9.3460     293.0
  26400   60.2667    9.2833     463.0
  26480   59.8833    9.9000      58.0
  26560   59.8833    9.8333      85.0
  26620   59.7333    9.8667      28.0
  26670   59.6255    9.9545      21.0
  26680   59.6167    9.9333     416.0
  26740   59.6000   10.0333     130.0
  26760   59.5300   10.0800      80.0
  26820   59.7700    9.9200      20.0
  26860   59.7500   10.1667      61.0
  26890   59.7372   10.2020       3.0
  26920   59.7167   10.1833     214.0
  26950   59.6100   10.4000      10.0
  26990   59.6190   10.2155      60.0
  26999   59.6668   10.2385      76.0
  27050   59.5627   10.2138      78.0
  27060   59.5800   10.2000      10.0
  27070   59.4915   10.2960      78.0
  27080   59.4833   10.3333       1.0
  27090   59.5000   10.3200      10.0
  27110   59.4200   10.3200      85.0
  27140   59.4158   10.4413      12.0
  27150   59.4167   10.4667      15.0
  27160   59.4300   10.4800      15.0
  27200   59.3833   10.5333      10.0
  27230   59.3167   10.5167      31.0
  27240   59.3167   10.5167       3.0
  27260   59.2700   10.4200      10.0
  27290   59.3700   10.2700     100.0
  27300   59.3573   10.2478      44.0
  27310   59.3500   10.2500      34.0
  27350   59.2333   10.2833      76.0
  27390   59.2300   10.4200      20.0
  27400   59.2500   10.4500      19.0
  27410   59.1578   10.4402      43.0
  27420   59.1200   10.3500      25.0
  27430   59.1167   10.3667      11.0
  27440   59.2500   10.2800      10.0
  27450   59.2300   10.3483      26.0
  27470   59.2000   10.2667      90.0
  27490   59.0833   10.4667       8.0
  27500   59.0267   10.5300       6.0
  27560   59.1428   10.2323      43.0
  27564   59.1505   10.2025      72.0
  27580   59.1238   10.2535      70.0
  27600   59.1327   10.2163       6.0
  27700   59.1500   10.2000      68.0
  27720   59.1185   10.2008      34.0
  27750   59.3000   10.1700      60.0
  27770   59.2833   10.2000      90.0
  27775   59.0300   10.1800      20.0
  27780   59.0500   10.1000      25.0
  27790   59.1200   10.0700      15.0
  27800   59.1957    9.9682      31.0
  27850   59.1800    9.9800      40.0
  27900   59.4333    9.9833      99.0
  27910   59.4333    9.9833      37.0
  27920   59.4173    9.9438     121.0
  28120   59.5333    9.9500     430.0
  28240   59.5833    9.7833      81.0
  28340   59.6167    9.6333     151.0
  28350   59.6667    9.5833     600.0
  28360   59.6667    9.6500     171.0
  28370   59.6630    9.6500     168.0
  28420   59.6833    9.5000     717.0
  28560   59.7667    9.5833     176.0
  28680   59.8333    9.5667     235.0
  28700   59.8300    9.5900     185.0
  28800   59.9087    9.5235     288.0
  28900   59.9800    9.3000     220.0
  28920   60.0518    9.1542     243.0
  29150   60.2167    9.0167     274.0
  29230   60.2672    8.9647     378.0
  29280   60.2700    8.9700     380.0
  29300   60.2667    8.8000     495.0
  29310   60.2682    8.7798     486.0
  29350   60.2550    8.7057     648.0
  29450   60.3167    8.9333     737.0
  29600   60.4637    8.7525     870.0
  29720   60.4167    8.5167     798.0
  29770   60.4167    8.4500     871.0
  29790   60.4173    8.4530     828.0
  29800   60.4167    8.4333     887.0
  30000   59.0530   10.0272      28.0
  30010   59.0500   10.0300      30.0
  30070   59.3167    9.6500     129.0
  30100   59.2800    9.7300     100.0
  30150   59.4000    9.7000     415.0
  30220   59.4172    9.7040     430.0
  30230   59.0135   10.0342       5.0
  30240   59.9950   10.0340      16.0
  30241   58.9700    9.8700      20.0
  30245   59.0000    9.8700      10.0
  30248   59.0500    9.7000      10.0
  30250   59.1167    9.7000      39.0
  30260   59.1387    9.6500      12.0
  30261   59.1300    9.6500      20.0
  30270   59.1410    9.6780      10.0
  30290   59.2000    9.6000      24.0
  30300   59.2000    9.6000      28.0
  30301   59.2200    9.6200      25.0
  30302   59.2200    9.6200      30.0
  30310   59.1905    9.5983      22.0
  30320   59.1992    9.5895      13.0
  30370   59.4470    9.5385     460.0
  30420   59.1833    9.5667     136.0
  30430   59.1833    9.5385      70.0
  30450   59.2167    9.5167      29.0
  30510   59.5800    9.2700      25.0
  30520   59.5667    9.2500      18.0
  30530   59.5500    9.2642      34.0
  30570   59.5815    9.2597      96.0
  30600   59.6000    9.2833     117.0
  30610   59.6000    9.2833     127.0
  30650   59.5667    9.2167      20.0
  30700   59.7333    9.2667     401.0
  30800   59.7333    9.0167     200.0
  30810   59.7235    9.0258     191.0
  30860   59.8867    9.0590     514.0
  30870   59.8003    8.9853     397.0
  30880   59.8167    8.9833     440.0
  30950   59.9167    8.9500     624.0
  31050   60.0000    8.8500     415.0
  31080   60.1293    8.7033     762.0
  31100   60.1333    8.6667     775.0
  31150   60.0667    8.3667    1101.0
  31200   60.0873    8.2847    1110.0
  31250   59.9953    8.3777    1085.0
  31300   59.9667    8.6833     573.0
  31410   59.8792    8.5763     300.0
  31411   59.8800    8.5800     320.0
  31420   59.8667    8.4500     872.0
  31500   59.8255    8.3458     870.0
  31501   59.8300    8.3500     870.0
  31520   59.8333    8.3167     953.0
  31570   59.8150    8.1363     946.0
  31580   59.8167    8.1000     920.0
  31600   59.8672    8.0842     960.0
  31610   59.8500    8.0667     948.0
  31620   59.8403    8.1807     977.0
  31660   60.0182    7.9147     954.0
  31661   60.0200    7.9100     954.0
  31670   60.0333    7.8833     950.0
  31800   59.6167    8.9500      78.0
  31850   59.6033    8.7133     162.0
  31852   59.6200    8.9200      95.0
  31900   59.7453    8.8100     464.0
  31940   59.7903    8.6950     686.0
  31970   59.8500    8.6667    1828.0
  32060   59.3833    9.2013      93.0
  32080   59.3868    9.2020      71.0
  32100   59.3833    9.1833      26.0
  32200   59.4550    9.0372     354.0
  32240   59.4200    9.0800     100.0
  32250   59.4167    8.9000     106.0
  32300   59.5000    8.6333     122.0
  32301   59.5000    8.6300     125.0
  32310   59.4928    8.6322     130.0
  32320   59.5193    8.6458     162.0
  32350   59.6478    8.3768     567.0
  32400   59.5667    8.5500     179.0
  32410   59.5500    8.4167     594.0
  32420   59.5500    8.4167     614.0
  32430   59.5500    8.4167     655.0
  32500   59.2833    9.2667      92.0
  32550   59.2833    9.2833      75.0
  32650   59.2167    9.1667     178.0
  32780   59.1443    9.2672     113.0
  32840   59.4200    8.4800     100.0
  32850   59.4063    8.4755      77.0
  32900   59.4987    8.2007     573.0
  32920   59.5742    8.2043     715.0
  32930   59.6285    8.2593     803.0
  33040   59.4457    8.0147      75.0
  33050   59.4500    7.9667     102.0
  33060   59.4500    8.0000      77.0
  33150   59.4912    7.7893     744.0
  33250   59.7047    8.0365     715.0
  33310   59.7667    7.7333     688.0
  33330   59.7833    7.6500     873.0
  33370   59.8167    7.5833     940.0
  33400   59.8667    7.5167     987.0
  33420   59.6997    7.8717     690.0
  33421   59.6842    7.8817     782.0
  33440   59.5700    7.9800     470.0
  33450   59.5667    7.9667     551.0
  33550   59.5167    7.8167     473.0
  33560   59.6278    7.8100     471.0
  33750   59.7167    7.7667     553.0
  33820   59.8167    7.4167     902.0
  33890   59.7662    7.3653     822.0
  33900   59.7667    7.3667     821.0
  33910   59.7653    7.3683     840.0
  33960   59.8170    7.2117    1019.0
  33970   59.8333    7.1833     991.0
  34040   59.0500    9.5167     100.0
  34080   58.9833    9.7667       6.0
  34090   59.0000    9.7500      20.0
  34120   58.8653    9.5975      12.0
  34130   58.8563    9.5525       5.0
  34180   58.9000    9.3667      62.0
  34190   58.8700    9.4000      10.0
  34200   58.8667    9.8667      19.0
  34300   58.9000    9.3333      25.0
  34400   58.9668    9.3137      48.0
  34500   59.0000    9.2167      67.0
  34600   59.0980    9.0713      82.0
  34700   59.1000    8.8333     212.0
  34790   59.1482    8.7940     162.0
  34800   59.1490    8.7755     235.0
  34810   59.1667    8.7333     498.0
  34900   59.2647    8.7750     464.0
  35080   58.8000    9.1167      46.0
  35090   58.8045    9.0992      42.0
  35180   58.8833    8.9667     243.0
  35190   58.8800    9.0200      60.0
  35200   58.8860    8.9492     240.0
  35340   58.7190    9.2112      36.0
  35345   58.7200    9.2200      10.0
  35350   58.7167    9.2333      20.0
  35400   58.6500    8.9500       7.0
  35450   58.6833    8.8167      89.0
  35580   58.7333    8.8500     181.0
  35581   58.7500    8.8500     180.0
  35590   58.7617    8.8670     170.0
  35700   58.7667    8.7000     225.0
  35850   58.6333    9.1167       2.0
  35860   58.6335    9.1503       4.0
  35950   58.6167    8.9333      31.0
  35951   58.6300    8.9500      10.0
  35980   58.5333    8.9833      22.0
  35990   58.5500    8.8167      42.0
  36000   58.5675    8.8223      51.0
  36050   58.4667    8.7667      25.0
  36051   58.4700    8.7700      10.0
  36060   58.4672    8.7607      44.0
  36100   58.4833    8.7500      40.0
  36120   58.5000    8.6500      60.0
  36150   58.4333    8.8000      10.0
  36200   58.3833    8.7918      12.0
  36250   58.4000    8.5167      46.0
  36300   58.4697    8.6157      42.0
  36350   58.5500    8.6833      54.0
  36490   58.5967    8.7187      63.0
  36500   58.6333    8.6833     130.0
  36560   58.6582    8.6313     142.0
  36580   58.6667    8.6167     147.0
  36600   58.6667    8.6000     160.0
  36650   58.7000    8.6000     142.0
  36700   58.7667    8.4833     149.0
  36710   58.7600    8.4800     175.0
  36750   58.8667    8.3333     389.0
  36880   58.9433    8.2030     310.0
  36900   58.9667    8.1833     482.0
  36970   59.0593    7.9843     599.0
  37040   58.8438    8.6610     227.0
  37090   58.9517    8.5192     164.0
  37170   59.0167    8.5500     347.0
  37220   59.0167    8.5333     253.0
  37230   59.0272    8.5207     252.0
  37300   59.1610    8.3992     344.0
  37320   59.1667    8.4667     273.0
  37400   59.3167    8.5000     407.0
  37450   59.3185    8.4317     257.0
  37500   59.3248    8.1543     532.0
  37530   59.3667    8.0500     400.0
  37560   59.3833    7.8333     740.0
  37570   59.3793    7.8298     740.0
  37650   59.0100    8.2755     287.0
  37660   59.0167    8.2667     297.0
  37750   59.1703    8.0387     315.0
  37760   59.1800    8.0800     290.0
  37800   59.1820    8.1177     499.0
  37820   59.2000    8.0833     300.0
  37850   59.2500    8.0167     493.0
  37880   59.2000    7.7500     670.0
  37940   59.3000    8.1167     445.0
  37960   59.3167    7.9167     580.0
  37970   59.3167    7.9167     643.0
  38100   58.3500    8.5833      11.0
  38110   58.3333    8.6000       7.0
  38130   58.3383    8.5833      15.0
  38140   58.3333    8.5167       6.0
  38170   58.2300    8.3800      10.0
  38200   58.2500    8.3667      42.0
  38300   58.3000    8.1833      27.0
  38310   58.3000    8.1833      28.0
  38320   58.3300    8.2300      50.0
  38350   58.4500    8.1167     203.0
  38380   58.5227    8.0413     259.0
  38420   58.4248    8.3002      66.0
  38421   58.4213    8.2893      67.0
  38450   58.5172    8.3535      85.0
  38600   58.6333    8.2830     245.0
  38750   58.6167    8.4000     163.0
  38800   58.7930    8.2343     227.0
  39040   58.2002    8.0682      12.0
  39100   58.0670    8.0508       9.0
  39150   58.1505    8.0527       6.0
  39170   58.1667    7.9833      22.0
  39220   58.2153    7.8908     151.0
  39250   58.2833    7.9667      40.0
  39260   58.2803    7.9778      40.0
  39280   58.3167    7.9500      57.0
  39300   58.3667    8.0667     225.0
  39340   58.4000    7.9167     140.0
  39350   58.4667    7.9167     240.0
  39351   58.4500    7.9200     215.0
  39500   58.4167    7.7667     174.0
  39550   58.5175    7.7362     190.0
  39590   58.5800    7.8200     190.0
  39600   58.6000    7.8500     324.0
  39690   58.6672    7.8010     212.0
  39700   58.6667    7.8000     207.0
  39710   58.6667    7.8167     206.0
  39730   58.6667    7.8000     207.0
  39840   58.9580    7.6842     207.0
  39850   58.9667    7.6833     240.0
  39900   58.1500    7.8200      20.0
  39950   58.1000    7.8300      15.0
  40100   59.1000    7.5333     280.0
  40140   59.1000    7.5000     443.0
  40200   59.1248    7.5103     275.0
  40250   59.2000    7.5333     306.0
  40270   59.2382    7.5467     364.0
  40271   59.2385    7.5385     350.0
  40400   59.3500    7.3333     613.0
  40410   59.3667    7.3333     658.0
  40420   59.3517    7.3468     599.0
  40480   59.3500    6.9833    1105.0
  40481   59.3500    6.9833    1060.0
  40490   59.3348    6.8778    1105.0
  40500   59.3728    6.9000    1057.0
  40550   59.4667    7.2333     746.0
  40700   59.5667    7.3000     826.0
  40850   59.5500    7.3667     765.0
  40880   59.5833    7.3833     836.0
  40900   59.6415    7.4433     927.0
  41010   58.0140    7.6087      10.0
  41030   58.0000    7.5333       6.0
  41100   58.0333    7.4500       6.0
  41110   58.0477    7.4463     138.0
  41160   58.1667    7.5500      18.0
  41170   58.1813    7.5500      30.0
  41175   58.2200    7.5200      40.0
  41180   58.2458    7.5147      45.0
  41200   58.3180    7.5938     275.0
  41250   58.3667    7.4500     364.0
  41350   58.3500    7.5333      80.0
  41370   58.3935    7.5248     110.0
  41450   58.5560    7.3782     263.0
  41480   58.6148    7.4085     278.0
  41490   58.6167    7.4167     286.0
  41550   58.7880    7.3522     504.0
  41560   58.7833    7.3500     547.0
  41640   58.2222    7.3373      38.0
  41660   58.2500    7.3167     260.0
  41670   58.2670    7.3807     263.0
  41680   58.2685    7.3145     320.0
  41720   58.4333    7.3833     125.0
  41740   58.0800    7.3000      10.0
  41750   58.0000    7.1000       4.0
  41760   57.9833    7.0500      37.0
  41770   57.9833    7.0483      13.0
  41820   58.1337    7.0488       4.0
  41825   58.1300    7.0700       5.0
  41830   58.1333    7.0667       5.0
  41850   58.4613    7.2293     185.0
  41860   58.2435    6.9827     317.0
  41870   58.2652    7.0252     249.0
  41880   58.3000    7.0500     343.0
  41930   58.5000    7.1833     200.0
  41950   58.5000    7.1667     193.0
  42010   58.1000    6.8000      25.0
  42080   58.1000    6.6833      11.0
  42140   58.1003    6.6178      10.0
  42160   58.1100    6.5683      14.0
  42161   58.1167    6.5667      14.0
  42240   58.2500    6.8000       1.0
  42250   58.2818    6.8183      26.0
  42280   58.2833    6.9000       2.0
  42285   58.3200    6.9700       5.0
  42320   58.3167    6.9500      34.0
  42350   58.4577    7.0087     236.0
  42400   58.3667    6.9500      85.0
  42480   58.4667    6.9333     177.0
  42520   58.6577    6.9465     348.0
  42550   58.7667    7.0167     650.0
  42580   58.8833    7.0500     713.0
  42600   59.0267    7.0833     840.0
  42640   58.3000    6.6500       4.0
  42650   58.2847    6.6520       5.0
  42690   58.3167    6.6667      16.0
  42720   58.4117    6.6580      75.0
  42780   58.7168    6.6328     444.0
  42790   58.6590    6.7032      54.0
  42800   58.6667    6.7000      57.0
  42810   58.6643    6.7108      55.0
  42880   58.8333    6.7167     455.0
  42890   58.8215    6.7153     474.0
  42920   58.8875    6.8485     500.0
  42950   58.9463    6.9193     582.0
  42960   59.0333    6.9167     609.0
  42970   58.9667    6.9333     568.0
  43000   59.1193    6.8938     760.0
  43005   58.4600    6.5600      60.0
  43010   58.5008    6.5008      65.0
  43020   58.5397    6.4742     160.0
  43090   58.3252    6.3598     136.0
  43180   58.3167    6.2833       8.0
  43210   58.3500    6.3000      15.0
  43270   58.4167    5.9833      17.0
  43340   58.4338    5.9000      63.0
  43360   58.4527    6.0030       4.0
  43370   58.4500    6.0000      25.0
  43450   58.5365    6.1652      94.0
  43500   58.5470    6.3545     196.0
  43540   58.6778    6.3548      70.0
  43630   58.7000    6.2000     195.0
  43720   58.7333    6.1667     250.0
  43750   58.6300    6.0800      80.0
  43810   58.7662    6.3698     311.0
  43900   58.5500    5.6667       7.0
  43970   58.6167    5.6667      53.0
  43971   58.6200    5.6500      55.0
  44080   58.6592    5.5553      24.0
  44081   58.6500    5.5667      26.0
  44150   58.6807    5.6112      10.0
  44160   58.6955    5.6437      19.0
  44170   58.7300    5.6500      25.0
  44190   58.7360    5.7402     135.0
  44240   58.6462    5.8110     254.0
  44250   58.6463    5.7995     275.0
  44290   58.7603    5.6337      55.0
  44300   58.7833    5.6833      80.0
  44320   58.8000    5.6333      14.0
  44340   58.7808    5.6873      27.0
  44390   58.8500    5.6700     120.0
  44400   58.7667    5.8500     110.0
  44430   58.7500    5.9000     155.0
  44480   58.6842    5.9847     263.0
  44520   58.7558    6.0148     280.0
  44550   58.8667    5.6667      33.0
  44560   58.8843    5.6370       7.0
  44565   59.0000    5.6200      20.0
  44568   59.0700    5.4000       5.0
  44580   58.9482    5.6697      15.0
  44600   59.1332    5.6058      19.0
  44620   58.9875    5.6847      30.0
  44640   58.9500    5.7333      72.0
  44660   59.9987    5.7193       5.0
  44720   58.8333    5.6333      30.0
  44730   58.8662    5.7622      19.0
  44740   58.8700    5.7300      25.0
  44760   58.9055    5.9672       2.0
  44800   58.8185    5.9202     230.0
  44880   58.8333    6.1000      65.0
  44890   58.8333    6.1000      41.0
  44900   58.8308    6.0567      44.0
  44960   58.7768    6.0860     297.0
  45010   58.9000    6.0100      35.0
  45050   58.9667    6.1833       5.0
  45200   59.0153    6.4323       4.0
  45350   59.0568    6.6493       9.0
  45490   59.0300    6.1000      25.0
  45500   59.0500    6.1333     305.0
  45510   59.0500    6.1333     308.0
  45580   59.0500    5.9200      25.0
  45600   59.0775    6.0200      64.0
  45700   59.1167    6.3167     298.0
  45780   59.2500    6.1800      10.0
  45800   59.2167    6.4000     320.0
  45850   59.1700    5.8700      10.0
  45880   59.1667    6.0527      50.0
  45900   59.1767    6.0683       1.0
  46020   59.3667    6.4833      85.0
  46021   59.3667    6.4833      64.0
  46030   59.3667    6.4333     382.0
  46040   59.3833    6.4500     382.0
  46050   59.3805    6.5248     200.0
  46060   59.4333    6.5833     630.0
  46070   59.4000    6.5500     605.0
  46080   59.4000    6.8667    1092.0
  46081   59.4000    6.8667    1078.0
  46140   59.4833    6.2500       2.0
  46150   59.4787    6.2783      25.0
  46200   59.4617    6.4170      58.0
  46250   59.5000    6.4833      81.0
  46260   59.4833    6.5000      75.0
  46300   59.5887    6.8090     333.0
  46350   59.6500    6.9167     219.0
  46380   59.6700    6.9700     650.0
  46381   59.6700    6.9700     650.0
  46390   59.7100    7.1500    1130.0
  46391   59.7100    7.1500    1130.0
  46400   59.6497    6.8203      72.0
  46450   59.8310    6.8257     393.0
  46460   59.8223    6.8188     390.0
  46500   59.8500    6.9500    1048.0
  46510   59.8338    6.9915    1079.0
  46530   59.9700    6.9700     930.0
  46531   59.9700    6.9700     930.0
  46570   59.5500    6.3667      15.0
  46600   59.6167    6.3667      20.0
  46610   59.6487    6.3633       5.0
  46700   59.6863    6.5200     255.0
  46845   59.5000    5.9100      50.0
  46850   59.5558    5.9955     159.0
  46910   59.4840    5.7507      64.0
  47020   59.3450    5.7973      10.0
  47050   59.2700    5.5500      10.0
  47065   59.4200    5.4300      25.0
  47070   59.2300    5.4500      20.0
  47090   59.5033    5.6257       5.0
  47100   59.5000    5.6000      20.0
  47110   59.5000    5.6000      20.0
  47120   59.5000    5.6000      11.0
  47190   59.1500    5.2667       2.0
  47200   59.1490    5.2495       2.0
  47210   59.1463    5.2500      10.0
  47240   59.2693    5.2632      19.0
  47250   59.2800    5.3200      20.0
  47260   59.3500    5.2167      24.0
  47270   59.3203    5.3210       8.0
  47290   59.3000    4.8833       9.0
  47300   59.3077    4.8783      55.0
  47390   59.3968    5.2947      25.0
  47400   59.4333    5.3167      82.0
  47410   59.4500    5.3300      25.0
  47430   59.5500    5.3500      30.0
  47450   59.6538    5.4352      37.0
  47490   59.6040    5.8420      69.0
  47491   59.6000    5.8000      20.0
  47500   59.6650    5.9652      35.0
  47501   59.6700    5.9300       5.0
  47600   59.6633    6.0652      83.0
  47610   59.6342    6.0878     558.0
  47700   59.8167    6.2500     135.0
  47750   59.9102    6.5098     395.0
  47800   59.8833    6.3833      97.0
  47820   59.8580    6.2825     178.0
  47890   59.8567    6.0188      38.0
  47900   59.8500    6.0000      24.0
  48050   59.7310    5.2402      23.0
  48060   59.8000    5.1800      10.0
  48080   59.7833    5.4167      30.0
  48090   59.7927    5.4318      35.0
  48100   59.7800    5.5000      25.0
  48120   59.8000    5.3333      49.0
  48160   59.8913    5.5288       4.0
  48250   59.9167    5.3163      24.0
  48260   59.9167    5.3167      20.0
  48300   59.9000    5.1000       8.0
  48330   59.9083    5.0733      15.0
  48390   59.8425    5.7695      60.0
  48450   59.8648    5.7728      13.0
  48500   59.9910    6.0278      54.0
  48510   59.9800    6.0000       5.0
  48580   59.9667    6.0667     166.0
  48750   60.1167    6.2833      37.0
  48780   60.1322    6.3305      33.0
  48900   60.0833    6.3500    1366.0
  48950   60.2000    6.1167      21.0
  49040   60.2800    6.2500      10.0
  49050   60.2833    6.3167      95.0
  49070   60.2797    6.3823     342.0
  49100   60.4333    6.5667       7.0
  49200   60.0500    6.5500      91.0
  49220   60.0700    6.5500      25.0
  49250   59.9333    6.5833     345.0
  49300   59.9667    6.7167     568.0
  49350   60.1198    6.5608      32.0
  49351   60.1198    6.5608      32.0
  49380   60.1333    6.6333     417.0
  49390   60.1167    6.6257     417.0
  49420   60.1333    6.6333     471.0
  49450   60.1412    6.6348     860.0
  49460   60.1715    6.6827    1088.0
  49490   60.3167    6.6500      12.0
  49500   60.3167    6.6667      55.0
  49510   60.3333    6.6667      72.0
  49520   60.3167    6.6667      30.0
  49540   60.3800    6.7300      10.0
  49550   60.3725    6.7382     108.0
  49580   60.4672    6.8605     165.0
  49600   60.4667    7.0667      33.0
  49630   60.4668    7.0723       5.0
  49700   60.3500    7.1500     876.0
  49750   60.4235    7.2757     748.0
  49760   60.4167    7.2833     713.0
  49800   60.4000    7.2833     735.0
  49850   60.4167    7.3333     778.0
  49870   60.5000    7.1473       3.0
  49900   60.9500    6.9500     250.0
  49901   60.5700    6.9200      10.0
  49910   60.5667    6.9333      60.0
  49935   60.5900    6.7200      10.0
  49940   60.5918    6.8050     352.0
  50050   60.4325    6.4210      18.0
  50060   60.4500    6.4167     886.0
  50080   60.3790    6.1927     108.0
  50090   60.3833    6.1833      68.0
  50100   60.3667    6.2000      20.0
  50105   60.3700    6.1300      20.0
  50120   60.2675    6.0337      16.0
  50130   60.2170    5.9837       2.0
  50150   60.0422    5.9057      45.0
  50170   60.0000    5.5000      10.0
  50180   60.0800    5.2300      10.0
  50200   60.1667    5.6667      15.0
  50230   60.2500    5.7500      20.0
  50240   60.3800    5.7500      30.0
  50250   60.3690    5.7473      41.0
  50300   60.3933    5.9133     408.0
  50350   60.4640    5.8938     370.0
  50351   60.4640    5.8938     367.0
  50380   60.1800    5.4700      10.0
  50400   60.2333    5.4500      55.0
  50420   60.3500    5.5333     435.0
  50450   60.2733    5.3315      54.0
  50460   60.2600    5.3533      48.0
  50480   60.2918    5.2798      45.0
  50490   60.2918    5.2798      45.0
  50500   60.2900    5.2333      48.0
  50510   60.2500    5.1000      20.0
  50520   60.3500    5.1200      10.0
  50540   60.3833    5.3337      12.0
  50560   60.4000    5.3167      41.0
  50600   60.4000    5.4000     180.0
  50650   60.4000    5.4000     300.0
  50700   60.4167    5.3667     560.0
  50750   60.4000    5.4000     300.0
  50800   60.4000    5.3833     283.0
  50860   60.3857    5.5237     410.0
  50900   60.4333    5.6500     366.0
  50930   60.4500    5.5167      10.0
  50950   60.5000    5.5500      60.0
  50960   60.5300    5.5000      20.0
  51040   60.5833    5.8000      66.0
  51090   60.5800    5.8300      50.0
  51100   60.5808    5.8923     405.0
  51130   60.5540    6.0255     514.0
  51150   60.5333    6.0500     547.0
  51160   60.5333    6.0500     540.0
  51190   60.5167    6.0833     585.0
  51250   60.6887    5.9647     316.0
  51320   60.6833    6.1167     459.0
  51400   60.7365    6.1438     202.0
  51470   60.6460    6.2235     323.0
  51480   60.6000    6.2000     492.0
  51550   60.6333    6.4167      56.0
  51560   60.6333    6.4333      61.0
  51570   60.6333    6.4333      66.0
  51580   60.6333    6.4500     121.0
  51590   60.6450    6.4950     125.0
  51600   60.6310    6.4465     100.0
  51650   60.6833    6.7500     630.0
  51660   60.6833    6.7500     573.0
  51670   60.6850    6.7433     590.0
  51750   60.7000    6.9333     700.0
  51800   60.7037    6.9448     695.0
  51850   60.7333    7.0167     851.0
  51950   60.8000    6.5833     324.0
  52020   60.7833    5.9500     300.0
  52070   60.7833    6.0333     280.0
  52110   60.7992    6.0660     456.0
  52120   60.8000    6.0667     501.0
  52170   60.8027    6.1502     450.0
  52220   60.8288    6.2500     579.0
  52290   60.8410    5.9533     114.0
  52300   60.8333    5.9333     104.0
  52380   60.6333    5.4833       7.0
  52400   60.6230    5.3808      72.0
  52410   60.5500    5.2700      25.0
  52430   60.6000    5.0667      24.0
  52440   60.6055    5.0590      27.0
  52450   60.5200    5.2500      20.0
  52460   60.4200    5.2500      20.0
  52477   60.5500    4.8300      10.0
  52478   60.6000    4.8500      20.0
  52480   60.6167    4.8333      17.0
  52500   60.6300    5.0500      20.0
  52530   60.7527    4.7122      20.0
  52535   60.7800    4.7200      20.0
  52550   60.7800    4.9300       5.0
  52580   60.8000    5.3000      20.0
  52600   60.8248    5.5732     196.0
  52640   60.8740    5.5937       7.0
  52650   60.8833    5.5833      18.0
  52700   60.9167    5.6333     357.0
  52720   60.9667    5.7000     530.0
  52740   60.9667    5.7000     478.0
  52750   60.8480    5.2173      13.0
  52800   60.9000    4.8500       7.0
  52820   60.9800    5.0800      20.0
  52860   61.0267    5.3850      38.0
  52930   60.9593    5.4268     240.0
  52970   61.0662    5.9073       4.0
  52990   61.1087    6.1395       4.0
  53050   61.0833    6.5833       2.0
  53055   61.0800    6.5800      20.0
  53060   61.0833    6.5833      12.0
  53070   61.0730    6.5843      65.0
  53080   61.0797    6.5840      30.0
  53100   61.1725    6.6455      51.0
  53101   61.1712    6.6470      51.0
  53130   61.0695    6.9362      32.0
  53160   60.9007    6.7275     614.0
  53180   60.7938    6.6928     460.0
  53260   60.9518    7.1067      10.0
  53300   60.7500    7.1167     483.0
  53350   60.7500    7.1333     760.0
  53380   60.7333    7.1167     870.0
  53390   60.7333    7.1167     870.0
  53400   60.7333    7.1333     870.0
  53410   60.7352    7.1218     855.0
  53450   60.7333    7.0833    1130.0
  53500   60.6667    7.2500    1112.0
  53580   60.6333    7.3500    1300.0
  53690   60.9000    7.1800      10.0
  53700   60.9032    7.2018      15.0
  53730   60.8477    7.3115     647.0
  53750   60.8333    7.2833     810.0
  53800   60.8333    7.3500     657.0
  53900   60.8333    7.5167     793.0
  53950   60.7998    7.5675     973.0
  54100   61.1000    7.4833       3.0
  54120   61.0667    7.5167      24.0
  54130   61.0617    7.5167      36.0
  54200   61.0500    7.6167     107.0
  54300   61.0333    7.8167     364.0
  54320   61.0588    7.8197     407.0
  54400   61.0167    8.0500    1025.0
  54420   61.0067    8.0912    1124.0
  54430   60.9833    8.0833    1287.0
  54500   61.0742    7.9553     502.0
  54600   61.1093    8.0360     806.0
  54610   61.1333    8.0167     914.0
  54620   61.1500    7.9500    1170.0
  54630   61.1833    7.9500    1300.0
  54640   61.1667    8.0167     932.0
  54650   61.2000    8.0333    1095.0
  54660   61.1667    8.0500     932.0
  54670   61.1833    8.0833     945.0
  54680   61.2167    8.0833    1200.0
  54690   61.1500    8.1167    1235.0
  54700   61.1167    8.1667    1320.0
  54710   61.1833    8.1167     956.0
  54730   61.1833    8.1500    1012.0
  54750   61.2333    7.7000       2.0
  54760   61.2500    7.7200      10.0
  54780   61.3115    7.8183      28.0
  54800   61.2667    8.0500    1058.0
  54810   61.2800    8.1300    1085.0
  54811   61.2800    8.1300    1085.0
  54900   61.0037    7.0093     329.0
  55000   61.3005    7.3137       4.0
  55050   61.0038    7.0043       3.0
  55080   61.4000    7.4500     370.0
  55150   61.5000    7.7167      46.0
  55160   61.5000    7.7005      27.0
  55170   61.5050    7.7032      38.0
  55200   61.5000    7.8333    1191.0
  55230   61.5167    7.9000    2062.0
  55270   61.5623    7.8632    1014.0
  55290   61.5652    7.9982    1413.0
  55330   61.4200    7.4327     165.0
  55340   61.4182    7.4423       2.0
  55350   61.4333    7.4167     484.0
  55370   61.4063    7.2888       6.0
  55390   61.4738    7.2135     378.0
  55400   61.5245    7.2762      98.0
  55430   61.6417    7.2725     324.0
  55450   61.6667    7.3333     370.0
  55470   61.6833    7.2667    1350.0
  55500   61.3700    7.3408      25.0
  55550   61.2930    7.1910     246.0
  55610   61.3667    7.0667     490.0
  55670   61.4787    7.0350     172.0
  55680   61.4833    7.0000     172.0
  55700   61.1500    7.1333     497.0
  55701   61.1738    7.1215    1150.0
  55710   61.2300    7.1000      10.0
  55730   61.3343    6.9345     421.0
  55780   61.1833    6.8667      53.0
  55830   61.4333    6.7667       5.0
  55840   61.4383    6.7683      10.0
  55870   61.3333    6.5667      45.0
  55910   61.2000    6.5300      20.0
  55920   61.2167    6.5667      28.0
  55930   61.2040    6.5327      14.0
  56010   61.2178    6.0647       5.0
  56011   61.2172    6.0595      20.0
  56020   61.2200    6.0700      10.0
  56040   61.2333    6.1167      55.0
  56080   61.2333    6.2167     631.0
  56120   61.2310    6.0898     243.0
  56160   61.2167    6.0500     584.0
  56200   61.1667    5.9333      51.0
  56240   61.3000    5.8333     138.0
  56270   61.2000    5.8300      10.0
  56280   61.2163    5.7513     350.0
  56310   61.1200    5.5500      10.0
  56320   61.1122    5.5470      31.0
  56360   61.0833    4.9500       3.0
  56390   61.0800    4.8300      15.0
  56400   61.0047    4.6758       3.0
  56410   61.1700    5.3000      30.0
  56420   61.3000    5.0500      14.0
  56430   61.2900    5.0500      14.0
  56440   61.2833    4.6333       4.0
  56470   61.3000    4.6667       5.0
  56480   61.3097    4.7353      15.0
  56520   61.2345    5.4323      60.0
  56560   61.2467    5.5272      71.0
  56600   61.2500    5.6500     164.0
  56640   61.3667    5.4000       5.0
  56645   61.3700    5.4000      15.0
  56650   61.3540    5.4027      51.0
  56680   61.3167    5.5167     238.0
  56720   61.3667    5.6833       4.0
  56760   61.4000    5.8167     333.0
  56780   61.3435    5.7267      47.0
  56800   61.3280    5.7980      79.0
  56805   61.3300    5.8000      80.0
  56830   61.3333    5.9333     152.0
  56850   61.3267    6.1995     243.0
  56860   61.3180    6.2180     241.0
  56890   61.3500    6.3167     444.0
  56920   61.3500    6.1167     140.0
  56940   61.3500    6.1833     179.0
  56960   61.4225    6.3790     329.0
  57000   61.3833    5.7667     324.0
  57040   61.3500    5.0667       8.0
  57080   61.4333    5.1667       3.0
  57110   61.4327    5.2217     119.0
  57160   61.4667    5.8500       2.0
  57170   61.4500    5.8500       3.0
  57180   61.4667    5.8500      41.0
  57190   61.4505    5.8845      11.0
  57210   61.4333    5.9833      48.0
  57240   61.4167    6.0833     163.0
  57280   61.4333    6.1667     134.0
  57320   61.5000    6.0667     250.0
  57360   61.5000    6.1000     219.0
  57390   61.5760    6.4922     205.0
  57395   61.5700    6.4800     210.0
  57420   61.4648    5.9333      64.0
  57440   61.5000    5.9833     137.0
  57480   61.5362    6.0602     237.0
  57520   61.5167    5.7333       7.0
  57550   61.5200    5.7200      10.0
  57560   61.5667    5.9167     235.0
  57600   61.6000    5.9833     331.0
  57610   61.4923    5.4607      34.0
  57640   61.6315    5.7198     177.0
  57660   61.6415    5.8163     170.0
  57680   61.5888    5.4720      30.0
  57710   61.5833    5.0333       9.0
  57720   61.6000    5.0333       2.0
  57725   61.6200    5.0500      10.0
  57740   61.6167    5.1333      10.0
  57750   61.5667    4.8000      10.0
  57760   61.5667    4.8000       9.0
  57770   61.5717    4.6817      26.0
  57780   61.6927    5.5750     105.0
  57800   61.7667    5.2833      16.0
  57805   61.7700    5.3000      10.0
  57810   61.7708    5.2988       3.0
  57850   61.8928    5.5420      78.0
  57860   61.8833    5.5500       3.0
  57870   61.8833    5.5500      32.0
  57890   61.8833    5.6500      33.0
  57930   61.8333    5.6833      20.0
  57940   61.8320    5.6687      24.0
  57990   61.6598    5.9485     230.0
  58020   61.6667    6.0000     355.0
  58070   61.7878    6.1857      51.0
  58080   61.8000    6.1667      20.0
  58100   61.8333    6.1167      60.0
  58120   61.6038    6.5148     187.0
  58160   61.6167    6.5167     232.0
  58240   61.6167    6.7167     295.0
  58320   61.7135    6.6165     315.0
  58370   61.8000    6.5000       4.0
  58400   61.8503    6.6267      32.0
  58420   61.8667    6.7333       3.0
  58430   61.8600    6.7567      78.0
  58480   61.6945    6.8097      40.0
  58500   61.8667    6.8667      39.0
  58510   61.8500    6.9167      54.0
  58520   61.8167    6.9667      62.0
  58530   61.8667    6.8000      35.0
  58531   61.8667    6.8000       2.0
  58532   61.8667    6.8000      62.0
  58560   61.9167    6.7333       6.0
  58640   61.9333    6.8833      33.0
  58660   61.9333    7.0167      40.0
  58700   61.9333    7.2267     201.0
  58710   62.1333    7.3167     943.0
  58760   61.9167    5.9833      15.0
  58780   61.9190    6.0403      34.0
  58800   61.9333    6.1000      71.0
  58880   61.9238    6.5418     118.0
  58900   61.9157    6.5592     208.0
  58950   61.9800    6.5200      60.0
  58960   62.0032    6.6512     340.0
  58980   61.9167    5.8000      61.0
  59100   62.0350    4.9867      41.0
  59110   62.0333    4.9833      75.0
  59200   61.9663    5.1383       1.0
  59210   61.9300    5.1200      10.0
  59250   61.9985    5.0880       3.0
  59300   62.0000    5.3167      16.0
  59400   62.0300    5.3500      20.0
  59450   62.1477    5.2140      75.0
  59560   62.4015    6.0083      17.0
  59580   62.3667    6.0000      30.0
  59590   62.3500    5.8500      10.0
  59595   62.3300    5.6300      10.0
  59600   62.0500    5.6500      20.0
  59610   62.1028    5.5833      41.0
  59660   62.0900    6.0800      25.0
  59670   62.1678    6.0347      58.0
  59680   62.1833    6.0667      74.0
  59690   62.1818    6.0853      85.0
  59700   62.2000    6.1167       6.0
  59710   62.2072    6.1575      35.0
  59720   62.2000    6.1167      40.0
  59750   62.2000    5.5800      25.0
  59800   62.3283    5.2700      38.0
  59810   62.4000    5.6500      21.0
  59900   62.2032    6.4677      21.0
  60010   62.4000    6.5900      25.0
  60200   62.3000    6.8000      84.0
  60210   62.3150    6.9322      79.0
  60250   62.0833    6.8667      11.0
  60300   62.0770    7.4333     419.0
  60400   62.2477    7.2415      28.0
  60500   62.2335    7.4167      15.0
  60600   62.1500    7.4333     580.0
  60620   62.3293    7.5142     312.0
  60650   62.3000    7.2333      50.0
  60700   62.3800    7.0000      20.0
  60710   62.4100    7.2163     398.0
  60800   62.4788    6.8200       4.0
  60805   62.4800    6.8200      20.0
  60830   62.5000    6.6833      26.0
  60870   62.4300    6.1800      15.0
  60890   62.4648    6.3975      27.0
  60900   62.4667    6.4667     188.0
  60940   62.4658    6.3473      55.0
  60950   62.4667    6.1667       6.0
  60951   62.4800    6.1500      10.0
  60960   62.4667    6.1667     104.0
  60970   62.4762    6.2015     136.0
  60985   62.5000    6.1200      20.0
  60990   62.5617    6.1150      22.0
  61040   62.6037    6.3240      13.0
  61045   62.6000    6.4500      25.0
  61080   62.5500    7.1000      22.0
  61100   62.5752    7.1160      16.0
  61150   62.6167    7.1667      49.0
  61170   62.6162    7.2107      21.0
  61180   62.6085    7.2293      35.0
  61250   62.5000    7.3500     200.0
  61350   62.5658    7.6773      20.0
  61360   62.5667    7.7000      23.0
  61400   62.5452    7.7245      57.0
  61430   62.4500    7.8333      62.0
  61450   62.4333    7.8500      66.0
  61550   62.3420    8.0543     247.0
  61600   62.2333    8.1833     711.0
  61650   62.2333    8.2500     575.0
  61700   62.2333    8.3667     635.0
  61750   62.2500    8.3833     693.0
  61770   62.2317    8.3733     621.0
  61820   62.6635    8.1063      14.0
  61830   62.6333    8.1000      45.0
  61850   62.4737    8.1773      39.0
  61870   62.7800    8.0800      10.0
  62150   62.8167    7.7167     123.0
  62160   62.8083    7.7022     247.0
  62270   62.7500    7.2667       3.0
  62280   62.7500    7.2667       3.0
  62285   62.7700    7.2800      20.0
  62290   62.7500    7.2333      14.0
  62300   62.7333    7.1667      50.0
  62310   62.7333    7.1667      16.0
  62350   62.7333    7.1667      16.0
  62360   62.6700    6.6700      20.0
  62470   62.8200    6.5800      10.0
  62480   62.8597    6.5395      13.0
  62490   62.8667    6.5333       8.0
  62500   62.8667    6.5500      11.0
  62510   62.7800    6.9200      30.0
  62600   62.8500    7.1500      30.0
  62640   62.9500    7.1167      10.0
  62650   62.9667    7.1500      26.0
  62660   62.9833    7.1167      16.0
  62700   62.9088    7.2453      80.0
  62890   62.9200    7.4500      40.0
  62900   62.8915    7.3905      49.0
  62960   62.9000    7.6800      10.0
  63100   62.6855    8.4245      47.0
  63200   62.6000    8.5167     150.0
  63250   62.5167    8.4667     801.0
  63300   62.4000    8.5667     869.0
  63400   62.6833    8.5500       4.0
  63410   62.6833    8.5667       5.0
  63420   62.6750    8.5588       6.0
  63500   62.5500    9.1000     195.0
  63530   62.5095    8.9773     698.0
  63580   62.6717    9.1978     596.0
  63583   62.6900    9.1000     647.0
  63590   62.5788    9.1940     600.0
  63600   62.5833    9.3500     503.0
  63700   62.6000    9.6333     605.0
  63705   62.6043    9.6667     604.0
  63710   62.6027    9.6895     625.0
  63720   62.5925    9.6942     543.0
  63750   62.5757    9.6460     512.0
  63800   62.4333    9.6167     670.0
  63900   62.3000    9.6000     885.0
  63910   62.3000    9.6000     934.0
  64100   62.9000    8.2167      86.0
  64150   63.0500    7.6300      20.0
  64240   63.0667    7.7667      69.0
  64245   63.1000    7.8300      30.0
  64250   63.1167    7.7500      23.0
  64260   63.1167    7.7500      48.0
  64300   63.1252    7.7043      39.0
  64320   63.1258    7.7270       4.0
  64330   63.1055    7.8333      62.0
  64450   62.9833    8.2667       4.0
  64460   62.9762    8.2427      12.0
  64480   62.9000    8.2167      87.0
  64500   62.8333    8.3167      51.0
  64510   62.9130    8.1853      22.0
  64550   62.8405    8.2983      69.0
  64560   62.8333    8.3500     201.0
  64580   62.8347    8.5213       5.0
  64600   62.8333    8.5333     102.0
  64620   62.8052    8.5048      92.0
  64700   62.7222    8.7912     403.0
  64760   62.9500    8.7200      10.0
  64780   63.0050    8.9653      23.0
  64800   63.0050    9.0113      39.0
  64850   62.8500    9.0500     460.0
  64890   63.0500    9.2200     125.0
  64900   63.0380    9.2205     228.0
  65050   63.1200    8.2800      25.0
  65100   63.2070    8.9930       9.0
  65110   63.2067    8.9967      47.0
  65130   63.2000    8.1700      20.0
  65145   63.2700    8.5300      40.0
  65150   63.2777    8.6078     179.0
  65200   63.2800    9.0800      25.0
  65220   63.2588    9.0038     133.0
  65230   63.2613    9.0115      45.0
  65270   63.2287    9.3503     306.0
  65300   63.4672    7.7580      13.0
  65340   63.3833    7.8000       7.0
  65360   63.4333    7.8833       8.0
  65370   63.4198    8.0642      30.0
  65450   63.5212    9.0943      20.0
  65600   63.6235    8.7355      23.0
  65650   63.6000    8.9800      20.0
  65720   63.6667    8.3167       6.0
  65840   63.7333    8.8333       9.0
  65900   63.7300    8.8300      10.0
  65940   63.8467    8.4667       5.0
  65950   63.8500    8.4667      28.0
  65980   63.4000    9.5000      15.0
  66010   63.6180    9.7123      13.0
  66030   63.5002    9.8313      15.0
  66035   63.5200    9.8000      25.0
  66070   63.2950    9.7483      84.0
  66100   63.3300    9.6450     300.0
  66160   63.3000    9.8500      10.0
  66170   63.2667    9.2833      17.0
  66180   63.2050    9.7887      22.0
  66190   63.1928    9.8000     160.0
  66210   63.1842    9.5965     203.0
  66250   63.1155   10.0187     360.0
  66500   63.1333    9.5333     341.0
  66520   63.0833    9.6167     132.0
  66530   63.0333    9.7167     142.0
  66540   63.0000    9.7333     157.0
  66570   62.7000    9.6333     745.0
  66580   62.7672    9.5687     803.0
  66600   62.8667    9.8333     360.0
  66620   62.8702    9.8352     234.0
  66700   62.8333   10.0167     424.0
  66710   62.8333   10.0167     441.0
  66730   62.8173   10.0172     475.0
  66770   62.6622    9.8215     668.0
  66830   62.6167   10.2500     543.0
  66850   62.5967   10.2715     550.0
  67020   63.3300   10.0800      10.0
  67030   63.2500   10.0500     127.0
  67040   63.2518   10.0450     133.0
  67050   63.2482   10.0422     145.0
  67100   63.2833   10.1833     265.0
  67110   63.3000   10.1667     265.0
  67120   63.3000   10.1667     245.0
  67150   63.3280   10.2737      13.0
  67155   63.3200   10.3000      20.0
  67160   63.2800   10.2800      10.0
  67170   63.3038   10.3565     104.0
  67180   63.2500   10.2833      38.0
  67200   63.1465   10.3215      50.0
  67202   63.1000   10.4900     415.0
  67220   63.1333   10.2333     161.0
  67230   63.0463   10.2905      63.0
  67240   63.0455   10.2927      65.0
  67250   63.0500   10.2833      64.0
  67255   63.0300   10.2800      90.0
  67260   63.0333   10.2833      82.0
  67300   62.9000   10.1167     413.0
  67450   62.8207   10.4540     592.0
  67540   62.9925   10.5227     330.0
  67600   62.9500   10.7333     176.0
  67750   62.9333   11.1500     304.0
  67760   62.9167   11.1833     290.0
  67770   62.9008   11.1725     290.0
  67780   62.8500   11.3000     375.0
  67900   62.7333   11.3833     664.0
  68000   63.3890   10.1167      98.0
  68030   63.4333   10.3500     130.0
  68070   63.4167   10.3167     224.0
  68110   63.4167   10.2833     433.0
  68130   63.4125   10.4488     118.0
  68150   63.4333   10.4167      58.0
  68160   63.4333   10.4167      58.0
  68170   63.4167   10.4333     113.0
  68180   63.3963   10.4027      40.0
  68190   63.3960   10.4258     138.0
  68200   63.3667   10.4000      70.0
  68230   63.3960   10.4258     100.0
  68250   63.3167   10.4833     144.0
  68260   63.3000   10.4667     143.0
  68270   63.2383   10.4353     165.0
  68300   63.2000   11.1167     197.0
  68310   63.1833   11.0833     181.0
  68330   63.2090   11.1157     255.0
  68340   63.2058   11.1175     242.0
  68420   63.0562   11.5695     302.0
  68430   63.0500   11.6500     450.0
  68450   63.0318   11.6817     441.0
  68490   63.0000   11.8333     742.0
  68500   63.0000   11.9167     705.0
  68550   63.0500   12.0167     732.0
  68560   63.0500   12.0167     731.0
  68650   62.9667   12.0833     700.0
  68740   62.9333   12.1500     839.0
  68750   62.9333   12.1500     839.0
  68780   62.9333   11.8333     615.0
  68790   62.9167   11.9167     630.0
  68800   62.9000   11.8833     615.0
  68810   62.9000   11.8833     616.0
  68820   62.9000   11.8833     629.0
  68840   62.8948   11.8637     730.0
  68860   63.4167   10.4500     127.0
  68900   63.4000   10.4833     250.0
  69000   63.3333   10.6500     176.0
  69050   63.4200   10.8000      10.0
  69070   63.3167   10.9333     688.0
  69100   63.4592   10.9352      12.0
  69150   63.5000   10.8667      40.0
  69220   63.4333   11.2667      34.0
  69230   63.4402   11.2563      33.0
  69330   63.4433   11.7033     145.0
  69340   63.4333   11.7000     115.0
  69350   63.4167   11.7667     247.0
  69360   63.4167   11.7667     218.0
  69370   63.4188   11.7588     239.0
  69410   63.2727   11.8060     587.0
  69420   60.2857   11.9060     521.0
  69450   63.4333   11.9167     516.0
  69470   63.3958   11.8413     294.0
  69490   63.5500   11.9833     425.0
  69500   63.5500   11.9500     402.0
  69550   63.4875   11.3553     175.0
  69570   63.5500   11.9500     405.0
  69580   63.5333   11.0667     160.0
  69590   63.4833   10.8833      30.0
  69600   63.5000   10.8333      65.0
  69620   63.6167   10.0667      71.0
  69630   63.6167   11.3333     182.0
  69650   63.5833   10.7667      25.0
  69655   63.5800   10.7700      70.0
  69660   63.5857   10.7600      45.0
  69680   63.6167   10.8500      68.0
  69700   63.7000   10.0500      12.0
  69760   63.7167   11.2333      95.0
  69800   63.7500   11.2833      40.0
  69810   63.7500   11.2833      42.0
  69860   63.7500   11.3000       4.0
  69865   63.7700   11.3200      10.0
  69950   63.8000   11.2000      76.0
  69960   63.7203   11.5455     182.0
  70070   63.7667   11.5167      60.0
  70080   63.7667   11.4667       3.0
  70090   63.8000   11.5167      25.0
  70100   63.8000   11.5000       7.0
  70120   63.8020   11.5693      49.0
  70150   63.7823   11.6742      81.0
  70200   63.7500   11.7167     189.0
  70340   63.6653   12.0000     245.0
  70360   63.6667   12.0167     251.0
  70370   63.6637   12.0217     263.0
  70400   63.7833   11.7833      24.0
  70480   63.8392   12.0232     110.0
  70500   63.8007   12.3873     368.0
  70600   63.8500   11.4000      52.0
  70610   63.8700   11.2800      25.0
  70670   63.9365   11.4167      20.0
  70675   63.9300   11.4000      40.0
  70680   63.9333   11.4167      18.0
  70690   63.8833   11.3000      17.0
  70720   63.9167   11.5667      70.0
  70740   64.0200   11.5000      10.0
  70750   64.0167   11.4833      35.0
  70760   64.0167   11.5167       7.0
  70790   64.0167   11.8500     135.0
  70820   64.1167   11.7398      50.0
  70850   64.1587   12.4727     195.0
  70900   64.2500   12.3800     100.0
  70910   64.2500   12.4167     127.0
  70930   64.2490   12.4393     107.0
  70950   64.2833   12.5500     141.0
  70990   64.0247   11.4872       6.0
  70991   64.0263   11.4872      47.0
  71000   64.0225   11.4508       6.0
  71040   64.0700   11.2200      25.0
  71050   64.0500   11.1167     196.0
  71080   64.0430   11.0852     186.0
  71100   64.0532   11.0560     315.0
  71150   63.9857   10.8715     296.0
  71195   63.8200   11.0000      25.0
  71200   63.8143   11.0000      39.0
  71250   63.6700   10.6200      30.0
  71260   63.6833   10.6000     152.0
  71270   63.6833   10.6167     139.0
  71280   63.6863   10.6137     138.0
  71330   63.6427   10.1105      38.0
  71340   63.5700    9.9200      10.0
  71350   63.6373   10.1275      30.0
  71370   63.6427   10.1838     158.0
  71400   63.8500   10.4667     271.0
  71530   63.7000    9.6000      10.0
  71540   63.6833    9.6000       4.0
  71550   63.7003    9.6013      10.0
  71560   63.6833    9.6667      12.0
  71580   63.7700    9.8200      15.0
  71650   63.8500    9.7333       4.0
  71750   63.9177   10.4150      94.0
  71780   63.9700   10.2200      20.0
  71800   64.0833   10.5167     250.0
  71810   64.1003   10.5293     280.0
  71850   64.1730    9.4063      16.0
  71870   64.1700   10.2200      15.0
  71900   64.2450   10.3278      12.0
  71950   64.3000   10.5200      10.0
  71980   64.3333   10.3167      12.0
  71990   64.4002   10.4505      18.0
  72020   64.5500   10.6833       7.0
  72030   64.5000   10.9000      20.0
  72050   64.1870   11.2198     112.0
  72060   64.1968   11.2350     116.0
  72100   64.2508   11.2002      86.0
  72140   64.2167   11.2167      85.0
  72250   64.3320   11.5448      62.0
  72400   64.3000   11.5333     116.0
  72550   64.4667   11.5167      20.0
  72580   64.4667   11.5833       2.0
  72650   64.4817   11.8398      26.0
  72700   64.5000   11.9333      15.0
  72710   64.5000   12.0000      35.0
  72800   64.5582   12.1823      29.0
  72850   64.6000   12.2667      22.0
  73090   64.4500   12.3300      50.0
  73100   64.4500   12.3000      72.0
  73200   64.4667   12.8333     200.0
  73250   64.2433   13.7707     370.0
  73450   64.4667   13.6000     401.0
  73460   64.4500   13.6000     408.0
  73470   64.4667   13.6000     402.0
  73490   64.4500   13.7167     462.0
  73500   64.4460   13.7195     433.0
  73600   64.5667   12.5000      81.0
  73620   64.5867   12.5123     118.0
  73800   64.6842   13.6568     376.0
  74150   64.8833   13.5500     426.0
  74160   64.8883   13.5737     419.0
  74170   64.8700   13.5700     425.0
  74300   64.7160   12.7922     116.0
  74320   64.7288   12.8172     143.0
  74350   64.7333   12.8500     152.0
  74360   64.9300   13.1700     215.0
  74500   64.9333   13.1667     214.0
  74510   64.9205   13.1817     216.0
  74530   64.9463   13.1940     285.0
  74550   64.9333   13.1667     202.0
  74800   64.9855   13.5860     498.0
  75020   64.5242   11.2887      36.0
  75050   64.6300   10.3300      20.0
  75100   64.8387   11.9568      44.0
  75130   64.8700   11.6000      50.0
  75150   64.7868   11.4208      22.0
  75220   64.8333   11.1500       4.0
  75250   64.8667   11.2333      10.0
  75255   64.8700   11.2300      25.0
  75260   64.8667   11.2333      28.0
  75270   64.8797   11.2638      15.0
  75300   64.7667   11.1167      10.0
  75350   64.7500   10.7833       5.0
  75400   64.8000   10.5500      33.0
  75410   64.7977   10.5493      33.0
  75550   65.2023   10.9965      23.0
  75600   65.0975   11.7022      47.0
  75700   65.0667   11.8000      13.0
  76080   65.0800   12.3700      25.0
  76100   65.1228   12.3737      17.0
  76200   65.0500   12.6833     125.0
  76250   65.2967   12.1680      19.0
  76260   65.3200   12.1700      10.0
  76270   65.3872   12.1867      18.0
  76300   65.4667   12.2000       4.0
  76310   65.4833   12.2167      13.0
  76320   65.4667   12.2167       5.0
  76330   65.4567   12.2182       9.0
  76370   65.3167   12.6667      25.0
  76380   65.2993   12.6502      55.0
  76400   65.4333   12.8333     145.0
  76450   65.7040   11.8513       2.0
  76500   65.8667   12.1833       6.0
  76530   65.8260   12.4313      21.0
  76600   65.9000   12.5500       8.0
  76700   66.0000    2.0000       0.0
  76750   65.9607   12.4715      17.0
  76800   66.0167   12.6167      20.0
  76810   65.9833   12.5833      75.0
  76820   65.1333   12.5667      75.0
  76840   65.9800   12.2800      10.0
  76850   66.0140   11.6892      30.0
  76900   66.0000    2.0000       6.0
  77050   65.1000    7.6000       0.0
  77053   64.4333    8.8500       0.0
  77054   73.4667   21.4667       0.0
  77100   65.8500   12.9333     191.0
  77180   65.8323   13.2177       5.0
  77190   65.8500   13.2000       4.0
  77200   65.8333   13.2167       5.0
  77205   65.8500   13.2300      10.0
  77210   65.8500   13.2167      14.0
  77230   65.7842   13.2180      72.0
  77260   66.5833   13.3833      66.0
  77261   66.5833   13.3833      42.0
  77270   65.6688   13.2673      70.0
  77290   65.4413   13.3988     121.0
  77300   65.4167   13.4000     134.0
  77400   65.2167   13.3667     352.0
  77410   65.1333   13.3667     322.0
  77420   65.1800   13.4200     339.0
  77430   65.1588   13.3697     334.0
  77500   65.4167   13.6667     381.0
  77510   65.4043   13.6660     417.0
  77550   65.2925   13.5335     370.0
  77620   65.5667   14.0167     220.0
  77630   65.6000   14.0000     208.0
  77640   65.6000   13.9833     221.0
  77650   65.6167   14.0333     380.0
  77660   65.5833   14.0167     214.0
  77750   65.5117   14.0217     265.0
  77850   65.3585   14.2605     498.0
  77950   65.8833   13.3000     634.0
  78100   65.9925   13.3855      63.0
  78180   66.0713   13.4353     100.0
  78250   66.0670   12.9158      53.0
  78280   66.1000   12.5000      10.0
  78350   66.2173   13.3917      39.0
  78370   66.1422   13.8085      20.0
  78395   66.0800   13.8200      50.0
  78400   66.0833   13.9167      55.0
  78410   66.0833   13.8333      10.0
  78420   66.0932   13.8138      50.0
  78600   65.8167   13.9000     380.0
  78610   65.8302   13.9067     439.0
  78680   65.6833   14.1667     385.0
  78700   65.7000   14.4833     598.0
  78710   65.6833   14.5000     594.0
  78770   65.7965   14.4873     510.0
  78800   65.7500   14.1847     406.0
  78840   65.9167   14.2833     381.0
  78850   65.9103   14.2722     399.0
  79100   66.2000   13.6333      13.0
  79110   66.2200   13.6200      30.0
  79250   66.1667   14.6000     532.0
  79350   66.3333   14.1000      38.0
  79400   66.2667   13.9833      31.0
  79470   66.3167   14.1333       8.0
  79480   66.2270   14.1607      41.0
  79500   66.3500   14.1333      20.0
  79510   66.3333   14.1833      25.0
  79530   66.3318   14.1023      40.0
  79600   66.3730   14.3100      70.0
  79640   66.4203   14.2405      87.0
  79650   66.4167   14.2667     250.0
  79670   66.4580   14.3097      56.0
  79710   66.3058   14.8333     320.0
  79730   66.5167   14.8333     407.0
  79740   66.5068   14.9075     155.0
  79750   66.5000   14.9167     168.0
  79760   66.5000   15.1167     158.0
  79770   66.6333   15.0833     595.0
  79780   66.4460   15.1348     320.0
  79800   66.5000   15.2333     549.0
  80030   66.2000   13.0167       8.0
  80040   66.2000   13.1700      10.0
  80100   66.3683   12.6445       7.0
  80101   66.3663   12.6153       6.0
  80130   66.4000   12.6000      10.0
  80200   66.3897   13.1872     115.0
  80300   66.5167   13.0000      15.0
  80340   66.5003   12.0955      13.0
  80345   66.5000   12.1000      10.0
  80350   66.5053   12.0602       8.0
  80400   66.5667   13.4833      14.0
  80500   66.6667   13.1167      10.0
  80590   66.7200   13.2800      25.0
  80600   66.7667   12.4833      19.0
  80610   66.7633   12.4883      17.0
  80620   66.7333   13.8000       4.0
  80630   66.7117   13.6100       2.0
  80650   66.7428   13.5715      40.0
  80690   66.7667   14.2000     543.0
  80700   66.8100   13.9813      39.0
  80720   66.8500   13.7200      20.0
  80740   66.9072   13.6450       9.0
  80750   66.9275   13.4388      12.0
  80790   67.0300   14.0300      20.0
  80800   67.0833   14.0500       8.0
  80840   66.9667   14.1333      70.0
  80850   66.9712   14.1543      11.0
  80900   67.1833   13.7833       4.0
  80950   67.3020   13.4990      14.0
  81080   67.0262   14.5758      15.0
  81100   67.0000   14.5833       5.0
  81110   67.0000   14.5800      10.0
  81150   66.9833   14.8000      20.0
  81152   66.9833   14.8000       7.0
  81153   66.9833   14.8000      57.0
  81154   66.9833   14.8000      81.0
  81200   66.8833   14.7667      55.0
  81250   66.7600   14.5800     217.0
  81300   67.1667   14.4333     124.0
  81360   67.0997   14.8855     380.0
  81370   67.1300   14.9565      11.0
  81390   67.1200   15.0000      10.0
  81400   67.0333   15.0167     210.0
  81410   67.0667   15.0000     162.0
  81450   67.1667   15.0333     801.0
  81500   67.0833   15.3667      28.0
  81600   67.0667   15.3333      55.0
  81620   66.9667   15.3000      26.0
  81650   66.9368   15.3138      37.0
  81680   66.8488   15.3157      81.0
  81730   66.8012   15.5787     210.0
  81750   66.7500   15.7500     429.0
  81770   66.7430   15.4500     511.0
  81800   66.5667   15.3500     680.0
  81900   67.1348   16.0712     142.0
  81910   67.1333   16.0833     128.0
  81920   67.0833   16.0667     418.0
  81930   67.0137   15.9752     564.0
  81940   66.9945   15.9683     605.0
  81950   66.9858   15.9442     596.0
  82060   67.2333   15.3167     165.0
  82070   67.2500   15.3667      14.0
  82080   67.2500   15.3833      14.0
  82085   67.2700   15.4000      15.0
  82090   67.2627   15.3968      31.0
  82120   67.3333   15.2833      30.0
  82160   67.3558   14.8547       7.0
  82230   67.2700   14.3800      16.0
  82240   67.2833   14.4333      16.0
  82250   67.2667   14.4333      16.0
  82260   67.2833   14.4667      33.0
  82270   67.2833   14.4167      15.0
  82280   67.2667   14.3667      10.0
  82290   67.2742   14.4335      11.0
  82300   67.2500   14.4000      13.0
  82310   67.3067   14.4222       5.0
  82400   67.4000   13.9000      14.0
  82530   67.5382   14.8427      15.0
  82540   67.5333   14.8667      12.0
  82550   67.5500   14.8833      21.0
  82560   67.5430   14.8783      22.0
  82630   67.2855   15.4523      48.0
  82650   67.3603   15.2570       3.0
  82700   67.3167   15.6833       7.0
  82800   67.5923   15.8897       7.0
  82840   67.5262   15.4953      27.0
  82850   67.5333   15.4833      21.0
  82860   67.5333   15.4667      54.0
  83100   67.7800   15.0200      15.0
  83120   67.8333   14.7833       6.0
  83300   67.9220   15.1173      26.0
  83500   67.7930   15.9873      76.0
  83520   67.8977   15.8673      70.0
  83550   68.0007   15.6098      53.0
  83580   68.0800   15.6200      75.0
  83700   68.0500   16.0333      60.0
  83850   68.0333   16.5167      33.0
  83870   68.0667   16.6667      61.0
  83880   68.0575   16.5887       3.0
  83900   68.1000   16.3667      38.0
  84060   68.3300   16.8300      25.0
  84070   68.3302   16.7883      53.0
  84090   68.3000   16.8000     125.0
  84100   68.3167   16.8000     104.0
  84130   68.2500   16.8833     126.0
  84170   68.2883   17.3100       6.0
  84190   68.2082   17.5157      29.0
  84200   68.1833   17.5500      56.0
  84300   68.3333   17.4500     870.0
  84450   68.3752   17.4137     249.0
  84600   68.4500   17.4167       8.0
  84700   68.4333   17.4000      30.0
  84710   68.4500   17.4667      50.0
  84780   68.4167   17.3833      40.0
  84790   68.4667   17.5000      32.0
  84800   68.4715   17.5000      17.0
  84900   68.4333   18.0833     512.0
  84930   68.5200   17.0000      10.0
  84950   68.4798   16.8867      19.0
  84960   68.4802   16.8857      19.0
  84970   68.5167   16.6833      26.0
  84990   68.5000   16.5200      25.0
  84995   68.5500   16.3800      20.0
  85000   68.4725   16.0703       8.0
  85010   68.4500   15.9500     137.0
  85030   68.3167   15.6500      16.0
  85035   68.4200   16.0000      25.0
  85060   68.5000   15.9000      26.0
  85070   68.5000   15.8833       9.0
  85080   68.5167   15.8833      13.0
  85090   68.5167   15.8833      45.0
  85150   68.4000   15.7500       7.0
  85180   68.3742   15.7573       6.0
  85200   68.3360   15.6720       8.0
  85230   68.3333   15.6333      16.0
  85240   68.3167   15.6500      20.0
  85290   68.3500   15.0333       4.0
  85300   68.3667   14.9333      21.0
  85380   68.1503   14.6508      11.0
  85410   68.3607   14.7548      15.0
  85430   68.2323   14.5320      10.0
  85440   68.3203   14.6532       3.0
  85450   68.2500   14.6667       9.0
  85455   68.2500   14.6300      10.0
  85460   68.2333   14.6167       1.0
  85470   68.2362   14.4740      29.0
  85530   68.1500   13.6500      10.0
  85540   68.1405   13.6098      13.0
  85545   68.1500   13.6000      15.0
  85560   68.1500   13.6167      26.0
  85620   68.0500   13.2667      20.0
  85630   68.0800   13.2300      15.0
  85655   67.9300   13.0800      10.0
  85660   67.9320   13.0917      17.0
  85700   67.9000   13.0333      20.0
  85780   67.8833   13.0500      31.0
  85850   67.6833   12.6667      11.0
  85855   67.6700   12.7000      10.0
  85890   67.5167   12.1000       4.0
  85891   67.5167   12.1000       4.0
  85900   67.5000   12.0667       8.0
  85910   67.5063   12.0762      10.0
  85950   67.4167   11.8833      18.0
  86050   68.2000   13.6667      20.0
  86140   68.3088   13.6713       7.0
  86150   68.3000   13.6833       4.0
  86200   68.3333   13.8167       3.0
  86230   68.3333   13.8833       5.0
  86260   68.3500   13.9667      10.0
  86440   68.6167   15.5833      12.0
  86450   68.6167   15.6000       9.0
  86470   68.6552   15.6068      91.0
  86500   68.7003   15.4168       3.0
  86520   68.6472   15.2888      23.0
  86550   68.5833   15.1000      11.0
  86600   68.5833   15.0167       3.0
  86610   68.5700   14.9200      25.0
  86630   68.5000   14.8000      15.0
  86650   68.5667   14.6667      38.0
  86750   68.6167   14.4500       7.0
  86760   68.6322   14.4630      12.0
  86780   68.5932   14.3103      30.0
  86800   68.6800   14.5000      10.0
  86850   68.8173   14.8020       3.0
  86900   68.9200   15.0800      20.0
  86920   69.0667   15.1833      40.0
  86950   68.9147   15.2127      18.0
  86990   68.7700   15.2800      40.0
  87100   69.3167   16.1167       5.0
  87110   69.2967   16.1467      10.0
  87200   68.9667   15.6500       3.0
  87300   68.9667   15.7333       7.0
  87320   68.5553   15.7965      19.0
  87350   68.7715   16.2000      36.0
  87400   68.9500   16.6667      17.0
  87410   68.9500   16.6667      14.0
  87420   68.9333   16.6833      45.0
  87430   69.0000   16.5500      30.0
  87550   68.8280   16.4900      14.0
  87620   68.8000   16.5500      38.0
  87630   68.8000   16.5167      38.0
  87650   68.8000   16.5333      49.0
  87750   68.6090   16.4947       7.0
  87780   68.5833   16.5833      10.0
  87790   68.5833   16.5833       7.0
  87820   68.7500   17.1700      40.0
  87830   68.7833   17.1500      10.0
  87840   68.7833   17.1833      33.0
  87860   68.6562   17.2120      11.0
  87920   68.7000   17.5300      25.0
  87930   68.6833   17.4333      25.0
  87940   68.6933   17.4245      16.0
  88000   68.7333   17.8000      22.0
  88020   68.8700   17.8500      25.0
  88100   68.6457   18.2455     230.0
  88140   69.0800   17.7000      10.0
  88180   69.1500   18.1700      25.0
  88190   69.2300   17.9700      10.0
  88200   69.2347   17.9033       9.0
  88220   69.1700   17.7500      30.0
  88250   69.1500   17.4500       8.0
  88340   69.2082   17.5785      36.0
  88350   69.2038   17.5323      13.0
  88400   69.1833   17.4500      23.0
  88460   69.3017   16.9712       3.0
  88500   69.3700   17.0500      25.0
  88600   69.4333   17.5000      90.0
  88620   69.4500   17.3200      15.0
  88660   69.5212   17.9188      10.0
  88680   69.5500   17.9167       9.0
  88690   69.6008   17.8375      14.0
  88750   69.3500   17.9167      83.0
  88760   69.3500   17.9167      25.0
  88900   69.3502   18.0675      12.0
  88920   69.2880   17.7730      50.0
  89110   69.2703   18.5365       3.0
  89150   69.1333   18.6167      11.0
  89300   69.0667   18.5333      72.0
  89350   69.0590   18.5402      76.0
  89490   68.8667   18.3500      87.0
  89495   68.8800   18.3700      90.0
  89500   68.8607   18.3375     114.0
  89510   68.8612   18.3452     115.0
  89650   68.6577   18.8193     314.0
  89800   69.0178   19.2803      78.0
  89950   68.7783   19.7100     228.0
  90020   69.3333   18.5833       5.0
  90080   69.3297   18.8890      12.0
  90150   69.3000   19.3333      19.0
  90200   69.2473   19.2310      27.0
  90280   69.6333   18.0167       2.0
  90400   69.6667   18.9333      30.0
  90440   69.6500   18.9667      38.0
  90450   69.6538   18.9283     100.0
  90490   69.6767   18.9133       8.0
  90491   69.7333   18.7875     790.0
  90500   69.7000   19.0167      14.0
  90520   69.6860   19.0735      10.0
  90550   69.7000   18.8667     169.0
  90570   69.7825   18.7630       8.0
  90580   69.7868   18.7643      10.0
  90600   69.8333   19.0167      13.0
  90610   69.8333   19.0167      10.0
  90640   69.9700   19.6200      15.0
  90650   70.0138   19.5783       7.0
  90700   69.9667   18.8500       5.0
  90800   70.2457   19.5005      21.0
  90900   70.3167   20.1550      37.0
  90950   70.0000   19.9167      60.0
  91100   69.6167   19.8167      10.0
  91110   69.6040   19.8085       6.0
  91190   69.9167   20.1500      27.0
  91230   69.5833   20.2333       4.0
  91240   69.5833   20.2500      20.0
  91250   69.5670   20.2268       6.0
  91260   69.5667   20.2333       3.0
  91270   69.5437   19.2475      18.0
  91300   69.2560   19.8763      12.0
  91330   69.2500   19.9833      37.0
  91350   69.3833   20.3000      46.0
  91360   69.3667   20.2833       8.0
  91370   69.3683   20.2683       5.0
  91400   69.3150   20.3627      45.0
  91440   69.2080   20.7000     330.0
  91450   69.2167   20.7333     337.0
  91470   69.1667   20.7500     475.0
  91520   69.4873   20.5280      55.0
  91550   69.5000   20.8333       8.0
  91600   69.4597   20.9218      50.0
  91650   69.4167   20.9667     175.0
  91660   69.6000   20.5300      30.0
  91700   70.8017   28.0948       5.0
  91710   70.0003   21.0327       8.0
  91720   69.9833   20.9667       7.0
  91725   70.0300   20.9800      25.0
  91740   69.7833   20.9667       6.0
  91750   69.7412   21.0235       1.0
  91760   69.7333   21.0167       5.0
  91850   69.7833   21.0167       5.0
  91930   69.5032   21.4615      98.0
  91950   69.5000   21.4667      98.0
  92120  -77.5120  -34.2103     375.0
  92130  -41.8820  -80.1007     110.0
  92190   69.7212   22.0563      12.0
  92200   69.7500   22.1500      11.0
  92210   69.7153   22.1285      65.0
  92300   69.7833   22.1000      45.0
  92350   69.8337   21.8843       6.0
  92400   69.9300   22.0500      10.0
  92450   70.0000   22.0333      33.0
  92700   70.3383   21.4667      10.0
  92750   70.4867   22.1488       6.0
  92755   70.4800   22.1500       6.0
  92770   70.5800   22.3000      20.0
  92850   70.2667   22.6333       0.0
  92870   70.2300   22.3500      10.0
  92900   70.0452   22.2870      21.0
  92910   70.0518   22.3243       8.0
  93050   69.9333   22.9333     893.0
  93100   69.9667   23.2500       4.0
  93140   69.9775   23.3582       3.0
  93150   69.9667   23.3667       4.0
  93160   69.9667   23.3000      10.0
  93250   69.8833   23.2000      35.0
  93300   69.5883   23.5317     374.0
  93400   69.8667   23.2833      25.0
  93500   69.7545   23.9342     389.0
  93560   69.4500   22.6833     317.0
  93570   69.4500   22.6833     277.0
  93580   69.4333   22.6333     366.0
  93650   69.2745   22.4948     701.0
  93700   68.9968   23.0335     307.0
  93710   69.0167   23.0340     330.0
  93900   68.7503   23.5337     382.0
  94010   70.0333   23.4167       9.0
  94100   70.3667   23.6833     250.0
  94120   70.4000   23.6333      27.0
  94130   70.3992   23.6257      38.0
  94150   70.5000   23.9800      15.0
  94160   70.4500   24.3833      29.0
  94180   70.4328   24.5080      62.0
  94240   70.6667   23.6667      76.0
  94250   70.6500   23.7167      22.0
  94255   70.6500   23.6700      25.0
  94260   70.6833   23.6667      69.0
  94280   70.6667   23.6667      81.0
  94281   70.6932   23.6742     328.0
  94350   70.7167   22.7333       4.0
  94450   71.0667   24.1500       4.0
  94500   71.0933   23.9950      13.0
  94501   71.0933   23.9950      13.0
  94600   71.1000   25.3667       5.0
  94650   71.0000   24.6700      40.0
  94680   71.0167   25.9833      14.0
  94700   71.0633   26.2300      33.0
  94710   70.9800   25.9800      15.0
  94800   70.7725   25.6173       3.0
  94890   70.4500   25.2167      12.0
  94900   70.4473   25.2152      14.0
  94910   70.4333   25.1833      43.0
  95100   70.0667   24.9333       5.0
  95130   70.0500   24.9667      26.0
  95250   69.8333   25.1000      70.0
  95260   69.8333   25.1333      76.0
  95270   69.8377   25.0893      74.0
  95350   70.0600   24.9900       5.0
  95400   70.0500   25.0167       7.0
  95430   70.0667   25.1167      35.0
  95600   70.3167   25.5500      10.0
  95610   70.3207   25.5470      13.0
  95800   70.9667   26.7000       4.0
  95900   70.6603   26.5902       6.0
  95950   70.3510   26.5268      22.0
  96000   70.4022   26.6943      19.0
  96100   70.5000   27.0167       2.0
  96200   70.5667   27.0167      15.0
  96205   70.5700   27.0200      10.0
  96210   70.5667   27.0167       8.0
  96220   70.5815   26.9938      18.0
  96270   70.9500   27.3300      10.0
  96300   71.0333   27.8500       4.0
  96305   71.0300   27.8500      10.0
  96310   71.0333   27.8333      13.0
  96400   71.0840   28.2178       8.0
  96550   71.0667   28.2500       6.0
  96600   70.8017   28.0948      15.0
  96680   70.4500   28.3167      30.0
  96690   70.4500   28.2667       5.0
  96800   70.4003   28.2002      10.0
  96910   70.0667   28.0167      21.0
  96920   70.0833   27.9833      21.0
  96930   70.0812   27.9792      30.0
  96931   70.0723   28.0045      18.0
  96970   70.0188   27.4138      51.0
  97070   69.9167   26.4333     115.0
  97080   69.9000   26.4167     112.0
  97110   69.7602   26.1768     115.0
  97140   69.6385   25.2888     282.0
  97150   69.6918   25.9297     132.0
  97250   69.4667   25.4933     129.0
  97320   69.4018   24.6563     230.0
  97350   69.3670   24.4333     286.0
  97460   69.3833   24.2667     321.0
  97580   69.5660   24.3912     382.0
  97690   69.2482   25.6945     153.0
  97720   69.1500   25.7333     163.0
  97900   68.9167   25.6500     210.0
  98060   70.8675   29.0887      12.0
  98070   70.8667   29.0333      22.0
  98080   70.8667   29.0333      13.0
  98090   70.8667   29.0333      13.0
  98100   70.8500   29.1333       6.0
  98105   70.8700   29.1500      10.0
  98110   70.8500   29.1167       4.0
  98250   70.6000   29.0500     160.0
  98340   70.6200   29.6800      10.0
  98350   70.6000   29.6667      35.0
  98400   70.7005   30.0680       9.0
  98550   70.3672   31.0848      14.0
  98580   70.3500   31.0500      12.0
  98650   70.1885   30.3387      16.0
  98700   70.0833   30.1000       6.0
  98790   70.0667   29.8500      39.0
  98850   70.1087   29.3380      11.0
  98950   70.1333   29.3333      30.0
  98970   70.1500   28.8700      15.0
  98980   70.1667   28.7167       9.0
  99000   70.1700   28.5700      15.0
  99020   70.1500   28.5833      14.0
  99100   70.0110   29.1240       7.0
  99140   69.8500   29.3667       5.0
  99150   69.8500   29.4167       8.0
  99330   69.7038   29.2523      44.0
  99370   69.7333   29.9000      89.0
  99400   69.7333   30.0333       5.0
  99410   69.7500   30.0700      10.0
  99450   69.4507   30.0692      28.0
  99460   69.4500   30.0700      25.0
  99500   69.3730   29.6947      55.0
  99530   69.1633   29.2483      54.0
  99550   69.6833   30.1333       8.0
  99650   69.6667   30.3833      10.0
  99660   69.6667   30.3833      12.0
  99690   69.7437   30.4785      15.0
  99700   74.5167   19.0167      18.0
  99710   74.5167   19.0167      16.0
  99720   76.5000   25.0667       6.0
  99735   78.2333   22.7833      14.0
  99750   77.0000   15.5700      10.0
  99754   77.0000   15.5000      10.0
  99760   77.8833   16.7167       9.0
  99790   78.0667   13.6333       7.0
  99800   78.0833   13.6500       7.0
  99840   78.2500   15.4667      28.0
  99841   78.2307   15.3775     435.0
  99860   78.2167   11.8800      37.0
  99900   78.9333   11.8833      42.0
  99910   78.9167   11.9333       8.0
  99916   78.8935   11.8227     195.0
  99921   79.7875   14.4708      15.0
  99927   80.0538   16.2552       8.0
  99940   70.9333   -8.6667       9.0
  99950   70.9333   -8.6667      10.0
  99960   60.0053  -43.0018      24.0
  99970   73.4833  -21.5832       3.0
