18230|\N|\N|90|0|ALNA|\N|18230|\N|\N|\N|8|t|2009-01-01 00:00:00
45870|59.16|6.0365|30|0|FISTER - SIGMUNDSTAD|1422|45870|\N|\N|\N|8|t|2007-05-30 00:00:00
15270|\N|\N|1894|0|JUVVASSHØE|\N|15270|\N|\N|\N|8|t|1999-08-01 00:00:00
92100|-72.0167|2.5333|1400|0|TROLL AIRFIELD|\N|92100|\N|\N|\N|8|t|2007-01-01 00:00:00
251200|57.7833333333333|11.8833333333333|\N|0|GOTEBORG/SAVE|2512|251200|\N|\N|\N|8|t|2006-06-12 00:00:00
42940|58.923|6.9097|560|0|SIRDAL - SINNES|1431|42940|\N|\N|\N|8|t|2007-07-02 00:00:00
32100|59.3833|9.1833|26|0|GVARV|1470|32100|\N|\N|\N|8|t|2006-11-01 00:00:00
64870|\N|\N|450|0|TÅGDALEN|1221|64870|\N|\N|\N|8|t|2008-01-01 00:00:00
2650|\N|\N|135|0|HANEBORG|1484|2650|\N|\N|\N|8|t|2008-01-01 00:00:00
10800|62.6798|11.8168|760|0|SØLENDET|1287|10800|\N|\N|\N|8|t|2007-10-01 00:00:00
76933|\N|\N|\N|0|ORMEN LANGE|\N|76933|\N|LIPI|\N|5|t|2007-09-12 00:00:00
85891|67.525|12.104|4|0|RØST III|1106|85891|\N|\N|\N|8|t|1998-04-23 00:00:00
77031|\N|\N|\N|25|VIKING PRINCE|\N|77031|\N|\N|\N|6|t|1998-09-02 00:00:00
80102|66.3708|12.6108|10|0|SOLVÆR III|1121|80102|\N|\N|\N|8|t|2008-01-01 00:00:00
79700|\N|\N|\N|0|STORFORSHEI|1148|79700|\N|\N|\N|8|t|2009-01-01 00:00:00
67280|\N|\N|\N|0|SOKNEDAL|1253|67280|\N|\N|\N|8|t|2009-01-01 00:00:00
9310|\N|\N|\N|0|HJERKINN II|1239|9310|\N|\N|\N|8|t|2009-01-01 00:00:00
79764|\N|\N|\N|0|DUNDERLANDSDALEN III|1150|79764|\N|\N|\N|8|t|2009-01-01 00:00:00
77425|\N|\N|\N|0|MAJAVATN V|1132|77425|\N|\N|\N|8|t|2009-01-01 00:00:00
73550|\N|\N|\N|0|GARTLAND|1291|73550|\N|\N|\N|8|t|2009-01-01 00:00:00
61420|\N|\N|67|0|MARSTEIN|1232|61420|\N|\N|\N|8|t|2009-01-01 00:00:00
77280|\N|\N|\N|0|FELLINGFORS|1133|77280|\N|\N|\N|8|t|2009-01-01 00:00:00
61630|\N|\N|579|0|BJORLI|1230|61630|\N|\N|\N|8|t|2009-01-01 00:00:00
67560|\N|\N|\N|0|KOTSØY|1254|67560|\N|\N|\N|8|t|2009-01-01 00:00:00
24710|60.3828|9.6067|142|0|GULSVIK II|1376|24710|\N|\N|\N|8|t|2009-01-01 00:00:00
78360|\N|\N|\N|0|SELJELIA|1135|78360|\N|\N|\N|8|t|2009-01-01 00:00:00
68290|63.2248|11.0075|160|0|SELBU II|1273|68290|\N|\N|\N|8|t|2007-09-26 00:00:00
47090|59.5033|5.6257|5|0|SKJOLD - FRØVIK|\N|47090|\N|\N|\N|9|t|1986-08-01 00:00:00
36140|58.44|8.80133333|20|0|REVESAND|1465|36140|\N|\N|\N|8|t|2006-03-27 00:00:00
4781|60.1883|11.0743|202|0|GARDERMOEN SØR|\N|4781|\N|\N|\N|9|t|2006-05-01 00:00:00
54780|61.3115|7.8183|28|0|ØVRE ÅRDAL|\N|54780|\N|\N|\N|10|t|1966-07-01 00:00:00
96560|71.036833333|28.2471666666|22|0|GAMVIK II|1078|96560|\N|\N|\N|8|t|2005-09-28 00:00:00
94451|71.0835|24.06166666|7|0|INGØY II|1055|94451|\N|\N|\N|8|t|2005-06-01 00:00:00
27510|59.0671666666|10.406|30|0|TJØME - HELGERØD|1482|27510|\N|\N|\N|8|t|2006-03-27 00:00:00
76905|\N|\N|0|0|N73.5_E15.5|\N|76905|\N|\N|\N|0|t|2007-05-08 00:00:00
76906|\N|\N|0|0|N74.0_E30.0|\N|76906|\N|\N|\N|0|t|2007-05-24 00:00:00
12320|60.8172|11.0677|221|0|HAMAR - STAVSBERG|1385|12320|\N|\N|\N|8|t|2005-10-21 00:00:00
25110|60.8553|8.5945|604|0|HEMSEDAL II|1358|25110|\N|\N|\N|8|t|2005-11-14 00:00:00
26900|59.7537|10.1237|8|0|DRAMMEN - BERSKOG|1480|26900|\N|\N|\N|8|t|2004-09-20 00:00:00
32890|59.497|8.1992|560|0|HØYDALSMO II|1447|32890|\N|\N|\N|8|t|2006-08-23 00:00:00
44080|58.6592|5.5553|24|0|OBRESTAD FYR|1412|44080|\N|\N|\N|8|t|1993-10-01 00:00:00
46610|59.6487|6.3633|5|0|SAUDA|1424|46610|\N|\N|\N|8|t|1932-08-01 00:00:00
52535|60.78|4.72|19|0|FEDJE|1307|52535|\N|\N|\N|8|t|2004-08-23 00:00:00
69380|63.4115|11.7277|169|0|MERÅKER - EGGA|1293|69380|\N|\N|\N|8|t|2004-05-12 00:00:00
700|61.8872|12.048|672|0|DREVSJØ|1393|700|\N|\N|\N|8|t|1947-11-01 00:00:00
82290|67.2742|14.4335|11|0|BODØ VI|\N|82290|ENBO|\N|\N|8|t|1953-01-01 00:00:00
93301|69.5797|23.5345|381|0|SUOLOVUOPMI - LULIT|1058|93301|\N|\N|\N|8|t|2004-11-08 00:00:00
99990|-72.0167|2.5333|1277|0|TROLL I ANTARKTIS|89504|99990|\N|\N|\N|8|t|2006-11-21 00:00:00
100|61.1355|12.5052|333|0|PLASSEN|\N|100|\N|\N|\N|9|t|1968-07-01 00:00:00
10300|62.4698|11.7752|650|0|HÅSJØEN - SOLGLØTT|\N|10300|\N|\N|\N|9|t|1997-09-01 00:00:00
10380|62.5773|11.3518|625|0|RØROS LUFTHAVN|1288|10380|ENRO|\N|\N|8|t|2003-09-01 00:00:00
10600|62.6738|11.4545|685|0|AURSUND|\N|10600|\N|\N|\N|9|t|1934-05-01 00:00:00
1080|59.036|11.0518|17|0|HVALER|\N|1080|\N|\N|\N|9|t|1908-11-01 00:00:00
11050|60.2143|11.3582|127|0|SVANFOSS|\N|11050|\N|\N|\N|9|t|1978-06-01 00:00:00
11120|60.2983|11.1633|181|0|EIDSVOLL VERK|\N|11120|\N|\N|\N|9|t|1916-01-01 00:00:00
1130|58.993|11.5383|157|0|PRESTEBAKKE|\N|1130|\N|\N|\N|8|t|1965-08-01 00:00:00
11500|60.7|10.8667|264|0|ØSTRE TOTEN - APELSVOLL|1381|11500|\N|\N|\N|2|t|1993-08-06 00:00:00
11710|60.5945|10.6442|406|0|EINAVATN|\N|11710|\N|\N|\N|9|t|1968-06-01 00:00:00
11900|60.9527|10.5972|190|0|BIRI|\N|11900|\N|\N|\N|9|t|1895-01-01 00:00:00
12200|60.751|11.2065|218|0|JØNSBERG LANDBRUKSSKOLE|\N|12200|\N|\N|\N|9|t|1925-01-01 00:00:00
1230|59.1225|11.3887|8|0|HALDEN|\N|1230|\N|\N|\N|9|t|1882-12-01 00:00:00
12520|60.7915|10.9588|205|0|NES PÅ HEDMARK|\N|12520|\N|\N|\N|9|t|1901-01-01 00:00:00
12550|60.7807|10.8117|128|0|KISE PA HEDMARK|1382|12550|\N|\N|\N|2|t|1993-12-16 00:00:00
12600|60.9532|10.681|161|0|VEA|\N|12600|\N|\N|\N|9|t|1967-06-01 00:00:00
12680|61.0925|10.4775|242|0|LILLEHAMMER - SÆTHERENGEN|1378|12680|\N|\N|\N|8|t|2005-05-04 00:00:00
12800|61.1143|10.6722|520|0|MESNA - TYRIA|\N|12800|\N|\N|\N|10|t|1961-01-01 00:00:00
13100|61.3448|9.7732|580|0|VESTRE GAUSDAL|\N|13100|\N|\N|\N|9|t|1896-01-01 00:00:00
13140|61.4568|10.192|187|0|FÅVANG - TROMSNES|\N|13140|\N|\N|\N|9|t|1996-08-24 00:00:00
13160|61.4648|10.1277|1030|0|KVITFJELL|1375|13160|\N|\N|\N|8|t|1993-11-01 00:00:00
13310|61.4628|10.3177|780|0|SØRE BREKKOM|\N|13310|\N|\N|\N|9|t|1975-06-01 00:00:00
13420|61.6502|10.1108|930|0|VENABU|1380|13420|\N|\N|\N|8|t|1980-08-01 00:00:00
13450|61.6647|9.976|666|0|HOVDGRENDA|\N|13450|\N|\N|\N|9|t|1972-01-01 00:00:00
13640|61.5108|9.4075|687|0|OLSTAPPEN|\N|13640|\N|\N|\N|9|t|1970-10-01 00:00:00
13670|61.5152|9.3823|890|0|SKÅBU - STORSLÅEN|1370|13670|\N|\N|\N|8|t|1968-10-01 00:00:00
13700|61.4167|9.5347|752|0|ESPEDALEN|\N|13700|\N|\N|\N|9|t|1942-10-01 00:00:00
1400|59.1477|11.5598|114|0|BREKKE SLUSE|1497|1400|\N|\N|\N|10|t|1999-01-01 00:00:00
14050|61.6762|9.558|330|0|SJOA|\N|14050|\N|\N|\N|9|t|1986-11-01 00:00:00
14550|61.9215|9.0132|823|0|PRESTSTULEN|\N|14550|\N|\N|\N|9|t|1950-09-01 00:00:00
14580|61.8735|9.0928|371|0|VÅGÅMO - N GRINDSTUGU|\N|14580|\N|\N|\N|9|t|1979-10-01 00:00:00
14711|61.8135|9.0133|811|0|GROV - SOLHAUG|\N|14711|\N|\N|\N|9|t|1999-09-17 00:00:00
15430|61.7207|8.2443|701|0|BØVERDAL|\N|15430|\N|\N|\N|9|t|1902-01-01 00:00:00
15480|61.8778|8.4717|372|0|SKJÅK II|\N|15480|\N|\N|\N|9|t|1939-05-01 00:00:00
15630|61.9257|8.2362|1140|0|VIKHØ|\N|15630|\N|\N|\N|10|t|1966-11-01 00:00:00
15660|61.9018|8.1723|432|0|SKJÅK|\N|15660|\N|\N|\N|9|t|1895-01-01 00:00:00
15730|61.8968|7.8968|664|0|BRÅTÅ - SLETTOM|1360|15730|\N|\N|\N|8|t|1998-11-01 00:00:00
16270|61.8902|9.4738|935|0|HØVRINGEN|\N|16270|\N|\N|\N|9|t|1972-06-01 00:00:00
1650|59.3008|11.6607|113|0|STRØMSFOSS SLUSE|\N|1650|\N|\N|\N|9|t|1883-01-01 00:00:00
16560|62.0722|9.1163|638|0|DOMBÅS - NORDIGARD|1233|16560|\N|\N|\N|8|t|2006-08-31 00:00:00
16610|62.1145|9.2873|972|0|FOKSTUGU|1238|16610|\N|\N|\N|8|t|1968-06-01 00:00:00
16740|62.0938|9.046|626|0|KJØREMSGRENDE|1236|16740|\N|\N|\N|8|t|2003-04-29 00:00:00
16790|62.1058|8.9205|551|0|LESJA - SVANBORG|\N|16790|\N|\N|\N|9|t|1975-06-01 00:00:00
17000|59.1513|10.8288|10|0|STRØMTANGEN FYR|1495|17000|\N|\N|\N|8|t|1994-05-30 00:00:00
17150|59.383|10.7882|40|0|RYGGE|1494|17150|ENRY|\N|\N|8|t|1955-01-01 00:00:00
17251|59.4428|10.6842|32|0|MOSS BRANNSTASJON|\N|17251|\N|\N|\N|9|t|2004-04-10 00:00:00
17280|59.4352|10.578|14|0|GULLHOLMEN|\N|17280|\N|\N|\N|8|t|2000-11-01 00:00:00
17500|59.497|11.0142|131|0|FLØTER|\N|17500|\N|\N|\N|9|t|1971-11-01 00:00:00
17741|59.6735|10.654|89|0|DRØBAK - DYRLØKKE|\N|17741|\N|\N|\N|9|t|1991-07-01 00:00:00
180|61.296|12.2678|360|0|TRYSIL VEGSTASJON|1397|180|\N|\N|\N|8|t|1993-10-01 00:00:00
18160|59.8728|10.7925|118|0|NORDSTRAND|\N|18160|\N|\N|\N|9|t|1935-01-01 00:00:00
18450|59.969|10.7933|173|0|MARIDALSOSET|\N|18450|\N|\N|\N|9|t|1877-01-01 00:00:00
18500|60.051|10.6865|360|0|BJØRNHOLT I NORDMARKA|1489|18500|\N|\N|\N|8|t|2006-11-01 00:00:00
18700|59.9427|10.7207|94|0|OSLO - BLINDERN|1492|18700|\N|\N|\N|8|t|1996-12-01 00:00:00
18030|59.86|10.8548|175|0|SKULLERUD VRA|\N|18030|\N|\N|\N|10|t|2002-06-24 00:00:00
18950|59.9847|10.6693|514|0|TRYVASSHØGDA|1490|18950|\N|\N|\N|8|t|1997-09-16 00:00:00
19100|60.0373|10.5977|319|0|KJELSÅS I SØRKEDALEN|\N|19100|\N|\N|\N|9|t|1939-01-01 00:00:00
1950|59.481|11.6517|123|0|ØRJE|\N|1950|\N|\N|\N|9|t|1883-01-01 00:00:00
19610|59.915|10.465|81|0|HORNI|\N|19610|\N|\N|\N|9|t|1998-07-07 00:00:00
19710|59.8562|10.437|163|0|ASKER|1486|19710|\N|\N|\N|8|t|2002-03-11 00:00:00
19930|59.868|10.0562|375|0|GLITRE|\N|19930|\N|\N|\N|10|t|1979-10-01 00:00:00
20250|60.109|10.2968|66|0|HOLE|\N|20250|\N|\N|\N|9|t|1921-10-01 00:00:00
20301|60.1665|10.2478|140|0|HØNEFOSS - HØYBY|1469|20301|\N|\N|\N|8|t|2005-05-30 00:00:00
20520|60.2943|10.5803|372|0|LUNNER|\N|20520|\N|\N|\N|9|t|1895-01-01 00:00:00
21360|60.8008|10.1173|156|0|ODNES|\N|21360|\N|\N|\N|10|t|1996-09-01 00:00:00
21680|60.9367|10.0382|542|0|VEST-TORPA II|1374|21680|\N|\N|\N|8|t|1986-08-01 00:00:00
22730|60.6197|9.726|474|0|HEDAL I VALDRES II|\N|22730|\N|\N|\N|9|t|1968-09-01 00:00:00
22790|60.6657|9.7492|172|0|GRIMSRUD I BEGNADALEN|\N|22790|\N|\N|\N|9|t|1998-09-30 00:00:00
22840|60.8352|9.4933|628|0|REINLI|\N|22840|\N|\N|\N|9|t|1895-07-01 00:00:00
22951|60.9167|9.4232|433|0|NORD-AURDAL III|\N|22951|\N|\N|\N|9|t|2001-08-04 00:00:00
23160|60.9183|9.2902|639|0|ÅBJØRSBRÅTEN|1369|23160|\N|\N|\N|8|t|2003-10-01 00:00:00
23390|60.8837|8.8293|890|0|LYKKJA I HEMSEDAL|\N|23390|\N|\N|\N|9|t|1993-01-01 00:00:00
23410|61.0128|9.2928|822|0|FAGERNES LUFTHAVN|1368|23410|ENFG|\N|\N|1|t|1987-01-01 00:00:00
23420|60.9867|9.2367|365|0|FAGERNES|1367|23420|\N|\N|\N|8|t|1982-07-01 00:00:00
23500|61.1167|9.0667|525|0|LØKEN I VOLBU|1371|23500|\N|\N|\N|2|t|1993-08-25 00:00:00
23560|61.2433|8.8557|754|0|BEITO|\N|23560|\N|\N|\N|9|t|1895-07-01 00:00:00
23720|61.126|8.582|477|0|VANG I VALDRES|\N|23720|\N|\N|\N|9|t|1887-01-01 00:00:00
24100|60.1393|10.177|77|0|ASK PÅ RINGERIKE|\N|24100|\N|\N|\N|9|t|1955-08-01 00:00:00
24210|60.2383|9.9262|140|0|SOKNA II|\N|24210|\N|\N|\N|9|t|1896-01-01 00:00:00
24600|60.1377|9.597|367|0|GRIMELI I KRØDSHERAD|\N|24600|\N|\N|\N|9|t|1895-07-01 00:00:00
24770|60.3897|9.573|149|0|GULSVIK IV|\N|24770|\N|\N|\N|9|t|1948-01-01 00:00:00
24890|60.5672|9.1337|164|0|NESBYEN - TODOKK|1373|24890|\N|\N|\N|8|t|2003-11-17 00:00:00
24960|60.7195|8.948|542|0|GOL - STAKE|\N|24960|\N|\N|\N|9|t|1992-09-01 00:00:00
250|61.4188|12.3785|664|0|ØRSJØSETRA|\N|250|\N|\N|\N|9|t|1993-07-01 00:00:00
25100|60.871|8.5323|648|0|HEMSEDAL - HØLTO|\N|25100|\N|\N|\N|9|t|1982-09-01 00:00:00
25260|60.6785|8.2783|863|0|VATS - RANDEN|\N|25260|\N|\N|\N|9|t|2001-08-04 00:00:00
25320|60.6387|8.566|706|0|ÅL III|\N|25320|\N|\N|\N|9|t|1949-09-01 00:00:00
2540|59.8123|11.4767|152|0|HØLAND - FOSSER|1496|2540|\N|\N|\N|8|t|1991-10-01 00:00:00
25540|60.6783|8.0112|969|0|BAKKO I HOL|\N|25540|\N|\N|\N|10|t|1949-10-22 00:00:00
25630|60.53|8.1948|772|0|GEILO - OLDEBRÅTEN|1359|25630|\N|\N|\N|8|t|2006-07-01 00:00:00
25640|60.532|8.1483|841|0|GEILO|\N|25640|\N|\N|\N|9|t|1895-07-01 00:00:00
25830|60.5925|7.5305|1210|0|FINSEVATN|1350|25830|\N|\N|\N|8|t|1993-10-01 00:00:00
2610|59.8905|11.5832|135|0|BJØRKELANGEN II|\N|2610|\N|\N|\N|9|t|1962-01-03 00:00:00
26161|59.9172|9.8605|80|0|MODUM - S. KOPLAND|\N|26161|\N|\N|\N|9|t|2003-09-01 00:00:00
26240|60.0122|9.51|402|0|HIÅSEN I SIGDAL|\N|26240|\N|\N|\N|9|t|1895-07-01 00:00:00
26380|60.2472|9.346|293|0|EGGEDAL III|\N|26380|\N|\N|\N|9|t|1981-06-01 00:00:00
26670|59.6255|9.9545|21|0|HAKAVIK|\N|26670|\N|\N|\N|10|t|1997-07-01 00:00:00
26990|59.619|10.2155|60|0|GALLEBERG|1485|26990|\N|\N|\N|8|t|2003-09-01 00:00:00
27140|59.4158|10.4413|12|0|BORREVANNET|\N|27140|\N|\N|\N|10|t|1965-07-01 00:00:00
27301|59.0807|10.4485|30|0|RAMNES - BERG|\N|27301|\N|\N|\N|9|t|2003-05-20 00:00:00
27450|59.23|10.3483|26|0|MELSOM|1481|27450|\N|\N|\N|8|t|1999-02-09 00:00:00
27470|59.2|10.2667|88|0|TORP|1483|27470|ENTO|\N|\N|8|t|2005-03-10 00:00:00
27500|59.0267|10.53|6|0|FÆRDER FYR|\N|27500|\N|\N|\N|8|t|1885-01-01 00:00:00
27600|59.1327|10.2163|6|0|SANDEFJORD|\N|27600|\N|\N|\N|9|t|1936-01-01 00:00:00
27770|59.2767|10.2002|90|0|STOKKE - SOLLI|\N|27770|\N|\N|\N|9|t|1990-05-01 00:00:00
27800|59.1957|9.9682|31|0|HEDRUM|\N|27800|\N|\N|\N|9|t|1895-07-01 00:00:00
28380|59.6247|9.6377|170|0|KONGSBERG BRANNSTASJON|1473|28380|\N|\N|\N|8|t|2003-02-17 00:00:00
28921|60.043|9.1682|220|0|VEGGLI - S BJØRKGÅRD|\N|28921|\N|\N|\N|9|t|2003-09-01 00:00:00
28922|60.0438|9.1487|276|0|VEGGLI II|1471|28922|\N|\N|\N|8|t|2006-07-05 00:00:00
290|61.4162|12.0683|557|0|TÅGMYRA|\N|290|\N|\N|\N|9|t|1966-09-01 00:00:00
2910|59.9865|12.1397|153|0|SKOTTERUD - BERGSTAD|\N|2910|\N|\N|\N|9|t|1980-05-01 00:00:00
29310|60.2682|8.7798|486|0|UVDAL II|\N|29310|\N|\N|\N|9|t|1957-01-01 00:00:00
29350|60.255|8.7057|648|0|UVDAL KRAFTVERK|\N|29350|\N|\N|\N|9|t|1985-10-01 00:00:00
29600|60.4637|8.7525|870|0|TUNHOVD|\N|29600|\N|\N|\N|9|t|1895-07-01 00:00:00
29720|60.4158|8.501|798|0|DAGALI LUFTHAVN|1363|29720|ENDI|\N|\N|8|t|2001-11-01 00:00:00
29790|60.4173|8.453|828|0|DAGALI II|\N|29790|\N|\N|\N|9|t|2006-01-01 00:00:00
29950|58.9688|10.148|15|0|SVENNER FYR|\N|29950|\N|\N|\N|8|t|2000-01-01 00:00:00
30000|59.053|10.0272|28|0|LARVIK|\N|30000|\N|\N|\N|9|t|1971-10-01 00:00:00
30220|59.4172|9.704|430|0|MYKLE|\N|30220|\N|\N|\N|9|t|1949-01-01 00:00:00
30260|59.1387|9.65|12|0|PORSGRUNN BRANNSTASJON|\N|30260|\N|\N|\N|9|t|1977-07-22 00:00:00
30320|59.1992|9.5895|13|0|SKIEN - ELSTRØM|\N|30320|\N|\N|\N|9|t|1985-05-01 00:00:00
30380|59.4558|9.5337|475|0|GODAL|\N|30380|\N|\N|\N|9|t|2002-12-14 00:00:00
30420|59.1833|9.5667|136|0|SKIEN - GEITERYGGEN|1475|30420|ENSN|\N|\N|8|t|2005-05-11 00:00:00
30530|59.55|9.2642|34|0|NOTODDEN|\N|30530|\N|\N|\N|9|t|1923-01-01 00:00:00
30650|59.5667|9.2105|20|0|NOTODDEN FLYPLASS|1479|30650|ENNO|\N|\N|8|t|2001-02-15 00:00:00
30860|59.8867|9.059|514|0|BERGELIGREND|\N|30860|\N|\N|\N|9|t|1960-09-01 00:00:00
31080|60.1293|8.7033|762|0|TESSUNGDALEN - BAKKHUS|\N|31080|\N|\N|\N|9|t|1983-07-01 00:00:00
31410|59.8792|8.5763|300|0|RJUKAN|\N|31410|\N|\N|\N|9|t|1930-12-01 00:00:00
31570|59.815|8.1363|946|0|MØSVATN - HAUG|\N|31570|\N|\N|\N|9|t|1998-08-04 00:00:00
31620|59.8403|8.1807|977|0|MØSSTRAND II|1450|31620|\N|\N|\N|8|t|2006-09-20 00:00:00
31660|60.0182|7.9147|954|0|MOGEN|\N|31660|\N|\N|\N|9|t|1930-09-01 00:00:00
31850|59.6033|8.7133|162|0|HJARTDAL|\N|31850|\N|\N|\N|10|t|1960-08-01 00:00:00
3190|59.2857|11.1148|57|0|SARPSBORG|1493|3190|\N|\N|\N|8|t|2002-03-11 00:00:00
31900|59.7453|8.81|464|0|TUDDAL|\N|31900|\N|\N|\N|9|t|1895-07-01 00:00:00
3200|59.3078|11.1313|31|0|BATERØD|\N|3200|\N|\N|\N|10|t|2006-01-01 00:00:00
32060|59.3833|9.2013|93|0|GVARV - NES|\N|32060|\N|\N|\N|8|t|1997-05-13 00:00:00
32200|59.455|9.0372|354|0|LIFJELL|\N|32200|\N|\N|\N|9|t|1895-07-01 00:00:00
32320|59.5193|8.6458|162|0|SELJORD - LØNNESTAD|\N|32320|\N|\N|\N|9|t|2002-07-01 00:00:00
32350|59.6478|8.3768|567|0|ÅMOTSDAL|\N|32350|\N|\N|\N|10|t|2003-03-01 00:00:00
32780|59.1443|9.2672|113|0|HØIDALEN I SOLUM|\N|32780|\N|\N|\N|9|t|1897-06-01 00:00:00
3280|59.4617|11.3937|144|0|RAKKESTAD - SANDER|\N|3280|\N|\N|\N|10|t|1982-01-01 00:00:00
32850|59.4063|8.4755|77|0|KVITESEID - MOEN|\N|32850|\N|\N|\N|9|t|1971-10-01 00:00:00
33250|59.7047|8.0365|715|0|RAULAND|\N|33250|\N|\N|\N|9|t|1884-10-01 00:00:00
33890|59.7662|7.3653|822|0|VÅGSLI|1434|33890|\N|\N|\N|8|t|1994-09-27 00:00:00
34130|58.857|9.5762|5|0|JOMFRULAND|1476|34130|\N|\N|\N|8|t|1994-08-24 00:00:00
34600|59.098|9.0713|82|0|DRANGEDAL|\N|34600|\N|\N|\N|9|t|1895-07-01 00:00:00
34800|59.149|8.7755|235|0|TØRDAL - SUVDØLA|\N|34800|\N|\N|\N|9|t|1996-01-01 00:00:00
34900|59.2647|8.775|464|0|POSTMYR I DRANGEDAL|\N|34900|\N|\N|\N|9|t|1895-08-01 00:00:00
3500|59.5338|11.523|182|0|SVARVERUD I EIDSBERG|\N|3500|\N|\N|\N|9|t|2003-06-21 00:00:00
35090|58.8045|9.0992|42|0|EIKELAND|\N|35090|\N|\N|\N|9|t|1980-06-01 00:00:00
35200|58.8873|8.9485|240|0|GJERSTAD I AUST-AGDER|\N|35200|\N|\N|\N|9|t|1986-07-01 00:00:00
35340|58.719|9.2112|36|0|RISØR BRANNSTASJON|\N|35340|\N|\N|\N|9|t|1968-02-01 00:00:00
36300|58.4697|8.6157|42|0|REIERSØL|\N|36300|\N|\N|\N|10|t|1958-09-01 00:00:00
35860|58.6335|9.1503|4|0|LYNGØR FYR|1467|35860|\N|\N|\N|8|t|2004-12-31 00:00:00
36060|58.4672|8.7607|44|0|ARENDAL BRANNSTASJON|\N|36060|\N|\N|\N|9|t|1973-06-01 00:00:00
36200|58.3833|8.7918|12|0|TORUNGEN FYR|\N|36200|\N|\N|\N|8|t|2006-02-20 00:00:00
36490|58.5967|8.7187|63|0|BØYLEFOSS|\N|36490|\N|\N|\N|9|t|1977-08-01 00:00:00
36560|58.6582|8.6313|142|0|NELAUG|1459|36560|\N|\N|\N|8|t|1966-07-01 00:00:00
37230|59.0272|8.5207|252|0|TVEITSUND|1455|37230|\N|\N|\N|8|t|1944-06-01 00:00:00
37300|59.1605|8.395|344|0|FJALESTAD|\N|37300|\N|\N|\N|9|t|1964-12-01 00:00:00
37500|59.3238|8.1522|532|0|FOLDSÆ|\N|37500|\N|\N|\N|9|t|1954-01-01 00:00:00
37570|59.38|7.829|740|0|BORSÆ|\N|37570|\N|\N|\N|10|t|1953-01-01 00:00:00
37650|59.0095|8.2735|287|0|KILEGREND|\N|37650|\N|\N|\N|9|t|1941-01-01 00:00:00
3780|59.6358|11.0478|144|0|IGSI I HOBØL|\N|3780|\N|\N|\N|9|t|1908-01-01 00:00:00
38140|58.3333|8.5167|6|0|LANDVIK|1464|38140|\N|\N|\N|2|t|1993-11-20 00:00:00
38380|58.5227|8.0413|259|0|DOVLAND|\N|38380|\N|\N|\N|9|t|1971-06-03 00:00:00
38421|58.4213|8.2893|67|0|SENUMSTAD|\N|38421|\N|\N|\N|9|t|1999-08-24 00:00:00
38450|58.5172|8.3535|85|0|HEREFOSS|\N|38450|\N|\N|\N|9|t|1895-07-01 00:00:00
38600|58.6333|8.2818|245|0|MYKLAND|\N|38600|\N|\N|\N|9|t|1895-07-01 00:00:00
38800|58.793|8.2343|227|0|TOVDAL|\N|38800|\N|\N|\N|9|t|1895-07-01 00:00:00
39040|58.2002|8.0682|12|0|KJEVIK|1452|39040|ENCN|\N|\N|8|t|1946-01-01 00:00:00
39100|58.067|8.0508|9|0|OKSØY FYR|1448|39100|\N|\N|\N|8|t|2005-01-01 00:00:00
39220|58.2153|7.8908|151|0|MESTAD I ODDERNES|\N|39220|\N|\N|\N|9|t|1900-01-01 00:00:00
39690|58.6672|7.801|212|0|BYGLANDSFJORD - SOLBAKKEN|1442|39690|\N|\N|\N|8|t|1969-12-01 00:00:00
40200|59.1243|7.5103|275|0|BROKKE KRAFTSTASJON|\N|40200|\N|\N|\N|9|t|1987-06-01 00:00:00
40271|59.2385|7.5392|350|0|HOMME - INNISTOG|\N|40271|\N|\N|\N|9|t|1998-12-12 00:00:00
4040|59.7512|11.1532|164|0|ENEBAKK - BARBØL|\N|4040|\N|\N|\N|9|t|1998-05-16 00:00:00
40420|59.3517|7.3468|599|0|BYKLE - KULTRAN|\N|40420|\N|\N|\N|9|t|1967-09-01 00:00:00
40880|59.5952|7.41|890|0|HOVDEN - LUNDANE|1441|40880|\N|\N|\N|8|t|2003-08-28 00:00:00
41110|58.0477|7.4463|138|0|MANDAL II|1430|41110|\N|\N|\N|8|t|2003-06-04 00:00:00
41200|58.318|7.5938|275|0|FINSLAND|\N|41200|\N|\N|\N|9|t|1971-06-01 00:00:00
41370|58.3935|7.5248|110|0|BJELLAND KRAFTVERK|\N|41370|\N|\N|\N|10|t|1979-06-01 00:00:00
41480|58.6158|7.407|278|0|ÅSERAL|\N|41480|\N|\N|\N|9|t|1895-07-01 00:00:00
41550|58.788|7.3522|504|0|LJOSLAND - MONEN|\N|41550|\N|\N|\N|9|t|1971-08-01 00:00:00
41640|58.2222|7.3373|38|0|VIGMOSTAD|\N|41640|\N|\N|\N|9|t|1939-10-01 00:00:00
41670|58.267|7.3807|263|0|KONSMO - HØYLAND|1439|41670|\N|\N|\N|8|t|1992-01-01 00:00:00
41770|57.9833|7.0483|13|0|LINDESNES FYR|1436|41770|\N|\N|\N|8|t|1969-04-01 00:00:00
41820|58.1337|7.0488|4|0|KVÅVIK|\N|41820|\N|\N|\N|9|t|1972-01-01 00:00:00
41860|58.2435|6.9827|317|0|KVINESHEI - SØRHELLE|\N|41860|\N|\N|\N|9|t|1995-05-01 00:00:00
420|61.6852|11.9983|481|0|HEGGERISET - NORDSTRAND|\N|420|\N|\N|\N|9|t|1968-07-01 00:00:00
42140|58.1003|6.6178|10|0|LISTA FLYSTASJON|1428|42140|ENLI|\N|\N|1|t|1955-06-01 00:00:00
42160|58.11|6.5683|14|0|LISTA FYR|1427|42160|\N|\N|\N|8|t|1919-07-01 00:00:00
42250|58.2818|6.8183|26|0|FEDAFJORDEN II|\N|42250|\N|\N|\N|9|t|1949-07-01 00:00:00
42520|58.6577|6.9465|348|0|RISNES I FJOTLAND|\N|42520|\N|\N|\N|9|t|1895-07-01 00:00:00
42650|58.2842|6.6498|5|0|FLEKKEFJORD|\N|42650|\N|\N|\N|9|t|1940-11-01 00:00:00
42720|58.4117|6.658|75|0|BAKKE|\N|42720|\N|\N|\N|9|t|1927-01-01 00:00:00
42780|58.7168|6.6328|444|0|KULII KRAFTSTASJON|\N|42780|\N|\N|\N|10|t|1993-07-17 00:00:00
42790|58.659|6.7032|54|0|TONSTAD - FINSÅ|\N|42790|\N|\N|\N|10|t|2005-11-15 00:00:00
42810|58.6643|6.7108|55|0|TONSTAD - NETTFED|\N|42810|\N|\N|\N|9|t|1977-09-01 00:00:00
42890|58.8215|6.716|474|0|SKREÅDALEN|\N|42890|\N|\N|\N|9|t|1895-01-01 00:00:00
42920|58.8875|6.8485|500|0|SIRDAL - TJØRHOM|1432|42920|\N|\N|\N|8|t|1974-09-15 00:00:00
42950|58.9463|6.9193|582|0|ØVRE SIRDAL|\N|42950|\N|\N|\N|9|t|1895-01-01 00:00:00
43010|58.5008|6.5008|65|0|EIK - HOVE|1425|43010|\N|\N|\N|8|t|1998-04-01 00:00:00
43090|58.3252|6.3598|136|0|JØSSINGFJORD|\N|43090|\N|\N|\N|10|t|1935-11-01 00:00:00
43360|58.4527|6.003|4|0|EGERSUND|\N|43360|\N|\N|\N|9|t|1896-08-01 00:00:00
43810|58.7662|6.3698|311|0|MAUDAL|\N|43810|\N|\N|\N|9|t|1946-08-01 00:00:00
43980|58.5972|5.6643|20|0|VARHAUG - KLOKKEGÅRDEN|\N|43980|\N|\N|\N|9|t|2005-03-18 00:00:00
44160|58.6947|5.6418|19|0|HOGNESTAD|\N|44160|\N|\N|\N|9|t|1914-01-01 00:00:00
44300|58.7833|5.6833|80|0|SÆRHEIM|1413|44300|\N|\N|\N|2|t|1993-12-17 00:00:00
4440|60.0977|10.8645|174|0|HAKADAL - BLIKSRUDHAGAN|1491|4440|\N|\N|\N|8|t|2005-02-08 00:00:00
44480|58.6842|5.9847|263|0|SØYLAND I GJESDAL|\N|44480|\N|\N|\N|9|t|1902-01-01 00:00:00
47270|59.3203|5.321|8|0|KARMØY - HYDRO|\N|47270|\N|\N|\N|10|t|1977-05-01 00:00:00
44560|58.8843|5.637|7|0|SOLA|1415|44560|ENZV|\N|\N|8|t|1935-07-01 00:00:00
4460|60.1173|10.829|170|0|HAKADAL JERNBANESTASJON|1488|4460|\N|\N|\N|8|t|2007-01-08 00:00:00
44610|59.0705|5.4122|21|0|KVITSØY - NORDBØ|1411|44610|\N|\N|\N|8|t|2005-04-26 00:00:00
44630|58.9597|5.7213|34|0|STAVANGER - KIELLANDSMYRA|\N|44630|\N|\N|\N|8|t|2005-05-01 00:00:00
44800|58.8185|5.9202|230|0|SVILAND|\N|44800|\N|\N|\N|9|t|1895-07-01 00:00:00
44900|58.8308|6.0567|44|0|OLTEDAL|\N|44900|\N|\N|\N|9|t|1972-01-01 00:00:00
45350|59.0568|6.6493|9|0|LYSEBOTN|\N|45350|\N|\N|\N|9|t|1895-01-01 00:00:00
45600|59.0775|6.02|64|0|BJØRHEIM I RYFYLKE|\N|45600|\N|\N|\N|9|t|1952-11-01 00:00:00
45880|59.16|6.0365|50|0|FISTER - TØNNEVIK|1423|45880|\N|\N|\N|8|t|1992-06-01 00:00:00
46150|59.4787|6.2783|25|0|SAND I RYFYLKE II|\N|46150|\N|\N|\N|9|t|1957-01-01 00:00:00
46300|59.5887|6.809|333|0|SULDALSVATN|\N|46300|\N|\N|\N|9|t|1895-07-01 00:00:00
46400|59.6497|6.8203|72|0|NESFLATEN|\N|46400|\N|\N|\N|10|t|2001-02-01 00:00:00
46450|59.8293|6.8253|393|0|RØLDAL|\N|46450|\N|\N|\N|9|t|1883-01-01 00:00:00
46510|59.8338|6.9915|1079|0|MIDTLÆGER|1433|46510|\N|\N|\N|8|t|1995-10-31 00:00:00
46700|59.6863|6.52|255|0|HELLANDSBYGD|\N|46700|\N|\N|\N|10|t|1977-10-01 00:00:00
46850|59.5558|5.9955|159|0|HUNDSEID I VIKEDAL|\N|46850|\N|\N|\N|9|t|1936-10-01 00:00:00
46910|59.484|5.7507|64|0|NEDRE VATS|1417|46910|\N|\N|\N|8|t|1969-01-01 00:00:00
47240|59.2693|5.2632|19|0|KARMØY - BREKKEVANN|\N|47240|\N|\N|\N|10|t|1967-09-14 00:00:00
47260|59.3497|5.1977|24|0|HAUGESUND LUFTHAVN|1408|47260|ENHD|\N|\N|8|t|2003-05-27 00:00:00
47300|59.3077|4.8783|55|0|UTSIRA FYR|1403|47300|\N|\N|\N|8|t|1926-01-01 00:00:00
4740|60.1742|11.051|187|0|UKKESTAD|\N|4740|\N|\N|\N|9|t|1965-09-01 00:00:00
47450|59.6538|5.4352|37|0|STRAUMØY|\N|47450|\N|\N|\N|9|t|1990-06-01 00:00:00
47500|59.665|5.9652|35|0|ETNE|\N|47500|\N|\N|\N|10|t|2004-10-01 00:00:00
47600|59.6637|6.0663|83|0|LITLEDAL|\N|47600|\N|\N|\N|10|t|1997-10-01 00:00:00
47610|59.6342|6.0878|558|0|KRITLE|\N|47610|\N|\N|\N|9|t|1998-05-16 00:00:00
47750|59.9102|6.5098|395|0|VINTERTUN|\N|47750|\N|\N|\N|9|t|1973-07-01 00:00:00
4780|60.2065|11.0802|202|0|GARDERMOEN|1384|4780|ENGM|\N|\N|8|t|1940-04-01 00:00:00
47820|59.858|6.2825|178|0|EIKEMO|\N|47820|\N|\N|\N|9|t|1961-01-01 00:00:00
47890|59.8567|6.0188|38|0|OPSTVEIT|\N|47890|\N|\N|\N|9|t|1968-01-01 00:00:00
48090|59.7927|5.4318|35|0|LITLABØ - DALE|\N|48090|\N|\N|\N|9|t|1971-08-01 00:00:00
48120|59.7933|5.3407|49|0|STORD LUFTHAVN|1407|48120|ENSO|\N|\N|8|t|2004-10-08 00:00:00
48250|59.9167|5.3163|24|0|FITJAR - PRESTBØ|\N|48250|\N|\N|\N|9|t|1982-10-01 00:00:00
48330|59.9083|5.0733|25|0|SLÅTTERØY FYR|1406|48330|\N|\N|\N|8|t|2003-05-12 00:00:00
48450|59.8648|5.7728|13|0|HUSNES|\N|48450|\N|\N|\N|9|t|1966-11-01 00:00:00
48500|59.991|6.0278|54|0|ROSENDAL|\N|48500|\N|\N|\N|9|t|1930-01-01 00:00:00
48780|60.1322|6.3305|33|0|MAURANGER KRAFTSTASJON|\N|48780|\N|\N|\N|10|t|1977-01-01 00:00:00
49070|60.2797|6.3823|342|0|KVÅLE|\N|49070|\N|\N|\N|9|t|1966-07-01 00:00:00
49351|60.1198|6.5608|32|0|TYSSEDAL IA|\N|49351|\N|\N|\N|9|t|2000-09-27 00:00:00
49460|60.1715|6.6827|1088|0|TYSSEDAL IV|\N|49460|\N|\N|\N|10|t|1937-11-23 00:00:00
49550|60.3725|6.7382|108|0|KINSARVIK|\N|49550|\N|\N|\N|9|t|1895-07-01 00:00:00
49631|60.4647|7.0685|20|0|EIDFJORD II|\N|49631|\N|\N|\N|9|t|2003-07-19 00:00:00
49750|60.4232|7.2732|748|0|LISET|\N|49750|\N|\N|\N|9|t|1974-10-01 00:00:00
49800|60.4085|7.2798|735|0|FET I EIDFJORD|1340|49800|\N|\N|\N|8|t|2005-06-30 00:00:00
49870|60.5|7.1473|3|0|SIMADAL|\N|49870|\N|\N|\N|10|t|1978-09-01 00:00:00
50070|60.3578|6.2748|49|0|KVAMSØY|1329|50070|\N|\N|\N|8|t|2003-11-16 00:00:00
50080|60.379|6.1927|108|0|ØYSTESE - BORGE|\N|50080|\N|\N|\N|9|t|1980-09-01 00:00:00
50120|60.2675|6.0337|16|0|SKULAFOSSEN KRAFTSTASJON|\N|50120|\N|\N|\N|10|t|1995-03-01 00:00:00
50150|60.0422|5.9057|45|0|HATLESTRAND|\N|50150|\N|\N|\N|9|t|1943-07-01 00:00:00
50310|60.3887|5.964|452|0|KVAMSKOGEN - JONSHØGDI|1327|50310|\N|\N|\N|8|t|2006-08-01 00:00:00
50351|60.464|5.8938|367|0|SAMNANGER II|\N|50351|\N|\N|\N|9|t|1999-06-12 00:00:00
50450|60.2733|5.3315|54|0|FANA - STEND|\N|50450|\N|\N|\N|9|t|1896-07-01 00:00:00
50500|60.29|5.2333|48|0|FLESLAND|1311|50500|ENBR|\N|\N|8|t|1955-10-02 00:00:00
50540|60.3833|5.3337|12|0|BERGEN - FLORIDA|1317|50540|\N|\N|\N|8|t|1949-01-01 00:00:00
51130|60.554|6.0255|514|0|KALDESTAD|\N|51130|\N|\N|\N|10|t|1970-09-01 00:00:00
51250|60.6887|5.9647|316|0|ØVSTEDAL|\N|51250|\N|\N|\N|9|t|1944-01-01 00:00:00
51470|60.646|6.2235|323|0|BULKEN|\N|51470|\N|\N|\N|9|t|1895-01-01 00:00:00
51530|60.625|6.4262|54|0|VOSSEVANGEN|1337|51530|\N|\N|\N|8|t|2004-01-22 00:00:00
51800|60.7037|6.9448|695|0|MJØLFJELL UH|1344|51800|\N|\N|\N|8|t|1999-06-01 00:00:00
52170|60.8027|6.1502|450|0|EKSINGEDAL|\N|52170|\N|\N|\N|9|t|1895-07-01 00:00:00
52220|60.8288|6.25|579|0|GULLBRÅ|\N|52220|\N|\N|\N|9|t|1944-01-01 00:00:00
52290|60.841|5.9533|114|0|MODALEN II|1325|52290|\N|\N|\N|8|t|1980-06-01 00:00:00
52400|60.623|5.3808|72|0|EIKANGER - MYR|\N|52400|\N|\N|\N|9|t|1968-09-01 00:00:00
52601|0.0102|5.5833|325|0|HAUKELAND - STOREVATN|\N|52601|\N|\N|\N|9|t|2003-01-01 00:00:00
52640|60.874|5.5937|7|0|MATRE KRAFTSTASJON|\N|52640|\N|\N|\N|10|t|1996-03-15 00:00:00
52750|60.848|5.2173|13|0|FRØYSET|\N|52750|\N|\N|\N|9|t|1895-07-01 00:00:00
52860|61.0267|5.385|38|0|TAKLE|1319|52860|\N|\N|\N|8|t|1950-01-01 00:00:00
52930|60.9593|5.4268|240|0|BREKKE I SOGN|\N|52930|\N|\N|\N|9|t|1996-07-01 00:00:00
52970|61.0662|5.9073|4|0|SØREBØ|\N|52970|\N|\N|\N|9|t|1996-07-01 00:00:00
52990|61.1087|6.1395|4|0|ORTNEVIK|\N|52990|\N|\N|\N|9|t|1972-01-01 00:00:00
53070|61.0728|6.5813|65|0|VIK I SOGN III|\N|53070|\N|\N|\N|9|t|1895-01-01 00:00:00
53101|61.1712|6.647|49|0|VANGSNES|1338|53101|\N|\N|\N|8|t|2006-07-26 00:00:00
53130|61.0688|6.9345|32|0|FRESVIK|\N|53130|\N|\N|\N|9|t|1978-10-01 00:00:00
53160|60.9007|6.7275|614|0|JORDALEN - NÅSEN|\N|53160|\N|\N|\N|9|t|1977-10-01 00:00:00
53180|60.7938|6.6928|460|0|BRANDSET|\N|53180|\N|\N|\N|9|t|1972-01-01 00:00:00
5350|60.3887|11.5602|147|0|NORD-ODAL|\N|5350|\N|\N|\N|9|t|1895-01-01 00:00:00
53700|60.9032|7.2018|15|0|AURLAND|\N|53700|\N|\N|\N|9|t|1946-01-01 00:00:00
53730|60.8477|7.3115|647|0|GRIMSETE|\N|53730|\N|\N|\N|10|t|1984-11-01 00:00:00
53950|60.7998|7.5675|973|0|AURLAND - ØYESTØL|\N|53950|\N|\N|\N|10|t|1984-11-01 00:00:00
54120|61.0663|7.5142|24|0|LÆRDAL - MOLDO|1355|54120|\N|\N|\N|8|t|1996-05-31 00:00:00
54320|61.0588|7.8197|407|0|BORGUND - LO|\N|54320|\N|\N|\N|10|t|1974-10-01 00:00:00
54420|61.0067|8.0912|1124|0|ØLJUSJØ PUMPEKRAFTVERK|\N|54420|\N|\N|\N|10|t|1974-10-01 00:00:00
54500|61.0742|7.9553|502|0|BORLO|\N|54500|\N|\N|\N|9|t|1944-09-01 00:00:00
54600|61.1093|8.036|806|0|MARISTOVA|\N|54600|\N|\N|\N|9|t|1895-01-01 00:00:00
55290|61.5652|7.9982|1413|0|SOGNEFJELLHYTTA|1366|55290|\N|\N|\N|8|t|2003-08-25 00:00:00
55550|61.2925|7.1887|246|0|HAFSLO|\N|55550|\N|\N|\N|9|t|1895-07-01 00:00:00
55670|61.478|6.034|172|0|VEITASTROND|\N|55670|\N|\N|\N|9|t|1972-09-01 00:00:00
55700|61.158|7.1413|497|0|SOGNDAL LUFTHAVN|1347|55700|ENSG|\N|\N|8|t|2003-10-09 00:00:00
55730|61.3348|6.9335|421|0|SOGNDAL - SELSENG|\N|55730|\N|\N|\N|9|t|1895-07-01 00:00:00
5590|60.1903|12.0067|148|0|KONGSVINGER|1468|5590|\N|\N|\N|8|t|2006-07-01 00:00:00
55930|61.2038|6.5315|14|0|BALESTRAND BRANNSTASJON|\N|55930|\N|\N|\N|10|t|2000-01-01 00:00:00
56010|61.2178|6.0647|5|0|HØYANGER VERK|\N|56010|\N|\N|\N|9|t|2000-09-23 00:00:00
56011|61.2172|6.0595|20|0|HØYANGER|\N|56011|\N|\N|\N|9|t|1996-03-23 00:00:00
56280|61.2163|5.7513|350|0|RØRVIKVATN VED VADHEIM|\N|56280|\N|\N|\N|9|t|1929-01-01 00:00:00
56320|61.1122|5.547|31|0|LAVIK|\N|56320|\N|\N|\N|9|t|1895-07-01 00:00:00
56400|61.0047|4.6758|3|0|YTRE SOLUND|\N|56400|\N|\N|\N|9|t|1923-02-01 00:00:00
56420|61.3|5.05|14|0|FURENESET|1308|56420|\N|\N|\N|2|t|1993-10-21 00:00:00
56480|61.3097|4.7353|15|0|VÆRLANDET|\N|56480|\N|\N|\N|9|t|1982-05-01 00:00:00
56520|61.2345|5.4323|60|0|HOVLANDSDAL|\N|56520|\N|\N|\N|9|t|1899-09-01 00:00:00
56780|61.3435|5.7267|47|0|SYGNA|\N|56780|\N|\N|\N|9|t|1996-07-01 00:00:00
56850|61.3262|6.1983|243|0|VIKSDALEN I GAULAR|\N|56850|\N|\N|\N|9|t|1992-09-01 00:00:00
56960|61.4202|6.3758|329|0|HAUKEDAL|\N|56960|\N|\N|\N|9|t|2001-08-01 00:00:00
57000|61.3833|5.7667|324|0|FØRDE LH - BRINGELAND|1323|57000|ENBL|\N|\N|8|t|2001-11-01 00:00:00
57390|61.576|6.4922|205|0|SKEI I JØLSTER|\N|57390|\N|\N|\N|9|t|1969-01-01 00:00:00
57420|61.4648|5.9333|64|0|FØRDE - TEFRE|1322|57420|\N|\N|\N|8|t|1992-12-01 00:00:00
57480|61.5362|6.0602|237|0|BOTNEN I FØRDE|\N|57480|\N|\N|\N|9|t|1895-07-01 00:00:00
57660|61.6415|5.8163|170|0|EIMHJELLEN|\N|57660|\N|\N|\N|9|t|1981-07-01 00:00:00
57680|61.5888|5.472|30|0|EIKEFJORD|\N|57680|\N|\N|\N|9|t|1903-12-01 00:00:00
55820|61.4233|6.7642|3|0|FJÆRLAND - BREMUSEET|1332|55820|\N|\N|\N|8|t|2005-11-20 00:00:00
57710|61.5832|5.0278|9|0|FLORØ LUFTHAVN|1310|57710|ENFL|\N|\N|8|t|1997-01-01 00:00:00
57770|61.5717|4.6817|26|0|YTTERØYANE FYR|1304|57770|\N|\N|\N|8|t|2006-06-01 00:00:00
57780|61.6927|5.575|105|0|GRØNDALEN|\N|57780|\N|\N|\N|9|t|1977-10-01 00:00:00
57810|61.7708|5.2988|3|0|SVELGEN II|\N|57810|\N|\N|\N|9|t|1973-01-01 00:00:00
57850|61.8928|5.542|78|0|DAVIKNES|\N|57850|\N|\N|\N|9|t|1990-07-01 00:00:00
57940|61.832|5.6687|24|0|ÅLFOTEN II|\N|57940|\N|\N|\N|9|t|1943-09-01 00:00:00
57990|61.6598|5.9485|230|0|GJENGEDAL|\N|57990|\N|\N|\N|9|t|1972-01-01 00:00:00
58070|61.7878|6.1857|51|0|SANDANE|1318|58070|\N|\N|\N|8|t|1957-06-01 00:00:00
58100|61.8293|6.1043|60|0|SANDANE LUFTHAVN|1320|58100|ENSD|\N|\N|8|t|2004-02-05 00:00:00
58320|61.7135|6.6165|315|0|MYKLEBUST I BREIM|\N|58320|\N|\N|\N|9|t|1895-07-01 00:00:00
58390|61.8375|6.5977|70|0|INNVIK - HEGGDAL|\N|58390|\N|\N|\N|9|t|2005-10-17 00:00:00
58480|61.6945|6.8097|40|0|BRIKSDAL|\N|58480|\N|\N|\N|9|t|1895-07-01 00:00:00
58780|61.919|6.0403|34|0|NORDFJORDEID - NYMARK|\N|58780|\N|\N|\N|9|t|1972-01-01 00:00:00
58900|61.9157|6.5592|208|0|STRYN - KROKEN|1321|58900|\N|\N|\N|8|t|1993-11-01 00:00:00
58960|62.0032|6.6512|340|0|HORNINDAL|\N|58960|\N|\N|\N|9|t|1895-01-01 00:00:00
59110|62.034|4.986|75|0|KRÅKENES|1203|59110|\N|\N|\N|8|t|1991-10-01 00:00:00
59250|61.9985|5.088|3|0|REFVIK|\N|59250|\N|\N|\N|9|t|1996-07-01 00:00:00
59450|62.1477|5.214|75|0|STADLANDET|\N|59450|\N|\N|\N|9|t|1923-01-01 00:00:00
59610|62.103|5.5817|41|0|FISKÅBYGD|1207|59610|\N|\N|\N|8|t|2003-09-05 00:00:00
59670|62.1678|6.0347|58|0|EKSET I VOLDA|\N|59670|\N|\N|\N|9|t|1959-01-01 00:00:00
59680|62.181|6.0807|74|0|ØRSTA-VOLDA LUFTHAVN|1209|59680|ENOV|\N|\N|8|t|2004-05-25 00:00:00
59800|62.3283|5.27|38|0|SVINØY FYR|1205|59800|\N|\N|\N|8|t|2005-08-23 00:00:00
59900|62.2032|6.4677|21|0|SÆBØ|\N|59900|\N|\N|\N|9|t|1972-01-01 00:00:00
60|61.5585|12.494|564|0|LINNES|\N|60|\N|\N|\N|9|t|1968-07-01 00:00:00
6020|60.6173|12.017|185|0|FLISA II|1392|6020|\N|\N|\N|8|t|2003-11-17 00:00:00
60400|62.2477|7.2415|28|0|NORDDAL|\N|60400|\N|\N|\N|9|t|1895-07-01 00:00:00
60500|62.2335|7.4167|15|0|TAFJORD|1218|60500|\N|\N|\N|8|t|1930-07-01 00:00:00
60620|62.3288|7.5128|312|0|GRØNNING|\N|60620|\N|\N|\N|9|t|1972-11-01 00:00:00
60800|62.4788|6.82|4|0|ØRSKOG|\N|60800|\N|\N|\N|9|t|1895-07-01 00:00:00
60890|62.4648|6.3975|27|0|BRUSDALSVATN II|\N|60890|\N|\N|\N|9|t|1972-01-01 00:00:00
60990|62.5617|6.115|22|0|VIGRA|1210|60990|ENAL|\N|\N|8|t|1958-07-01 00:00:00
610|61.8438|11.8428|690|0|GLØTVOLA - TRØAN|\N|610|\N|\N|\N|9|t|1997-09-01 00:00:00
61040|62.6037|6.324|13|0|HILDRE|\N|61040|\N|\N|\N|9|t|1977-01-01 00:00:00
61180|62.6085|7.2293|35|0|HJELVIK - MYRBØ|1215|61180|\N|\N|\N|8|t|2003-04-29 00:00:00
61350|62.5658|7.6773|20|0|ÅNDALSNES|\N|61350|\N|\N|\N|9|t|1952-12-01 00:00:00
61550|62.3418|8.0517|247|0|VERMA|\N|61550|\N|\N|\N|9|t|1895-07-01 00:00:00
61770|62.2317|8.3733|621|0|LESJASKOG|1231|61770|\N|\N|\N|8|t|2001-02-21 00:00:00
61820|62.6635|8.1063|14|0|ERESFJORD|\N|61820|\N|\N|\N|9|t|1959-01-01 00:00:00
62160|62.8083|7.7022|247|0|ISTAD KRAFTSTASJON|\N|62160|\N|\N|\N|9|t|1980-09-01 00:00:00
62270|62.7443|7.2617|3|0|MOLDE LUFTHAVN|1217|62270|ENML|\N|\N|8|t|2002-08-27 00:00:00
62480|62.8597|6.5395|13|0|ONA II|1212|62480|\N|\N|\N|8|t|2001-03-13 00:00:00
62700|62.9088|7.2453|80|0|HUSTADVATN|\N|62700|\N|\N|\N|9|t|1923-01-01 00:00:00
62900|62.8915|7.3905|49|0|EIDE PÅ NORDMØRE|\N|62900|\N|\N|\N|9|t|1923-01-01 00:00:00
63100|62.6855|8.4245|47|0|ØKSENDAL|\N|63100|\N|\N|\N|9|t|1895-07-01 00:00:00
63420|62.675|8.5588|6|0|SUNNDALSØRA III|1226|63420|\N|\N|\N|8|t|2004-08-16 00:00:00
63530|62.5095|8.9773|698|0|HAFSÅS|\N|63530|\N|\N|\N|9|t|1977-10-01 00:00:00
63580|62.6717|9.1978|596|0|ÅNGÅRDSVATNET|\N|63580|\N|\N|\N|9|t|1965-07-01 00:00:00
63705|62.6043|9.6667|604|0|OPPDAL - SÆTER|1245|63705|\N|\N|\N|8|t|1999-12-01 00:00:00
63750|62.5742|9.6457|512|0|MJØEN|\N|63750|\N|\N|\N|9|t|1965-07-01 00:00:00
64320|63.1258|7.727|4|0|KRISTIANSUND ELVERK|\N|64320|\N|\N|\N|10|t|1986-06-01 00:00:00
64330|63.1055|7.8333|62|0|KRISTIANSUND LUFTHAVN|1223|64330|ENKB|\N|\N|8|t|2003-10-14 00:00:00
6440|60.6963|12.3702|230|0|VERMUNDSJØEN|\N|6440|\N|\N|\N|9|t|1989-07-01 00:00:00
64460|62.9762|8.2427|12|0|HALSAFJORD II|\N|64460|\N|\N|\N|9|t|1947-01-01 00:00:00
64550|62.8405|8.2983|69|0|TINGVOLL - HANEM|1227|64550|\N|\N|\N|8|t|1972-07-01 00:00:00
64580|62.8347|8.5213|5|0|ÅLVUNDFJORD|1229|64580|\N|\N|\N|9|t|1971-05-01 00:00:00
64620|62.8052|8.5048|92|0|REINSET KRAFTSTASJON|\N|64620|\N|\N|\N|10|t|1975-07-01 00:00:00
64800|63.005|9.0113|39|0|SURNADAL|\N|64800|\N|\N|\N|9|t|1895-07-01 00:00:00
64900|63.038|9.2205|228|0|RINDAL|\N|64900|\N|\N|\N|9|t|2001-07-17 00:00:00
65150|63.2777|8.6078|179|0|AUREDALEN|\N|65150|\N|\N|\N|9|t|1969-08-01 00:00:00
65230|63.2613|9.0115|45|0|HEMNE - LENES|\N|65230|\N|\N|\N|9|t|1998-04-01 00:00:00
65270|63.2287|9.3503|306|0|SØVATNET|\N|65270|\N|\N|\N|9|t|1965-01-01 00:00:00
65310|63.518|7.9467|5|0|VEIHOLMEN|1225|65310|\N|\N|\N|8|t|2002-07-01 00:00:00
65370|63.4198|8.0642|30|0|SMØLA - MOLDSTAD|\N|65370|\N|\N|\N|10|t|1985-10-01 00:00:00
65450|63.5212|9.0943|20|0|SANDSTAD|\N|65450|\N|\N|\N|9|t|1920-12-01 00:00:00
65600|63.6235|8.7355|23|0|HITRA|\N|65600|\N|\N|\N|9|t|1923-01-01 00:00:00
65940|63.8467|8.4667|5|0|SULA|1228|65940|\N|\N|\N|8|t|1999-10-11 00:00:00
66070|63.295|9.7483|84|0|SKJENALDFOSSEN I ORKDAL|\N|66070|\N|\N|\N|9|t|1907-01-01 00:00:00
66100|63.33|9.645|300|0|SONGLI|1243|66100|\N|\N|\N|9|t|1988-07-03 00:00:00
66150|63.3153|9.8495|4|0|ORKDAL - THAMSHAMN|1234|66150|\N|\N|\N|8|t|2006-08-08 00:00:00
6620|60.9107|11.593|230|0|ELVERUM - FAGERTUN|\N|6620|\N|\N|\N|9|t|1978-09-01 00:00:00
66210|63.1842|9.5965|203|0|HOSTON|\N|66210|\N|\N|\N|9|t|1960-01-01 00:00:00
66580|62.7672|9.5687|803|0|NERSKOGEN II|\N|66580|\N|\N|\N|9|t|1965-01-01 00:00:00
66620|62.8702|9.8352|234|0|RENNEBU - RAMSTAD|\N|66620|\N|\N|\N|9|t|1992-07-01 00:00:00
66730|62.8173|10.0172|475|0|BERKÅK - LYNGHOLT|1252|66730|\N|\N|\N|8|t|2007-05-01 00:00:00
66850|62.5967|10.2715|550|0|KVIKNE I ØSTERDAL|\N|66850|\N|\N|\N|9|t|1895-07-01 00:00:00
67150|63.328|10.2737|13|0|LEINSTRAND|\N|67150|\N|\N|\N|9|t|1960-01-01 00:00:00
67240|63.0455|10.2927|65|0|STØREN - VÅRVOLL|\N|67240|\N|\N|\N|9|t|1987-09-01 00:00:00
67540|62.9925|10.5227|330|0|RØSBJØRGEN|\N|67540|\N|\N|\N|9|t|1960-01-01 00:00:00
67770|62.9008|11.1725|290|0|HALTDALEN III|\N|67770|\N|\N|\N|9|t|1970-01-01 00:00:00
68270|63.2383|10.4353|165|0|LØKSMYR|\N|68270|\N|\N|\N|9|t|1960-01-01 00:00:00
68330|63.209|11.1157|255|0|LIEN I SELBU|\N|68330|\N|\N|\N|9|t|1895-07-01 00:00:00
68420|63.0562|11.5695|302|0|AUNET|\N|68420|\N|\N|\N|9|t|1895-01-01 00:00:00
68840|62.8948|11.8637|730|0|STUGUDAL - KÅSEN|\N|68840|\N|\N|\N|9|t|1978-07-01 00:00:00
68860|63.4107|10.4535|127|0|TRONDHEIM - VOLL|1257|68860|\N|\N|\N|8|t|1996-03-01 00:00:00
69100|63.4592|10.9352|12|0|VÆRNES|1271|69100|ENVA|\N|\N|8|t|1946-01-01 00:00:00
69150|63.5|10.8667|40|0|KVITHAMAR|1270|69150|\N|\N|\N|2|t|1993-10-13 00:00:00
69230|63.4402|11.2563|33|0|HEGRA II|\N|69230|\N|\N|\N|9|t|1943-09-06 00:00:00
69420|63.2855|11.9045|521|0|KLUKSDAL|\N|69420|\N|\N|\N|9|t|2000-09-01 00:00:00
69470|63.3958|11.8413|294|0|KOPPERÅ|\N|69470|\N|\N|\N|9|t|1963-08-01 00:00:00
69550|63.4875|11.3553|175|0|ØSTÅS I HEGRA|\N|69550|\N|\N|\N|9|t|1895-07-01 00:00:00
69960|63.7203|11.5455|182|0|BURAN|\N|69960|\N|\N|\N|9|t|1962-07-01 00:00:00
7010|61.1592|11.4425|240|0|RENA - HAUGEDALEN|1389|7010|\N|\N|\N|8|t|1958-01-01 00:00:00
70150|63.7823|11.6742|81|0|VERDAL - REPPE|1278|70150|\N|\N|\N|8|t|1992-12-01 00:00:00
70480|63.8392|12.0232|110|0|SKJÆKERFOSSEN|\N|70480|\N|\N|\N|9|t|1906-12-01 00:00:00
70500|63.8007|12.3873|368|0|VERA|\N|70500|\N|\N|\N|9|t|1966-10-01 00:00:00
70670|63.9365|11.4167|20|0|MÆRE|\N|70670|\N|\N|\N|9|t|1994-04-01 00:00:00
70820|64.1167|11.7398|50|0|UTGÅRD|\N|70820|\N|\N|\N|9|t|1962-07-01 00:00:00
70850|64.1587|12.4727|195|0|KJØBLI I SNÅSA|1124|70850|\N|\N|\N|8|t|2003-10-01 00:00:00
70930|64.249|12.4393|107|0|SNÅSA - NAGELHUS|\N|70930|\N|\N|\N|9|t|1994-06-18 00:00:00
71000|64.0225|11.4508|6|0|STEINKJER - SØNDRE EGGE|1277|71000|\N|\N|\N|8|t|1991-10-01 00:00:00
71100|64.0532|11.056|315|0|HOLDEN|\N|71100|\N|\N|\N|9|t|1993-06-15 00:00:00
71150|63.9857|10.8715|296|0|SELAVATN|\N|71150|\N|\N|\N|9|t|1936-12-01 00:00:00
71200|63.8143|11|39|0|MOSVIK - TRØAHAUGEN|\N|71200|\N|\N|\N|9|t|1991-06-01 00:00:00
71280|63.6863|10.6137|138|0|LEKSVIK - MYRAN|\N|71280|\N|\N|\N|9|t|1970-10-01 00:00:00
71550|63.7003|9.6013|10|0|ØRLAND III|1241|71550|ENOL|\N|\N|8|t|1955-01-01 00:00:00
71750|63.9177|10.415|94|0|BREIVOLL|\N|71750|\N|\N|\N|9|t|1966-01-01 00:00:00
71810|64.1003|10.5293|280|0|ÅFJORD - MOMYR|\N|71810|\N|\N|\N|9|t|1975-01-01 00:00:00
71850|64.173|9.4063|16|0|HALTEN FYR|1240|71850|\N|\N|\N|8|t|1983-09-01 00:00:00
71900|64.245|10.3278|12|0|BESSAKER|\N|71900|\N|\N|\N|9|t|1895-07-01 00:00:00
71990|64.4002|10.4505|18|0|BUHOLMRÅSA FYR|1259|71990|\N|\N|\N|8|t|2004-03-30 00:00:00
72060|64.1968|11.235|120|0|NAMDALSEID - VENGSTAD|1280|72060|\N|\N|\N|8|t|2001-03-01 00:00:00
72100|64.2508|11.2002|86|0|NAMDALSEID|\N|72100|\N|\N|\N|9|t|2000-12-01 00:00:00
72250|64.332|11.5448|62|0|BANGDALEN|\N|72250|\N|\N|\N|9|t|1930-10-01 00:00:00
72580|64.4708|11.5705|2|0|NAMSOS LUFTHAVN|1290|72580|ENNM|\N|\N|8|t|2001-11-19 00:00:00
72650|64.4817|11.8398|26|0|OVERHALLA - UNNSET|\N|72650|\N|\N|\N|9|t|1977-06-01 00:00:00
72800|64.5582|12.1823|29|0|HØYLANDET - DRAGEIDET|1295|72800|\N|\N|\N|8|t|1998-12-01 00:00:00
730|62.0758|12.1715|794|0|VALDALEN|\N|730|\N|\N|\N|9|t|1968-07-01 00:00:00
73250|64.2433|13.7707|370|0|SØRLI|\N|73250|\N|\N|\N|9|t|1914-08-01 00:00:00
73500|64.446|13.7195|433|0|NORDLI - HOLAND|1298|73500|\N|\N|\N|8|t|1988-08-01 00:00:00
73800|64.6842|13.6568|376|0|TUNNSJØ|\N|73800|\N|\N|\N|9|t|1907-01-01 00:00:00
74320|64.7288|12.8172|143|0|TRONES - TROMSSTAD|\N|74320|\N|\N|\N|9|t|1992-07-01 00:00:00
74350|64.7422|12.846|140|0|NAMSSKOGAN|1281|74350|\N|\N|\N|8|t|2006-11-20 00:00:00
74530|64.9463|13.194|285|0|NAMSSKOGAN - BERGLI|\N|74530|\N|\N|\N|9|t|1999-06-17 00:00:00
75020|64.5242|11.2887|36|0|OTTERØY|\N|75020|\N|\N|\N|9|t|1974-07-01 00:00:00
75100|64.8387|11.9568|44|0|LIAFOSS|\N|75100|\N|\N|\N|9|t|1909-01-01 00:00:00
75220|64.835|11.1408|4|0|RØRVIK LUFTHAVN|1282|75220|ENRM|\N|\N|8|t|2001-08-29 00:00:00
75410|64.7977|10.5493|33|0|NORDØYAN FYR|1262|75410|\N|\N|\N|8|t|1951-01-01 00:00:00
75550|65.2023|10.9965|23|0|SKLINNA FYR|1102|75550|\N|\N|\N|8|t|2004-04-30 00:00:00
76100|65.1228|12.3737|17|0|ØKSNINGØY|\N|76100|\N|\N|\N|9|t|1951-07-01 00:00:00
76250|65.2967|12.168|19|0|SØMNA - STEIN|\N|76250|\N|\N|\N|9|t|1984-09-01 00:00:00
76330|65.4567|12.2182|9|0|BRØNNØYSUND LUFTHAVN|1112|76330|ENBN|\N|\N|8|t|2001-08-30 00:00:00
76380|65.2993|12.6502|55|0|SAUSVATN - SKOGMO|\N|76380|\N|\N|\N|9|t|1991-07-01 00:00:00
76450|65.704|11.8513|4|0|VEGA - VALLSJØ|1108|76450|\N|\N|\N|8|t|1991-06-21 00:00:00
76470|65.8062|12.3782|8|0|HØYHOLM|\N|76470|\N|\N|\N|9|t|2000-06-24 00:00:00
76530|65.826|12.4313|21|0|TJØTTA|1117|76530|\N|\N|\N|2|t|1993-01-30 00:00:00
7660|61.6967|11.2058|260|0|ÅKRESTRØMMEN|\N|7660|\N|\N|\N|9|t|1974-09-01 00:00:00
76750|65.9607|12.4715|17|0|SANDNESSJØEN LH - STOKKE|1116|76750|ENST|\N|\N|8|t|2003-06-10 00:00:00
76900|66|2|6|0|MIKE|\N|76900|\N|LDWR|\N|7|t|1977-01-01 00:00:00
76920|56.5|3.2|\N|0|EKOFISK|1400|76920|ENEK|LF5U|\N|8|t|1999-01-01 00:00:00
76923|61.2042|2.2687|\N|0|GULLFAKS C|1300|76923|ENGC|LF3J|\N|5|t|1989-11-01 00:00:00
76925|64.3|7.8|\N|0|DRAUGEN|1202|76925|\N|LF3F|\N|5|t|1993-10-01 00:00:00
76926|58.4|1.9|\N|0|SLEIPNER A|1402|76926|\N|LF4C|\N|5|t|1993-10-01 00:00:00
76928|65.3|7.3|\N|0|HEIDRUN|1201|76928|ENHE|LF3N|\N|5|t|1995-11-01 00:00:00
76930|66|8.1|\N|0|NORNE|1200|76930|\N|LF5T|\N|5|t|1998-03-01 00:00:00
76931|60.6|3.7|\N|0|TROLL A|\N|76931|\N|LF4B|\N|5|t|1998-01-04 00:00:00
76932|59.8|2.3|\N|0|HEIMDAL|\N|76932|\N|LF4H|\N|5|t|2003-01-01 00:00:00
76945|\N|\N|\N|0|POLAR PIONER|\N|76945|\N|3FYT|\N|4|t|1995-10-01 00:00:00
770|62.204|11.4525|713|0|ELLEFSPLASS|\N|770|\N|\N|\N|9|t|1968-07-01 00:00:00
77001|\N|\N|\N|50|G.O. SARS|\N|77001|\N|LMEL|\N|6|t|1981-01-01 00:00:00
77003|\N|\N|\N|50|HÅKON MOSBY|\N|77003|\N|LJIT|\N|6|t|1982-03-01 00:00:00
77005|\N|\N|\N|50|FF JAN MAYEN|\N|77005|\N|LAHV|\N|6|t|1993-06-01 00:00:00
77006|\N|\N|\N|50|JOHAN HJORT|\N|77006|\N|LDGJ|\N|6|t|1991-01-01 00:00:00
77180|65.8323|13.2177|5|0|MOSJØEN - NYRUD|\N|77180|\N|\N|\N|9|t|1997-10-01 00:00:00
77230|65.7842|13.218|72|0|MOSJØEN LUFTHAVN|1122|77230|ENMS|\N|\N|8|t|2003-06-04 00:00:00
77270|65.6688|13.2673|70|0|FALLMOEN|\N|77270|\N|\N|\N|9|t|1986-07-01 00:00:00
77550|65.2925|13.5335|370|0|FIPLINGVATN|1134|77550|\N|\N|\N|0|t|2007-06-30 00:00:00
77850|65.3585|14.2605|498|0|SUSENDAL|\N|77850|\N|\N|\N|9|t|1895-01-01 00:00:00
78180|66.0713|13.4353|100|0|DREVVASSBYGDA|\N|78180|\N|\N|\N|9|t|1998-07-01 00:00:00
78250|66.067|12.9158|53|0|LEIRFJORD|\N|78250|\N|\N|\N|9|t|1949-01-01 00:00:00
7830|61.9313|11.0598|276|0|ELVÅL|\N|7830|\N|\N|\N|9|t|1979-10-01 00:00:00
78350|66.2173|13.3917|39|0|BARDAL|\N|78350|\N|\N|\N|9|t|1971-08-01 00:00:00
78370|66.1422|13.8085|20|0|BJERKA - VALLA|\N|78370|\N|\N|\N|9|t|1994-09-01 00:00:00
78610|65.8302|13.9067|439|0|TUSTERVATNET II|\N|78610|\N|\N|\N|9|t|1955-08-01 00:00:00
78770|65.7965|14.4873|510|0|FAMVATNET|\N|78770|\N|\N|\N|9|t|1968-01-01 00:00:00
78800|65.8265|14.1847|406|0|VARNTRESK|1147|78800|\N|\N|\N|8|t|1999-09-24 00:00:00
78850|65.9103|14.2722|399|0|RØSSVATN - HEGGMO|\N|78850|\N|\N|\N|9|t|1955-08-01 00:00:00
7910|62.1067|11.0433|505|0|FINSTAD - NYTRØA|\N|7910|\N|\N|\N|9|t|1998-07-01 00:00:00
79480|66.313|14.161|41|0|MO I RANA III|1149|79480|\N|\N|\N|9|t|1965-10-01 00:00:00
79600|66.373|14.31|70|0|MO I RANA LUFTHAVN|1151|79600|ENRA|\N|\N|8|t|2001-11-02 00:00:00
80200|66.3897|13.1872|115|0|LURØY|\N|80200|\N|\N|\N|9|t|1923-01-01 00:00:00
80340|66.5003|12.0955|13|0|TRÆNA - HUSØY|\N|80340|\N|\N|\N|10|t|1991-11-01 00:00:00
80610|66.7633|12.4883|17|0|MYKEN|1115|80610|\N|\N|\N|8|t|1992-10-15 00:00:00
80700|66.81|13.9813|39|0|GLOMFJORD|1113|80700|\N|\N|\N|8|t|2003-02-28 00:00:00
80740|66.9072|13.645|9|0|REIPÅ|\N|80740|\N|\N|\N|9|t|1995-07-01 00:00:00
80850|66.9712|14.1543|11|0|SUNDSFJORD|\N|80850|\N|\N|\N|9|t|1962-01-01 00:00:00
810|62.2787|11.7343|687|0|TUFSINGDAL - MIDTDAL|\N|810|\N|\N|\N|9|t|1991-06-01 00:00:00
81080|67.0262|14.5758|15|0|BEIARN - NAUSTVOLD|\N|81080|\N|\N|\N|9|t|1979-08-01 00:00:00
81250|66.76|14.58|217|0|LEIRÅMO|\N|81250|\N|\N|\N|9|t|1994-01-01 00:00:00
81360|67.0997|14.8855|380|0|BØRNUPVATN|\N|81360|\N|\N|\N|10|t|1987-11-01 00:00:00
81370|67.13|14.9565|11|0|OLDEREID KRAFTSTASJON|\N|81370|\N|\N|\N|10|t|1987-11-01 00:00:00
8140|61.4255|11.0803|257|0|EVENSTAD - DIH|1383|8140|\N|\N|\N|8|t|2001-12-10 00:00:00
81680|66.8488|15.3157|81|0|SALTDAL|1169|81680|\N|\N|\N|8|t|1999-09-01 00:00:00
81730|66.8012|15.5787|210|0|JUNKERDAL|\N|81730|\N|\N|\N|9|t|1977-09-01 00:00:00
81770|66.743|15.45|511|0|LØNSDAL|\N|81770|\N|\N|\N|9|t|1972-01-01 00:00:00
81900|67.1348|16.0712|142|0|SULITJELMA|\N|81900|\N|\N|\N|9|t|1895-07-01 00:00:00
81930|67.0137|15.9752|564|0|STORSTILLA|\N|81930|\N|\N|\N|10|t|1987-11-01 00:00:00
81940|66.9945|15.9683|605|0|COARVE|\N|81940|\N|\N|\N|10|t|1978-09-01 00:00:00
81950|66.9858|15.9442|596|0|BALVATN|\N|81950|\N|\N|\N|10|t|1987-11-01 00:00:00
82160|67.3558|14.8547|7|0|HEGGMOEN VED BODØ|\N|82160|\N|\N|\N|10|t|1940-11-01 00:00:00
82260|67.2833|14.4667|33|0|BODØ - VÅGØNES|1153|82260|\N|\N|\N|2|t|1993-09-16 00:00:00
82291|67.2742|14.4335|11|0|BODØ LUFTHAVN|1152|82291|\N|\N|\N|8|t|2005-11-14 00:00:00
82410|67.4048|13.8958|24|0|HELLIGVÆR II|1144|82410|\N|\N|\N|8|t|2005-01-27 00:00:00
82530|67.5382|14.8427|15|0|KJERRINGØY - OS|\N|82530|\N|\N|\N|9|t|1997-06-21 00:00:00
82650|67.3603|15.257|3|0|VALLJORD|\N|82650|\N|\N|\N|10|t|1990-01-01 00:00:00
82840|67.5262|15.4953|27|0|STYRKESNES - HESTVIKA|\N|82840|\N|\N|\N|9|t|1991-07-01 00:00:00
83300|67.922|15.1173|35|0|STEIGEN|\N|83300|\N|\N|\N|9|t|1915-05-01 00:00:00
83500|67.793|15.9873|76|0|KRÅKMO|\N|83500|\N|\N|\N|9|t|1895-01-01 00:00:00
83520|67.8977|15.8673|70|0|TØMMERNESET|\N|83520|\N|\N|\N|9|t|1985-07-01 00:00:00
83880|68.0645|16.663|3|0|SØRFJORD KRAFTVERK|\N|83880|\N|\N|\N|10|t|1997-01-01 00:00:00
84070|68.3302|16.7883|53|0|BJØRKÅSEN|\N|84070|\N|\N|\N|9|t|1964-01-01 00:00:00
84190|68.2082|17.5157|29|0|SKJOMEN - STIBERG|\N|84190|\N|\N|\N|9|t|1987-09-01 00:00:00
84400|68.4068|17.3252|47|0|HÅKVIKA|\N|84400|\N|\N|\N|9|t|2006-09-01 00:00:00
8450|61.7915|10.5028|535|0|ATNDALEN - RØNNINGEN|\N|8450|\N|\N|\N|9|t|1971-05-01 00:00:00
84700|68.4397|17.3887|31|0|NARVIK LUFTHAVN|1193|84700|ENNK|\N|\N|8|t|2002-04-19 00:00:00
84960|68.4802|16.8857|19|0|LILAND|\N|84960|\N|\N|\N|9|t|1972-01-01 00:00:00
84970|68.4912|16.6833|26|0|EVENES LUFTHAVN|1183|84970|ENEV|\N|\N|8|t|2002-04-18 00:00:00
85180|68.3742|15.7573|6|0|RINBØ|\N|85180|\N|\N|\N|9|t|1984-01-01 00:00:00
85380|68.1503|14.6508|11|0|SKROVA FYR|1160|85380|\N|\N|\N|8|t|1933-01-01 00:00:00
85410|68.3607|14.7548|15|0|LAUPSTAD|\N|85410|\N|\N|\N|9|t|1994-09-01 00:00:00
85440|68.3203|14.6532|3|0|KVITFOSSEN I VÅGAN|\N|85440|\N|\N|\N|10|t|1962-07-15 00:00:00
85450|68.2453|14.6693|9|0|SVOLVÆR LUFTHAVN|1161|85450|ENSH|\N|\N|8|t|2001-08-29 00:00:00
85470|68.2362|14.474|29|0|KONGSMARKA|\N|85470|\N|\N|\N|10|t|1978-10-01 00:00:00
85540|68.1405|13.6098|13|0|LEKNES I LOFOTEN|\N|85540|\N|\N|\N|9|t|1952-08-01 00:00:00
85560|68.155|13.615|26|0|LEKNES LUFTHAVN|1141|85560|ENLK|\N|\N|8|t|2004-05-25 00:00:00
85660|67.932|13.0917|17|0|REINE|\N|85660|\N|\N|\N|10|t|2004-06-01 00:00:00
85840|67.6527|12.7228|4|0|VÆRØY HELIPORT|1139|85840|ENVR|\N|\N|8|t|2004-11-17 00:00:00
85890|67.5267|12.1038|4|0|RØST LUFTHAVN|1107|85890|ENRS|\N|\N|8|t|2002-10-23 00:00:00
86500|68.7003|15.4168|3|0|SORTLAND|1167|86500|\N|\N|\N|8|t|1985-01-01 00:00:00
86600|68.58|15.0293|3|0|STOKMARKNES LH - SKAGEN|1162|86600|ENSK|\N|\N|8|t|2003-06-13 00:00:00
86740|68.6067|14.4333|8|0|BØ I VESTERÅLEN III|1156|86740|\N|\N|\N|8|t|2002-12-03 00:00:00
86850|68.8173|14.8003|3|0|BARKESTAD|\N|86850|\N|\N|\N|9|t|1896-01-01 00:00:00
86950|68.9147|15.2107|18|0|ALSVÅG I VESTERÅLEN II|\N|86950|\N|\N|\N|9|t|1955-07-01 00:00:00
87110|69.2967|16.1467|10|0|ANDØYA|1010|87110|ENAN|\N|\N|8|t|1958-01-01 00:00:00
8720|61.8902|10.1417|749|0|ATNSJØEN|\N|8720|\N|\N|\N|9|t|1903-01-01 00:00:00
87640|68.8027|16.5373|45|0|HARSTAD STADION|1180|87640|\N|\N|\N|8|t|2004-03-05 00:00:00
8770|61.9725|10.0288|731|0|ATNDALEN - ERIKSRUD|\N|8770|\N|\N|\N|9|t|1971-06-01 00:00:00
87750|68.609|16.4947|7|0|GAUSVIK|\N|87750|\N|\N|\N|10|t|1911-03-01 00:00:00
87860|68.6562|17.212|11|0|GROVFJORD|\N|87860|\N|\N|\N|10|t|1983-01-01 00:00:00
88100|68.6457|18.2455|230|0|BONES I BARDU|\N|88100|\N|\N|\N|9|t|1907-05-01 00:00:00
88200|69.2347|17.9033|9|0|SENJA - LAUKHELLA|1014|88200|\N|\N|\N|8|t|1997-08-01 00:00:00
88340|69.2082|17.5785|36|0|TRANØYBOTN - NYSTAD|\N|88340|\N|\N|\N|9|t|1995-07-15 00:00:00
88460|69.3017|16.9712|3|0|GRUNNFARNES|\N|88460|\N|\N|\N|9|t|1986-09-01 00:00:00
88660|69.5212|17.9188|10|0|BOTNHAMN|\N|88660|\N|\N|\N|9|t|1989-10-01 00:00:00
88690|69.6008|17.8375|14|0|HEKKINGEN FYR|1015|88690|\N|\N|\N|8|t|2004-05-01 00:00:00
89110|69.2703|18.5365|3|0|MÅLSELV - GRUNDNES|\N|89110|\N|\N|\N|9|t|1979-07-01 00:00:00
89350|69.059|18.5402|76|0|BARDUFOSS|1023|89350|ENDU|\N|\N|8|t|1941-01-01 00:00:00
89500|68.8607|18.3375|114|0|SÆTERMOEN II|\N|89500|\N|\N|\N|9|t|1952-09-01 00:00:00
89650|68.6577|18.8193|314|0|INNSET I BARDU|\N|89650|\N|\N|\N|10|t|1907-05-01 00:00:00
8970|62.2322|10.343|746|0|EINUNNA KRAFTVERK|\N|8970|\N|\N|\N|9|t|2006-02-01 00:00:00
89950|68.7783|19.71|228|0|DIVIDALEN|1197|89950|\N|\N|\N|3|t|1980-02-01 00:00:00
90200|69.2473|19.231|27|0|STORSTEINNES I BALSFJORD|1031|90200|\N|\N|\N|9|t|1965-04-01 00:00:00
90400|69.6667|18.9333|30|0|TROMSØ - HOLT|1027|90400|\N|\N|\N|2|t|1993-09-13 00:00:00
90450|69.6538|18.9283|100|0|TROMSØ|1026|90450|\N|\N|\N|8|t|1996-09-01 00:00:00
90490|69.6767|18.9133|8|0|TROMSØ - LANGNES|1025|90490|ENTC|\N|\N|8|t|2003-12-31 00:00:00
90650|70.0138|19.5783|7|0|GRUNNFJORD - STAKKEN|\N|90650|\N|\N|\N|9|t|1971-01-01 00:00:00
90800|70.2457|19.5005|21|0|TORSVÅG FYR|1033|90800|\N|\N|\N|8|t|1933-01-01 00:00:00
91080|69.5018|19.7115|25|0|YTRE HOLMEBUKT|\N|91080|\N|\N|\N|9|t|2004-09-27 00:00:00
91270|69.5437|19.2475|18|0|LYNGSEIDET - KARNES|\N|91270|\N|\N|\N|9|t|1994-08-01 00:00:00
91380|69.3862|20.2597|5|0|SKIBOTN II|1037|91380|\N|\N|\N|8|t|2004-12-31 00:00:00
91400|69.315|20.3627|45|0|SKIBOTN KRAFTVERK|\N|91400|\N|\N|\N|10|t|1983-11-01 00:00:00
91600|69.4597|20.9218|50|0|GUOLASJÅKKA KRAFTVERK|\N|91600|\N|\N|\N|10|t|1983-09-01 00:00:00
91700|69.9823|20.9303|5|0|SKJERVØY - KOBBEPOLLEN|\N|91700|\N|\N|\N|9|t|1991-09-01 00:00:00
91740|69.7833|20.9667|6|0|SØRKJOSEN LUFTHAVN|1046|91740|ENSR|\N|\N|8|t|2005-08-01 00:00:00
92350|69.8337|21.8843|6|0|NORDSTRAUM I KVÆNANGEN|1045|92350|\N|\N|\N|8|t|1965-08-01 00:00:00
92750|70.486|22.1462|6|0|HASVIK LUFTHAVN|1044|92750|ENHK|\N|\N|8|t|2001-09-04 00:00:00
92910|70.0518|22.3243|8|0|SOPNESBUKT|\N|92910|\N|\N|\N|9|t|1997-08-17 00:00:00
93140|69.9775|23.3582|3|0|ALTA LUFTHAVN|1049|93140|ENAT|\N|\N|8|t|1963-12-01 00:00:00
93500|69.7545|23.9342|389|0|JOTKAJAVRE|\N|93500|\N|\N|\N|9|t|1923-07-01 00:00:00
93700|68.9968|23.0335|307|0|KAUTOKEINO|1047|93700|\N|\N|\N|8|t|1996-07-08 00:00:00
93900|68.7553|23.5387|382|0|SIHCCAJAVRI|1199|93900|\N|\N|\N|8|t|1912-01-01 00:00:00
94130|70.3992|23.6257|38|0|PORSA II|\N|94130|\N|\N|\N|9|t|1958-01-01 00:00:00
94180|70.4328|24.508|62|0|SKAIDI|\N|94180|\N|\N|\N|9|t|1968-01-01 00:00:00
99500|69.373|29.6947|55|0|SKOGFOSS|\N|99500|\N|\N|\N|10|t|1968-01-01 00:00:00
94280|70.6747|23.6717|81|0|HAMMERFEST LUFTHAVN|1052|94280|ENHF|\N|\N|8|t|2002-02-11 00:00:00
94500|71.0933|23.995|13|0|FRUHOLMEN FYR|\N|94500|\N|\N|\N|8|t|1954-06-16 00:00:00
94680|71.0105|25.9782|14|0|HONNINGSVÅG LUFTHAVN|1068|94680|ENHV|\N|\N|8|t|2002-02-11 00:00:00
94800|70.7725|25.6173|3|0|REPVÅG|\N|94800|\N|\N|\N|10|t|1995-01-01 00:00:00
94900|70.4473|25.2152|14|0|KISTRAND II|1063|94900|\N|\N|\N|9|t|1997-10-01 00:00:00
95350|70.06|24.99|5|0|BANAK|1059|95350|ENNA|\N|\N|8|t|1965-08-01 00:00:00
95610|70.3207|25.547|13|0|BØRSELV - HØGBAKKEN|\N|95610|\N|\N|\N|9|t|1984-01-01 00:00:00
9580|62.2695|10.732|482|0|TYNSET - HANSMOEN|1265|9580|\N|\N|\N|8|t|2001-07-01 00:00:00
95900|70.6603|26.5902|6|0|VEIDNES I LAKSEFJORD|\N|95900|\N|\N|\N|9|t|1982-08-01 00:00:00
96220|70.5815|26.9938|18|0|LEBESBY - KARLMYHR|\N|96220|\N|\N|\N|9|t|1981-08-01 00:00:00
96310|71.033|27.8298|13|0|MEHAMN LUFTHAVN|1074|96310|ENMH|\N|\N|8|t|1997-09-01 00:00:00
96400|71.084|28.2178|8|0|SLETTNES FYR|\N|96400|\N|\N|\N|8|t|1956-08-25 00:00:00
96600|70.8002|28.0997|15|0|GAMVIK - SKJÅNES|\N|96600|\N|\N|\N|9|t|2005-01-05 00:00:00
96800|70.4003|28.2002|10|0|RUSTEFJELBMA|1075|96800|\N|\N|\N|8|t|1951-01-01 00:00:00
96931|70.0723|28.0045|18|0|POLMAK TOLLSTED|\N|96931|\N|\N|\N|9|t|1999-08-09 00:00:00
96970|70.0188|27.4138|51|0|SIRBMA|\N|96970|\N|\N|\N|9|t|1968-01-01 00:00:00
97110|69.7602|26.1768|115|0|PORT|\N|97110|\N|\N|\N|9|t|1981-08-01 00:00:00
97251|69.4635|25.5023|131|0|KARASJOK - MARKANNJARGA|1065|97251|\N|\N|\N|8|t|2004-07-08 00:00:00
97350|69.367|24.4333|286|0|CUOVDDATMOHKKI|1057|97350|\N|\N|\N|8|t|1982-01-01 00:00:00
97580|69.566|24.3912|382|0|MOLLESJOHKA|\N|97580|\N|\N|\N|9|t|1974-07-01 00:00:00
98090|70.8708|29.0348|13|0|BERLEVÅG LUFTHAVN|1083|98090|ENBV|\N|\N|8|t|2002-02-11 00:00:00
98360|70.6028|29.7|152|0|BÅTSFJORD - STRAUMSNESAKSLA|1086|98360|ENBS|\N|\N|8|t|2000-04-06 00:00:00
98400|70.7005|30.068|9|0|MAKKAUR FYR|1092|98400|\N|\N|\N|8|t|2005-09-28 00:00:00
98550|70.3672|31.0848|14|0|VARDØ RADIO|1098|98550|\N|\N|\N|8|t|1867-01-01 00:00:00
98580|70.3545|31.044|12|0|VARDØ LUFTHAVN|1099|98580|ENSS|\N|\N|8|t|2007-06-05 00:00:00
98650|70.1885|30.3387|16|0|SKALLELV|\N|98650|\N|\N|\N|10|t|1999-01-01 00:00:00
9870|62.4328|10.4173|690|0|BLANKTJERNMOEN I KVIKNE|\N|9870|\N|\N|\N|9|t|1953-09-01 00:00:00
98790|70.0653|29.8352|39|0|VADSØ LUFTHAVN|1088|98790|ENVD|\N|\N|8|t|2002-10-23 00:00:00
98850|70.1087|29.338|11|0|VESTRE JAKOBSELV|\N|98850|\N|\N|\N|9|t|1987-09-01 00:00:00
99120|69.9667|29.6333|40|0|BUGØYNES|\N|99120|\N|\N|\N|9|t|2003-09-05 00:00:00
99330|69.7038|29.2523|44|0|VEINES I NEIDEN|\N|99330|\N|\N|\N|9|t|1957-07-01 00:00:00
99370|69.7255|29.8977|89|0|KIRKENES LUFTHAVN|1089|99370|ENKR|\N|\N|8|t|1964-02-01 00:00:00
99710|74.5167|19.0167|16|0|BJØRNØYA|1028|99710|ENBJ|\N|\N|8|t|1920-01-01 00:00:00
99720|76.5|25.0667|6|0|HOPEN|1062|99720|\N|\N|\N|8|t|1944-01-01 00:00:00
99735|78.2333|22.7833|14|0|EDGEØYA|1006|99735|\N|\N|\N|8|t|1992-09-03 00:00:00
99754|77|15.5|10|0|HORNSUND|1003|99754|\N|\N|\N|8|t|1995-11-01 00:00:00
99760|77.8833|16.7167|9|0|SVEAGRUVA|1005|99760|ENSA|\N|\N|8|t|2003-02-01 00:00:00
99790|78.0667|13.6333|7|0|ISFJORD RADIO|\N|99790|\N|\N|\N|8|t|1996-09-02 00:00:00
99840|78.25|15.4667|28|0|SVALBARD LUFTHAVN|1008|99840|ENSB|\N|\N|8|t|1975-08-01 00:00:00
99910|78.9167|11.9333|8|0|NY-ÅLESUND|1007|99910|ENAS|\N|\N|8|t|1974-08-01 00:00:00
99927|80.0538|16.2552|8|0|VERLEGENHUKEN|1002|99927|\N|\N|\N|8|t|1997-08-07 00:00:00
99935|80.6617|25|5|0|KARL XII ØYA|1009|99935|\N|\N|\N|8|t|2000-08-01 00:00:00
99950|70.9333|-8.6667|10|0|JAN MAYEN|1001|99950|ENJA|\N|\N|8|t|1921-01-01 00:00:00
283600|67.3666666666667|26.6333333333333|\N|0|SODANKYLA|2836|283600|\N|\N|\N|15|t|2006-11-20 00:00:00
71530|63.7|9.6|10|0|ØRLAND RADIOSONDESTASJON|\N|71530|\N|\N|\N|13|t|1957-12-01 00:00:00
99800|78.0833|13.65|7|0|ISFJORD RADIO|\N|99800|\N|\N|\N|1|t|1500-01-01 00:00:00
76975|\N|\N|\N|50|KV SENJA|\N|76975|\N|LBHB|\N|6|t|1981-06-01 00:00:00
76970|\N|\N|\N|50|KV NORNEN|\N|76970|\N|LBNO|\N|6|t|1980-11-01 00:00:00
18270|59.9667|10.9333|200|0|OSLO - VESTLI|\N|18270|\N|\N|\N|9|t|1986-09-27 00:00:00
18815|59.905|10.6828|15|0|OSLO - BYGDØY|\N|18815|\N|\N|\N|9|t|2000-01-01 00:00:00
44730|58.8662|5.7622|19|0|SANDNES - ROVIK|\N|44730|\N|\N|\N|9|t|1974-06-20 00:00:00
76988|\N|\N|\N|50|KV TROMSØ|\N|76988|\N|LIOA|\N|6|t|1998-01-01 00:00:00
3030|59.2307|10.9632|30|0|FREDRIKSTAD|\N|3030|\N|\N|\N|9|t|1996-05-01 00:00:00
44190|58.736|5.7402|135|0|TIME - LYE|\N|44190|\N|\N|\N|9|t|1981-08-13 00:00:00
92114|\N|\N|930|0|THERON MOUNTAINS|\N|92114|\N|\N|\N|8|t|1500-01-01 00:00:00
94281|70.6932|23.6742|328|0|HAMMERFEST LH - BOAZUVARRI|\N|94281|\N|\N|\N|8|t|1998-01-01 00:00:00
43000|59.1193|6.8938|760|0|SIRDAL-DUGE|\N|43000|\N|\N|\N|8|t|1990-01-01 00:00:00
27460|59.2243|10.408|20|0|NØTTERØY|\N|27460|\N|\N|\N|9|t|2001-01-01 00:00:00
76948|\N|\N|\N|0|TREASURE SCOUT|\N|76948|\N|\N|\N|4|t|1500-01-01 00:00:00
3015|59.1895|11.032|10|0|Borge - Berg|\N|3015|\N|\N|\N|9|t|2002-01-01 00:00:00
44520|58.7558|6.0148|280|0|HELLAND I GJESDAL|\N|44520|\N|\N|\N|9|t|1962-01-01 00:00:00
76974|\N|\N|\N|50|KV FARM|\N|76974|\N|LBFA|\N|6|t|1980-10-01 00:00:00
76979|\N|\N|\N|50|KV GRIMSHOLM|\N|76979|\N|LGYT|\N|6|t|1983-06-01 00:00:00
37750|59.169|8.038|315|0|FYRESDAL|\N|37750|\N|\N|\N|9|t|1895-07-01 00:00:00
88023|68.8727|17.4792|\N|0|FORNES VEGSTASJON|\N|88023|\N|\N|\N|12|t|1500-01-01 00:00:00
39201|58.1058|7.9362|32|0|KRISTIANSAND - BRÅVANN|\N|39201|\N|\N|\N|9|t|2005-12-28 00:00:00
27564|59.1505|10.2025|72|0|SANDEFJORD - MOSSERØD|\N|27564|\N|\N|\N|9|t|1998-12-10 00:00:00
84971|68.5018|16.5762|409|0|KVANNTOKOLLEN|\N|84971|\N|\N|\N|1|t|1986-01-01 00:00:00
76941|\N|\N|\N|0|WEST VANGUARD|\N|76941|\N|LFSQ|\N|4|t|1983-04-01 00:00:00
18320|59.9305|10.7545|12|0|OSLO - HAUSMANNSGT|\N|18320|\N|\N|\N|9|t|1984-06-21 00:00:00
76984|\N|\N|\N|50|KV POLARSYSSEL|\N|76984|\N|JXBT|\N|6|t|1995-05-01 00:00:00
66030|63.5002|9.8313|15|0|LENSVIK|\N|66030|\N|\N|\N|9|t|1969-07-01 00:00:00
14600|61.8627|9.0835|371|0|VÅGÅ - KLONES|\N|14600|\N|\N|\N|8|t|1977-03-01 00:00:00
29970|\N|\N|34|0|STAVERNSODDEN|\N|29970|\N|\N|\N|8|t|2002-07-01 00:00:00
68230|63.396|10.4258|100|0|TRONDHEIM - RISVOLLAN|\N|68230|\N|\N|\N|9|t|1986-12-11 00:00:00
76927|\N|\N|\N|0|OSEBERG A|\N|76927|ENOA|\N|\N|5|t|2000-01-01 00:00:00
99780|\N|\N|\N|0|KAPP MARTIN|\N|99780|\N|\N|\N|1|t|1500-01-01 00:00:00
17030|59.2648|10.75|3|0|Onsøy - Evja|\N|17030|\N|\N|\N|9|t|2002-01-01 00:00:00
99700|74.5167|19.0167|18|0|BJØRNØYA RADIOSONDESTASJON|\N|99700|\N|\N|\N|13|t|1956-09-01 00:00:00
76952|\N|\N|\N|0|ZAPATA UGLAND|\N|76952|\N|\N|\N|4|t|1500-01-01 00:00:00
89213|\N|\N|\N|0|GUMPEN VEGSTASJON|\N|89213|\N|\N|\N|12|t|1500-01-01 00:00:00
89351|69.059|18.5402|76|0|BARDUFOSS - TEST|1602|89351|\N|\N|\N|8|t|2005-08-18 00:00:00
77000|\N|\N|\N|50|POLARBJØRN|\N|77000|\N|JXJS|\N|6|t|1983-06-01 00:00:00
42600|59.0267|7.0833|840|0|SIRDAL - ROSKREPP|\N|42600|\N|\N|\N|8|t|1990-01-26 00:00:00
76985|\N|\N|\N|50|KV ÅLESUND|\N|76985|\N|LHXC|\N|6|t|1997-01-01 00:00:00
39150|58.1505|8.0527|12|0|KRISTIANSAND - SØMSKLEIVA|\N|39150|\N|\N|\N|9|t|1974-11-27 00:00:00
76919|56.5|3.2|52|0|EKOFISK RADIOSONDESTASJON|\N|76919|\N|\N|\N|13|t|1994-04-01 00:00:00
99841|78.2307|15.3775|435|0|SVALBARD LH - PLATÅBERGET|\N|99841|\N|\N|\N|1|t|1998-09-12 00:00:00
76947|\N|\N|\N|0|TRANSOCEAN 8|\N|76947|\N|\N|\N|4|t|1994-05-01 00:00:00
76990|\N|\N|\N|50|KV SVALBARD|\N|76990|\N|LBSV|\N|6|t|2005-02-01 00:00:00
99996|\N|\N|\N|0|TESTSTASJON|\N|99996|\N|\N|\N|8|t|1997-11-11 00:00:00
85653|\N|\N|\N|0|HAMNØY VEGSTASJON|\N|85653|\N|\N|\N|12|t|1500-01-01 00:00:00
18210|59.923|10.807|100|0|OSLO - HOVIN|\N|18210|\N|\N|\N|9|t|1999-01-15 00:00:00
55701|61.1738|7.1215|1150|0|SOGNDAL LH - STOREHAUGFJELLET|\N|55701|\N|\N|\N|1|t|1997-07-10 00:00:00
87111|69.2967|16.1467|13|0|ANDØYA LH - TEST|1601|87111|\N|\N|\N|8|t|2005-08-17 00:00:00
18920|59.957|10.7037|240|0|OSLO - BESSERUD|\N|18920|\N|\N|\N|9|t|1998-09-29 00:00:00
37820|59.2|8.0833|300|0|FYRESDAL FLYPLASS|\N|37820|ENFY|\N|\N|1|t|1980-04-21 00:00:00
68130|63.4125|10.4488|118|0|TRONDHEIM - MOHOLT|1258|68130|\N|\N|\N|8|t|1995-01-01 00:00:00
99940|70.9333|-8.6667|9|0|JAN MAYEN RADIOSONDESTASJON|\N|99940|\N|\N|\N|13|t|1949-01-01 00:00:00
76940|\N|\N|\N|0|DYVI DELTA|\N|76940|\N|LFSJ|\N|4|t|1982-09-01 00:00:00
82310|67.3067|14.4222|5|0|BODØ - SKIVIKA|\N|82310|\N|\N|\N|9|t|1996-01-01 00:00:00
27270|59.278|10.4312|10|0|TØNSBERG - KILEN|\N|27270|\N|\N|\N|9|t|1999-01-01 00:00:00
76944|\N|\N|\N|0|DEEPSEA BERGEN|\N|76944|\N|LFSR|\N|4|t|1984-05-01 00:00:00
12290|60.801|11.0977|132|0|HAMAR II|\N|12290|\N|\N|\N|9|t|1968-05-20 00:00:00
16750|62.0938|9.046|626|0|KJØREMSGRENDE TEST|\N|16750|\N|\N|\N|8|t|2005-11-02 00:00:00
70990|64.0247|11.4872|6|0|STEINKJER - FINNMARKA|\N|70990|\N|\N|\N|8|t|1996-12-03 00:00:00
99992|\N|\N|\N|0|TESTSTASJON|\N|99992|\N|\N|\N|8|t|1997-11-11 00:00:00
26999|59.6668|10.2385|76|0|SKOGER - JONSRUD|\N|26999|\N|\N|\N|9|t|1999-02-24 00:00:00
77403|65.2175|13.3682|\N|0|MAJAVATN VEGSTASJON|\N|77403|\N|\N|\N|12|t|1500-01-01 00:00:00
76971|\N|\N|\N|50|KV VOLDSTAD JR|\N|76971|\N|LAES|\N|6|t|1980-10-01 00:00:00
99986|\N|\N|\N|0|TESTSTASJON|\N|99986|\N|\N|\N|8|t|1996-12-07 00:00:00
18420|59.9463|10.7903|130|0|OSLO - DISEN|\N|18420|\N|\N|\N|9|t|1998-06-02 00:00:00
63910|62.3003|9.604|934|0|KONGSVOLL FJELLSTUE|\N|63910|\N|\N|\N|8|t|1980-10-01 00:00:00
76981|\N|\N|\N|50|KV GARPESKJÆR|\N|76981|\N|LAWQ|\N|6|t|1981-01-01 00:00:00
17870|59.6667|10.8|120|0|ÅS - RUSTADSKOGEN|\N|17870|\N|\N|\N|9|t|1974-04-19 00:00:00
79762|\N|\N|200|0|DUNDERLANDSDALEN - NYLAENGET|\N|79762|\N|\N|\N|9|t|2007-09-01 00:00:00
80620|66.7333|13.8|4|0|HOLANDSFJORD - HALVKANNENESET|\N|80620|\N|\N|\N|8|t|1975-11-01 00:00:00
48290|\N|\N|104|0|BØMLO - KLOVAFJELLET|1405|48290|\N|\N|\N|14|t|2003-07-17 00:00:00
3810|59.5867|11.1627|141|0|ASKIM II|\N|3810|\N|\N|\N|9|t|1999-05-27 00:00:00
17980|59.8435|10.8243|92|0|OSLO - LJABRUVEIEN|\N|17980|\N|\N|\N|9|t|2000-01-01 00:00:00
76951|\N|\N|\N|0|TREASURE SEEKER|\N|76951|\N|\N|\N|4|t|1500-01-01 00:00:00
77004|\N|\N|\N|50|LANCE|\N|77004|\N|LGKI|\N|6|t|1982-01-01 00:00:00
91283|69.3968|19.2805|\N|0|KANTORNES VEGSTASJON|\N|91283|\N|\N|\N|12|t|1500-01-01 00:00:00
17005|59.1735|10.8487|5|0|Onsøy - Øyenkilen|\N|17005|\N|\N|\N|9|t|2002-01-01 00:00:00
44550|58.8667|5.6667|33|0|SOLA RADIOSONDESTASJON|\N|44550|\N|\N|\N|13|t|1949-01-01 00:00:00
90492|\N|\N|\N|0|LANGNES - NORD|\N|90492|\N|\N|\N|1|t|2001-07-01 00:00:00
71380|63.69|10.202|616|0|RISSA - OLSØYHEIA|1247|71380|\N|\N|\N|14|t|2002-09-01 00:00:00
90720|69.9862|18.687|47|0|MÅSVIK|\N|90720|\N|\N|\N|8|t|2003-10-08 00:00:00
76972|\N|\N|\N|50|KV ANDENES|\N|76972|\N|LBHC|\N|6|t|1983-05-01 00:00:00
37740|\N|\N|295|0|FYRESDAL - ÅLANDSLI|\N|37740|\N|\N|\N|9|t|2007-01-01 00:00:00
76983|\N|\N|\N|50|KV KIM|\N|76983|\N|LNNF|\N|6|t|1994-01-01 00:00:00
3120|59.2597|11.0207|9|0|ROLVSØY - ELVENESVEIEN|\N|3120|\N|\N|\N|9|t|2002-01-01 00:00:00
83503|67.753|15.937|\N|0|KRÅKMOFJELLET VEGSTAJON|\N|83503|\N|\N|\N|12|t|1500-01-01 00:00:00
80630|66.7117|13.61|2|0|HOLANDSFJORD - SOMMARSET|\N|80630|\N|\N|\N|8|t|1988-11-01 00:00:00
76991|\N|\N|\N|50|KV HARSTAD|\N|76991|\N|LMXQ|\N|6|t|2005-01-01 00:00:00
76986|\N|\N|\N|50|KV MØGSTERFJORD|\N|76986|\N|LJZO|\N|6|t|1500-01-01 00:00:00
42921|58.8858|6.8442|500|0|SIRDAL - TJØRHOM II|\N|42921|\N|\N|\N|8|t|1998-01-29 00:00:00
76982|\N|\N|\N|50|KV MALENE ØSTERVOLD|\N|76982|\N|LCIU|\N|6|t|1987-09-01 00:00:00
76989|\N|\N|\N|50|KV EIGUN|\N|76989|\N|LLXE|\N|6|t|2005-01-01 00:00:00
18269|59.954|10.905|123|0|OSLO - HAUGENSTUA|\N|18269|\N|\N|\N|9|t|2000-01-01 00:00:00
87763|68.6305|16.585|\N|0|TJELDSUNDBRUA VEGSTASJON|\N|87763|\N|\N|\N|12|t|1500-01-01 00:00:00
41840|\N|\N|631|0|HÆGEBOSTAD - STAKKSTEINSLIKNUTEN|1438|41840|\N|\N|\N|14|t|2000-08-15 00:00:00
42550|58.7667|7.0167|650|0|SOLHOM I KVINESDAL|\N|42550|\N|\N|\N|8|t|1979-01-01 00:00:00
77002|\N|\N|\N|50|POLARFRONT|\N|77002|\N|\N|\N|6|t|1980-11-01 00:00:00
85892|\N|\N|5|0|RØST RADAR|\N|85892|\N|\N|\N|14|t|2004-06-24 00:00:00
82300|67.25|14.4|13|0|BODØ RADIOSONDESTASJON|\N|82300|\N|\N|\N|13|t|1957-07-01 00:00:00
64300|63.1252|7.7043|39|0|KRISTIANSUND - KARIHOLA|\N|64300|\N|\N|\N|9|t|1973-09-27 00:00:00
88580|69.4185|17.3025|60|0|FLATNESET|\N|88580|\N|\N|\N|8|t|2004-08-26 00:00:00
76976|\N|\N|\N|50|KV HEIMDAL|\N|76976|\N|LBHM|\N|6|t|1981-06-01 00:00:00
99902|78.9167|11.9333|41|0|NY-ÅLESUND - RABBEN FLYPLASS|\N|99902|\N|\N|\N|8|t|1997-07-01 00:00:00
44760|58.9055|5.9672|2|0|IMS|\N|44760|\N|\N|\N|9|t|1980-06-01 00:00:00
75270|64.8797|11.2638|15|0|RØRVIK - ENGAN|\N|75270|\N|\N|\N|9|t|1974-07-01 00:00:00
76943|\N|\N|\N|0|ROSS ISLE|\N|76943|\N|LFTR|\N|4|t|1983-05-01 00:00:00
85040|68.368|15.943|8|0|ROTVÆR|1104|85040|\N|\N|\N|8|t|2007-05-15 00:00:00
78423|\N|\N|\N|0|KORGFJELL VEGSTASJON|\N|78423|\N|\N|\N|12|t|1500-01-01 00:00:00
68340|63.2058|11.1175|242|0|SELBU - STUBBE|1274|68340|\N|\N|\N|8|t|1979-09-01 00:00:00
50480|60.2918|5.2798|45|0|BERGEN - SANDSLI|\N|50480|\N|\N|\N|9|t|1983-07-01 00:00:00
91430|69.2723|19.7522|502|0|RIEPPI|\N|91430|\N|\N|\N|8|t|2003-10-13 00:00:00
18701|59.9427|10.7207|94|0|OSLO - Blindern|\N|18701|\N|\N|\N|9|t|1999-07-14 00:00:00
87120|\N|\N|436|0|ANDØYA - TROLLTINDEN|1018|87120|\N|\N|\N|14|t|2007-01-01 00:00:00
76980|\N|\N|\N|50|KV LAFJORD|\N|76980|\N|LHDO|\N|6|t|1981-06-01 00:00:00
76942|\N|\N|\N|0|TREASURE SAGA|\N|76942|\N|LFTB|\N|4|t|1983-05-01 00:00:00
82230|67.27|14.38|16|0|BODØ - VÅGØNES|\N|82230|\N|\N|\N|8|t|1500-01-01 00:00:00
25112|\N|\N|807|0|HEMSEDAL - HOLLEKOLTEN|\N|25112|\N|\N|\N|8|t|2006-12-06 00:00:00
44561|\N|\N|\N|0|SOLA - VEST|\N|44561|\N|\N|\N|1|t|2000-02-24 00:00:00
18020|59.8783|10.7857|135|0|OSLO - LAMBERTSETER|\N|18020|\N|\N|\N|9|t|1985-05-15 00:00:00
79253|66.184|14.569|\N|0|UMBUKTA VEGSTASJON|\N|79253|\N|\N|\N|12|t|1500-01-01 00:00:00
76950|\N|\N|\N|0|WEST VENTURE|\N|76950|\N|\N|\N|4|t|1500-01-01 00:00:00
90721|69.9997|18.705|174|0|REBBENESØY - GRÅHAUGEN|\N|90721|\N|\N|\N|8|t|2005-08-04 00:00:00
19730|59.855|10.386|485|0|OSLO - HAGAHOGGET|1499|19730|\N|\N|\N|14|t|1992-01-01 00:00:00
90491|69.7333|18.7875|790|0|TROMSØ LH - STORKJØLEN|\N|90491|\N|\N|\N|1|t|1998-04-02 00:00:00
76946|\N|\N|\N|0|ROSS RIG|\N|76946|\N|JXCX|\N|4|t|1980-10-01 00:00:00
39200|58.1415|7.9928|25|0|KRISTIANSAND - KVADRATUREN|\N|39200|\N|\N|\N|9|t|2005-10-05 00:00:00
76987|\N|\N|\N|50|KV SØRFOLD|\N|76987|\N|LCFQ|\N|6|t|1500-01-01 00:00:00
18980|59.9203|10.6343|39|0|OSLO - LILLEAKER|\N|18980|\N|\N|\N|9|t|2000-01-01 00:00:00
83953|68.251|16.3848|\N|0|SKJELLEVIKSKARET VEGSTASJON|\N|83953|\N|\N|\N|12|t|1500-01-01 00:00:00
90760|70.1042|20.1048|57|0|FAKKEN|\N|90760|\N|\N|\N|8|t|2003-01-21 00:00:00
76973|\N|\N|\N|50|KV NORDKAPP|\N|76973|\N|LBHA|\N|6|t|1982-02-01 00:00:00
76949|\N|\N|\N|0|NORDRAUG|\N|76949|\N|\N|\N|4|t|1500-01-01 00:00:00
59681|62.1747|6.0708|7|0|ØRSTA-VOLDA LH - HELGEHORN|\N|59681|\N|\N|\N|8|t|2002-06-13 00:00:00
89233|\N|\N|\N|0|ANDSVANNET VEGSTASJON|\N|89233|\N|\N|\N|12|t|1500-01-01 00:00:00
79793|\N|\N|\N|0|SALTFJELLET VEGSTASJON|\N|79793|\N|\N|\N|12|t|1500-01-01 00:00:00
92117|\N|\N|547|0|NEW HAVEN|\N|92117|\N|\N|\N|8|t|1500-01-01 00:00:00
13050|61.2715|10.2042|647|0|GAUSDAL - SKOGLI|\N|13050|\N|\N|\N|9|t|1972-06-01 00:00:00
17780|59.8098|10.6325|104|0|BLEKSLITJERN|\N|17780|\N|\N|\N|10|t|1967-06-01 00:00:00
603000|57.1|9.85|\N|0|AALBORG|6030|603000|\N|\N|\N|8|t|2006-06-12 00:00:00
606900|56.5|9.56666666666667|\N|0|FOULUM|6069|606900|\N|\N|\N|8|t|2006-06-12 00:00:00
608000|55.5333333333333|8.56666666666667|\N|0|ESBJERG|6080|608000|\N|\N|\N|8|t|2006-06-12 00:00:00
612000|55.4833333333333|10.3333333333333|\N|0|ODENSE/BELDRINGE|6120|612000|\N|\N|\N|8|t|2006-06-12 00:00:00
618000|55.6166666666667|12.65|\N|0|KOEBENHAVN/KASTRUP|6180|618000|\N|\N|\N|8|t|2006-06-12 00:00:00
280700|68.6166666666667|27.4166666666667|\N|0|IVALO|2807|280700|\N|\N|\N|8|t|2006-06-12 00:00:00
284500|66.5666666666667|25.8333333333333|\N|0|ROVANIEMI|2845|284500|\N|\N|\N|8|t|2006-06-12 00:00:00
284900|66.8333333333333|28.6833333333333|\N|0|SALLA KK|2849|284900|\N|\N|\N|8|t|2006-06-12 00:00:00
286900|65.9666666666667|29.1833333333333|\N|0|KUUSAMO|2869|286900|\N|\N|\N|8|t|2006-06-12 00:00:00
287500|64.9333333333333|25.3666666666667|\N|0|OULU|2875|287500|\N|\N|\N|8|t|2006-06-12 00:00:00
288900|64.9333333333333|28.75|\N|0|SUOMUSSALMI PESIO|2889|288900|\N|\N|\N|8|t|2006-06-12 00:00:00
289700|64.2833333333333|27.6833333333333|\N|0|KAJAANI|2897|289700|\N|\N|\N|8|t|2006-06-12 00:00:00
294400|61.4166666666667|22.4666666666667|\N|0|TAMPERE/PIRKKALA|2944|294400|\N|\N|\N|8|t|2006-06-12 00:00:00
294700|61.7333333333333|27.3|\N|0|MIKKELI|2947|294700|\N|\N|\N|8|t|2006-06-12 00:00:00
296500|60.9666666666667|25.6333333333333|\N|0|LAHTI|2965|296500|\N|\N|\N|8|t|2006-06-12 00:00:00
297200|60.5166666666667|22.2666666666667|\N|0|TURKU|2972|297200|\N|\N|\N|8|t|2006-06-12 00:00:00
297400|60.3166666666667|24.9666666666667|\N|0|HELSINKI-VANTAA|2974|297400|\N|\N|\N|8|t|2006-06-12 00:00:00
202000|68.4166666666667|18.1666666666667|\N|0|KATTERJAKK|2020|202000|\N|\N|\N|8|t|2006-06-12 00:00:00
203600|67.85|19.0333333333333|\N|0|NIKKALUOKTA|2036|203600|\N|\N|\N|8|t|2006-06-12 00:00:00
204900|67.15|20.65|\N|0|GALLIVARE|2049|204900|\N|\N|\N|8|t|2006-06-12 00:00:00
208000|68.45|22.45|\N|0|KARESUANDO|2080|208000|\N|\N|\N|8|t|2006-06-12 00:00:00
210400|65.8166666666667|15.0833333333333|\N|0|HEMAVAN|2104|210400|\N|\N|\N|8|t|2006-06-12 00:00:00
211000|65.3333333333333|15.0666666666667|\N|0|GIELAS|2110|211000|\N|\N|\N|8|t|2006-06-12 00:00:00
212000|66.8833333333333|18.0166666666667|\N|0|KVIKKJOKK-ARRENJARKA|2120|212000|\N|\N|\N|8|t|2006-06-12 00:00:00
212400|66.05|17.8333333333333|\N|0|ARJEPLOG|2124|212400|\N|\N|\N|8|t|2006-06-12 00:00:00
212800|65|17.7|\N|0|GUNNARN|2128|212800|\N|\N|\N|8|t|2006-06-12 00:00:00
215100|66.4833333333333|20.1666666666667|\N|0|JOKKMOKK FPL|2151|215100|\N|\N|\N|8|t|2006-06-12 00:00:00
215400|65.8833333333333|20.15|\N|0|VIDSEL|2154|215400|\N|\N|\N|8|t|2006-06-12 00:00:00
218600|65.55|22.1333333333333|\N|0|LULEA-KALLAX|2186|218600|\N|\N|\N|8|t|2006-06-12 00:00:00
220600|63.3|12.1166666666667|\N|0|STORLIEN|2206|220600|\N|\N|\N|8|t|2006-06-12 00:00:00
222200|64.5|14.1666666666667|\N|0|GADDEDE|2222|222200|\N|\N|\N|8|t|2006-06-12 00:00:00
222600|63.2|14.5|\N|0|OSTERSUND FROSON|2226|222600|\N|\N|\N|8|t|2006-06-12 00:00:00
224400|63.6833333333333|16.95|\N|0|JUNSELE|2244|224400|\N|\N|\N|8|t|2006-06-12 00:00:00
224500|64.5833333333333|16.85|\N|0|VILHELMINA|2245|224500|\N|\N|\N|8|t|2006-06-12 00:00:00
224700|63.15|16.1666666666667|\N|0|KRANGEDE|2247|224700|\N|\N|\N|8|t|2006-06-12 00:00:00
230800|62.45|12.6666666666667|\N|0|TANNAS|2308|230800|\N|\N|\N|8|t|2006-06-12 00:00:00
232400|62.0166666666667|14.1833333333333|\N|0|SVEG|2324|232400|\N|\N|\N|8|t|2006-06-12 00:00:00
236600|62.5166666666667|17.45|\N|0|TIMRA/MIDLANDA|2366|236600|\N|\N|\N|8|t|2006-06-12 00:00:00
241000|60.6833333333333|13.7|\N|0|MALUNG|2410|241000|\N|\N|\N|8|t|2006-06-12 00:00:00
241800|59.45|13.3333333333333|\N|0|KARLSTAD FLYGPLATS|2418|241800|\N|\N|\N|8|t|2006-06-12 00:00:00
243200|59.2333333333333|15.05|\N|0|OREBRO|2432|243200|\N|\N|\N|8|t|2006-06-12 00:00:00
243500|60.4333333333333|15.5166666666667|\N|0|BORLANGE|2435|243500|\N|\N|\N|8|t|2006-06-12 00:00:00
246400|59.3666666666667|17.9|\N|0|STOCKHOLM/BROMMA|2464|246400|\N|\N|\N|8|t|2006-06-12 00:00:00
250000|58.9|11|\N|0|NORDKOSTER|2500|250000|\N|\N|\N|8|t|2006-06-12 00:00:00
257400|58.5833333333333|16.15|\N|0|NORRKOPING|2574|257400|\N|\N|\N|8|t|2006-06-12 00:00:00
261600|55.3833333333333|12.8166666666667|\N|0|FALSTERBO|2616|261600|\N|\N|\N|8|t|2006-06-12 00:00:00
264800|56.85|14.8333333333333|\N|0|VAXJO|2648|264800|\N|\N|\N|8|t|2006-06-12 00:00:00
83710|\N|\N|10|0|DRAG - AJLUOKTA|1143|83710|\N|\N|\N|8|t|2007-07-02 00:00:00
