342|SMS meldingsformat 42|10|20|A|h|Automatstasjoner med litt flere parametere
302|SMS meldingsformat 2|30|1080|M|h|Ordinaer nedboerobservasjon
303|SMS meldingsformat 3|0|1080|M|h|Sterke regnskyll (avart av meldingsformat 2)
2|METAR|5|10|M|hh|\N
0|test|1|1|I|h|\N
1|SYNOP|10|20|M|h|\N
312|SMS meldingsformat 12|20|20|M|h|PIO
313|SMS meldingsformat 13|20|20|M|h|service-meldinger
412|dagbok|0|64800|M|h|etterregistrert
4|pluviometer|0|420|A|m|Melding generert av AutoObs
3|autoobs|10|20|A|h|\N
402|ukekort|0|38900|M|h|etterregistrert
6|manuell observasjon via autoobs|20|20|M|h|Delmelding fra hybridstasjon generert av AutoObs
306|SMS meldingsformat 6|20|20|M|h|Visuelle observasjoner (tidligere versjon)
308|SMS meldingsformat 8|20|20|M|h|Visuelle observasjoner
310|SMS meldingsformat 10|10|20|A|h|PTU/Vind (flyplasser tidligere versjon)
320|SMS meldingsformat 20|10|20|M|h|Faaparameterstasjoner
330|SMS meldingsformat 30|10|20|A|h|Automatstasjoner
11|SHIP|20|30|M|h|\N
309|SMS meldingsformat 9|20|20|M|h|For DNT-hytter (paaskevaer)
311|SMS meldingsformat 11|15|20|A|h|PTU/Vind (flyplasser)
22|DF22 eller eldre E-formater|10|20|A|h|\N
404|ettertidsdata, pluviometer|0|64800|A|m|\N
410|ettertidsdata, timevise automatdata|0|259200|A|h|\N
501|Hentet fra FLOSdb|10|10|A|h|\N
406|ettertidsdata, SHIP|0|64800|M|h|\N
