1025|KLFG|Tidsangivelse for FG|HHmm|0|Klokkeslett
90|FG_1|Vindhastighet, 10 meter, maks. 3 sek. gust siste time|m/s|0|\N
91|FG_6|Vindhastighet, 10 meter, maks. 3 sek. gust siste 6 timer|m/s|0|\N
92|FG_12|Vindhastighet, 10 meter, maks. 3 sek. gust siste 12 timer|m/s|0|\N
49|WAWA|Været ved observasjonstiden automatisk målt|WMO-kode 4680|0|\N
47|WA1|Været siden forrige observasjon automatisk målt|WMO-kode 4531|0|Første forekomst
48|WA2|Været siden forrige observasjon automatisk målt|WMO-kode 4531|0|Andre forekomst
106|RR_1|Nedbør, tilvekst siste time|mm|0|\N
107|RR_3|Nedbør, tilvekst siste 3 timer|mm|0|\N
108|RR_6|Nedbør, tilvekst siste 6 timer|mm|0|\N
84|FG_010|Maks gust siste 10 minutt i timen|m/s|0|Vindhastighet, 10 meter, maks. 3 sek. gust siste 10 minutt i timen
263|UM|Relativ luftfuktighet timemiddel|%|0|\N
264|UN|Relativ luftfuktighet, minimum i timen|%|0|minimum minuttverdi i timen
265|UX|Relativ luftfuktighet, maksimum i timen|%|0|maksimum minuttverdi i timen
275|VX|Sikt i beste retning|meter|0|\N
9|IR|Viser om nedbørgruppe er oppgitt i meldingen|ett siffer|0|\N
10|IX|Viser om værgruppe er oppgitt i meldingen|ett siffer|0|\N
88|FX_6|Vindhastighet, 10 meter, maks. 10 minutt siste 6 timer|m/s|0|\N
89|FX_12|Vindhastighet, 10 meter, maks. 10 minutt siste 12 timer|m/s|0|\N
1021|KLSTART|Observasjonsintervallets starttid|12 siffer: 4 siffer år, måned, dag, time, minutt|0|\N
1022|KLOBS|Observasjonstidspunkt|12 siffer: 4 siffer år, måned, dag, time, minutt|0|\N
138|WL|Vannstand|meter|0|Midlere høyde relatert til laveste astronomiske tidevann i havet
155|WTHMAX|Perioden til den høyeste bølgen|sekund|0|Havbølger
156|WTMAX|Maksimal bølgeperiode|sekund|0|Havbølger
157|WTP|Perioden som svarer til maksimum i spektret|sekund|0|Havbølger
158|WTP2|Perioden til sekundært maksimum i spektret|sekund|0|Havbølger
159|WTS|Midlere periode av den høyeste tredjedel av bølgene|sekund|0|Havbølgene i en måleserie
160|WTZ|Midlere periode av individuelle bølger|sekund|0|Havbølger
41|WW|Været ved observasjonstida|WMO-kode 4677 to siffer|0|\N
42|W1|Været siden forrige hovedobservasjonstid|WMO-kode 4561 ett siffer|0|\N
43|W2|Været siden forrige hovedobservasjonstid|WMO-kode 4561 ett siffer|0|\N
44|X1WD|Første tilleggsopplysning om været siden forrige hovedobs|nasjonal kode ett siffer|0|\N
69|DVRBDN|Variabel vindretning. Nedre grense|grader|0|\N
70|DVRBDX|Variabel vindretning. Øvre grense|grader|0|\N
21|ZI|Sjøisforhold i øyeblikket og utviklingen de siste 3 timer|WMO-kode 5239 kode ett siffer|0|\N
71|DVV|Retning til VV|grader|0|sikt
72|DVX|Retning til VVX|grader|0|sikt
1042|WWCAVOK|Generell værindikator i METAR-kode, to tegn|\N|0|\N
1000|signature|Observatørens forbokstaver, to tegn|\N|0|\N
234|TSA|Snøtemperatur|°C|0|Nåverdi
1001|TEXT|Enhver tekst som ikke er definert på annen måte|\N|0|\N
35|V4S|Værkodens styrke. Tilhører V4|nasjonal kode ett siffer|0|\N
32|V2|Været ved observasjonstiden, andre tegn|nasjonal kode to siffer|0|\N
33|V3|Været ved observasjonstiden, tredje tegn|nasjonal kode to siffer|0|\N
36|V5|Været siden forrige hovedobservasjon, andre tegn|nasjonal kode to siffer|0|\N
38|V6|Været siden forrige hovedobservasjon, tredje tegn|nasjonal kode to siffer|0|\N
40|V7|Været siden forrige hovedobservasjon, fjerde tegn|nasjonal kode to siffer|0|\N
37|V5S|Værkodens styrke. Tilhører V5|nasjonal kode ett siffer|0|\N
39|V6S|Værkodens styrke. Tilhører V6|nasjonal kode ett siffer|0|\N
46|X3WD|Tredje tilleggsopplysning om været siden forrige hovedobs|nasjonal kode ett siffer|0|\N
45|X2WD|Andre tilleggsopplysning om været siden forrige hovedobs|nasjonal kode ett siffer|0|\N
26|NS2|Skydekke i ett skylag|kode ett siffer|0|Tilsvarer andre forekomst i METAR-koden
25|NS1|Skydekke i ett skylag|kode ett siffer|0|Tilsvarer første forekomst i METAR-koden
27|NS3|Skydekke i ett skylag|kode ett siffer|0|Tilsvarer tredje forekomst i METAR-koden
28|NS4|Skydekke i ett skylag|kode ett siffer|0|Tilsvarer fjerde forekomst i METAR-koden
301|HS1|Skyhøyde|kode to siffer|0|Tilsvarer første forekomst i METAR-koden
302|HS2|Skyhøyde|kode to siffer|0|Tilsvarer andre forekomst i METAR-koden
303|HS3|Skyhøyde|kode to siffer|0|Tilsvarer tredje forekomst i METAR-koden
304|HS4|Skyhøyde|kode to siffer|0|Tilsvarer fjerde forekomst i METAR-koden
305|CC1|Skytype|kode ett siffer|0|Tilsvarer første forekomst i METAR-koden
306|CC2|Skytype|kode ett siffer|0|Tilsvarer andre forekomst i METAR-koden
307|CC3|Skytype|kode ett siffer|0|Tilsvarer tredje forekomst i METAR-koden
308|CC4|Skytype|kode ett siffer|0|Tilsvarer fjerde forekomst i METAR-koden
1041|WWB3|Signifikant vær i METAR-kode|\N|0|Tilsvarer tredje forekomst i METAR-koden
1039|WWB1|Signifikant vær i METAR-kode|\N|0|Tilsvarer første forekomst i METAR-koden
1040|WWB2|Signifikant vær i METAR-kode|\N|0|Tilsvarer andre forekomst i METAR-koden
1026|KLFX|Tidsangivelse for FX|HHmm|0|Klokkeslett
115|RW|Smeltevannsum siste time|mm|0|\N
116|RWA|Smeltevannsum totalt innhold|mm|0|\N
247|TAK|Kalmanfiltrert temperatur|°C|0|Utdata fra modell
226|TJ|Jordtemperatur|°C|-2|Nåverdi
227|TJM|Jordtemperatur timemiddel|°C|-2|\N
201|QOX|Maksimum globalstråling|Wh/m7|0|største minutt siste time
202|QR|Reflektert stråling|Wh/m8|0|"""akkumulert"" siste time"
104|RA|Nedbør, totalt bøtteinnhold|mm|0|\N
109|RR_12|Nedbør, tilvekst siste 12 timer|mm|0|\N
110|RR_24|Nedbør, tilvekst siste 24 timer|mm|0|\N
119|RR_2|Nedbør, tilvekst siste 2 timer|mm|0|\N
120|RR_9|Nedbør, tilvekst siste 9 timer|mm|0|\N
125|RR_15|Nedbør, tilvekst siste 15 timer|mm|0|\N
126|RR_18|Nedbør, tilvekst siste 18 timer|mm|0|\N
17|RS|Endring i ising på fartøy eller plattform|WMO-kode 3551 ett siffer|0|\N
124|RT_24|Nedbørtid siste 24 timer|antall minutter|0|\N
111|RX|Maksimal nedbørintensitet|mm/minutt|0|minuttsintensitet siste time
112|SA|Snødybde|cm|0|nåverdi, totalt fra bakken
18|SD|Snødekke|nasjonal kode ett siffer|0|\N
19|SG|Sjøgang|nasjonal kode ett siffer|0|Havbølger
20|SI|Utviklingsstadium av sjøis|WMO-kode 3739 ett siffer|0|\N
114|SS_24|Snødybde tilvekst siste 24 timer|cm|0|\N
211|TA|Temperatur|°C|0|Nåverdi
212|TAM|Temperatur timemiddel|°C|0|\N
213|TAN|Temperatur minimum i timen|°C|0|minimum minuttverdi i timen
214|TAN_12|Temperatur minimum siste 12 timer|°C|0|minimum minuttverdi siste 12 timer
215|TAX|Temperatur maksimum i timen|°C|0|maksimum minuttverdi i timen
216|TAX_12|Temperatur maksimum siste 12 timer|°C|0|maksimum minuttverdi siste 12 timer
217|TD|Duggpunktstemperatur|°C|0|Nåverdi
218|TDM|Duggpunktstemperatur timemiddel|°C|0|\N
219|TDN|Duggpunktstemperatur minimum i timen|°C|0|minimum minuttverdi i timen
220|TDX|Duggpunktstemperatur maksimum i timen|°C|0|maksimum minuttverdi i timen
221|TG|Gresstemperatur|°C|0|Nåverdi
222|TGM|Gresstemperatur timemiddel|°C|0|\N
223|TGN|Gresstemperatur minimum i timen|°C|0|minimum minuttverdi i timen
224|TGN_12|Gresstemperatur minimum siste 12 timer|°C|0|minimum minuttverdi siste 12 timer
225|TGX|Gresstemperatur maksimum i timen|°C|0|maksimum minuttverdi i timen
228|TNT|Minimumstermometerets topp|°C|0|\N
229|TP|Barometertemperatur|°C|0|\N
230|TR|Rullebanetemperatur|°C|0|nåverdi i 1 minutt.
231|TRM|Rullebanetemperatur timemiddel|°C|0|\N
232|TRN|Rullebanetemperatur minimum i timen|°C|0|minimum minuttverdi i timen
233|TRX|Rullebanetemperatur maksimum i timen|°C|0|maksimum minuttverdi i timen
235|TSM|Snøtemperatur timemiddel|°C|0|\N
236|TSN|Snøtemperatur minimum i timen|°C|0|minimum minuttverdi i timen
237|TSX|Snøtemperatur maksimum i timen|°C|0|maksimum minuttverdi i timen
238|TV|Veibanetemperatur|°C|0|Nåverdi
239|TVM|Veibanetemperatur timemiddel|°C|0|\N
240|TVN|Veibanetemperatur minimum i timen|°C|0|minimum minuttverdi i timen
241|TVX|Veibanetemperatur maksimum i timen|°C|0|maksimum minuttverdi i timen
242|TW|Sjøtemperatur|°C|0|Nåverdi
243|TWM|Sjøtemperatur timemiddel|°C|0|\N
244|TWN|Sjøtemperatur minimum i timen|°C|0|minimum minuttverdi i timen
245|TWX|Sjøtemperatur maksimum i timen|°C|0|maksimum minuttverdi i timen
246|TXT|Maksimumstermometerets topp|°C|0|\N
261|UH|Avlest hygrometerverdi|%|0|Luftfuktighet
262|UU|Relativ luftfuktighet|%|0|Nåverdi
31|V1|Været ved observasjonstiden, første tegn|nasjonal kode to siffer|0|\N
34|V4|Været siden forrige hovedobservasjon, første tegn|nasjonal kode to siffer|0|\N
271|VMOR|MOR sikt|meter|0|nåverdi 10 minutt beregnet (etter algoritme)
272|VR|RVR sikt|meter|0|nåverdi 10 minutt beregnet (etter algoritme)
273|VV|Synsvidde|meter|0|horisontal sikt nedre intervallgrense
274|VZ|Vertikal sikt|meter|0|nåverdi 10 minutt beregnet (etter algoritme)
68|WDMT|Midlere bølgeretning|grader|0|Havbølger
135|WHMAX|Høyde på den høyeste individuelle bølgen|meter|0|Havbølger
136|WHM0|Estimat av Hs fra spektret|meter|0|Havbølger
137|WH13|Gjennomsnitt av den høyeste tredel av bølgene|meter|0|Havbølgene i en måleserie
171|PB|Trykk manuelt avlest|hPa|0|barometer, nåverdi
1|AA|Barografkurvens forløp|WMO-kode 0200 ett siffer|0|Trykkendring siste tre timer
281|BAT|Batterispenning|volt|0|Utstyrstilstand
2|BI|Sjøis kalvet fra bre|WMO-kode 0439 ett siffer|0|\N
3|BT|Bladfuktighet|minutter|0|Antall i timen (Landbruks-parameter)
4|CI|Konsentrasjon av sjøis|WMO-kode 0639 ett siffer|0|\N
22|CH|Skytype høye skyer|WMO-kode 0509 ett siffer|0|\N
23|CL|Skytype lave skyer|WMO-kode 0513 ett siffer|0|\N
24|CM|Skytype mellomhøye skyer|WMO-kode 0515 ett siffer|0|\N
61|DD|Vindretning 10 minutt|vektoriell i grader|0|10 meter, tilhører FF
62|DD_02|Vindretning 2 minutt|vektoriell i grader|0|10 meter, tilhører FF_02
63|DG|Vindretning gust|vektoriell i grader|0|tilhører FG
6|DI|Retning til nærmeste sjøiskant|WMO-kode 0739 ett siffer|0|\N
64|DM|Vindretning 60 minutt|vektoriell i grader|0|tilhører FM
65|DW1|Retning av dønningssystem 1|vektoriell i grader|0|Havbølger, tilhører HW1
66|DW2|Retning av dønningssystem 2|vektoriell i grader|0|Havbølger, tilhører HW2
67|DX|Vindretning maks. 10 minutt glidende middel|vektoriell i grader|0|tilhører FX
7|EM|Markas tilstand|WMO-kode 0975 ett siffer|0|\N
101|ES|Istykkelse på fartøy eller plattform ved observasjonstida|cm|0|\N
103|EV_24|Fordampning fra fri vannflate siste 24 timer|mm|0|\N
81|FF|Vindhastighet 10 minutt|m/s|0|10 meter, 10 minutt nåverdi
82|FF_02|Vindhastighet 2 minutt|m/s|0|10 meter, 2 minutt nåverdi
85|FM|Vindhastighet, timesmiddel|m/s|0|10 meter, middel av 60 minuttverdier
54|HH|Høyde til høyeste skybase|meter|0|beregnet etter algoritme
55|HL|Høyde til første skybase|meter|0|nedre intervallgrense
56|HLN|Minste målte høyde til 'første' skybase|meter|0|over 1 time
57|HM|Høyde til mellomste skybase|meter|0|beregnet etter algoritme
131|HW|Vindbølgenes høyde|meter|0|Havbølger visuelt observert
132|HW1|Høyde av dønningssystem 1|meter|0|Havbølger
133|HW2|Høyde av dønningssystem 2|meter|0|Havbølger
134|HWA|Vindbølgenes høyde|meter|0|Havbølger målt ved instrument
11|XIS|Årsak til ising på fartøy eller plattform|WMO-kode 1751 ett siffer|0|\N
12|ITR|Oppsamlingsperiode for den målte nedbørmengden|WMO-kode 3590 ett siffer|0|\N
13|ITZ|Tidsangivelse for maksimal middelvind|nasjonal kode ett siffer|0|\N
14|NH|Mengden av alle lave skyer eller mengden av mellomhøye skyer hvis det ikke forekommer lave skyer|WMO-kode 2700 ett siffer|0|\N
15|NN|Samlet skydekke|WMO-kode 2700 ett siffer|0|\N
122|OT_24|Soltid siste 24 timer|antall minutter|0|\N
172|PH|Trykk QNH|hPa|0|Trykket redusert til havets nivå etter ICAO standard, nåverdi
173|PO|Trykk QFE|hPa|0|Trykket i stasjonsnivå, ett minutt nåverdi
174|POM|Trykk QFE, middel i timen|hPa|0|Trykket i stasjonsnivå, middel i timen
175|PON|Trykk QFE, minimum|hPa|0|minimum timeverdi
176|POX|Trykk QFE, maksimum|hPa|0|maksimum timeverdi
178|PR|Trykk QFF|hPa|0|Trykket redusert til havets nivå m/lufttemperatur nå, nåverdi
151|PW|Vindbølgenes periode|sekund|0|Havbølger visuelt observert
152|PW1|Periode av dønningssystem 1|sekund|0|Havbølger
153|PW2|Periode av dønningssystem 2|sekund|0|Havbølger
154|PWA|Vindbølgenes periode|sekund|0|Havbølger målt ved instrument
191|QA|Albedo|Forholdstall|0|QR/QO siste time, stråling
192|QB|Bakgrunnslys|\N|0|nåverdi 10 minutt middel
193|QBM|Bakgrunnslys, timemiddel|\N|0|\N
194|QBN|Bakgrunnslys, minimum|\N|0|minimum minuttverdi i timen
195|QBX|Bakgrunnslys, maksimum|\N|0|maksimum minuttverdi i timen
196|QD|Diffus stråling|Wh/m2|0|"""akkumulert"" siste time"
197|QE|Totalstråling|Wh/m2|0|"""akkumulert"" siste time"
198|QL|Langbølget stråling|Wh/m2|0|"""akkumulert"" energi siste time"
199|QLX|Maksimum langbølget stråling|Wh/m2|0|største minutt siste time
200|QO|Globalstråling|Wh/m6|0|"""akkumulert"" energi siste time"
117|RR_X|Nedbør|mm|0|vilkårlig periode
94|FG_X|Vindhastighet, 10 meter, maks. 3 sek. gust|m/s|0|vilkårlig periode
93|FX_X|Vindhastighet, 10 meter, maks. 10 minutter glidende middel|m/s|0|vilkårlig periode
248|TAN_X|Temperatur minimum|grad C|0|vilkårlig periode
249|TAX_X|Temperatur maksimum|grad C|0|vilkårlig periode
102|EV_1|Fordampning fra fri vannflate siste time|mm|0|\N
121|OT_1|Soltid siste time|antall minutter|0|\N
123|RT_1|Nedbørtid siste time|antall minutter|0|\N
113|SS_1|Snødybde tilvekst siste time|cm|0|\N
177|PP|Trykktendens|hPa|0|observert 3 timer absoluttverdi. Tilsv. modelldata har fortegn.
83|FG|Vindhastighet, 10 meter, maks. 3 sek. gust siden forrige hovedobservasjon|m/s|0|\N
87|FX_1|Vindhastighet, 10 meter, maks. 10 minutt siste time|m/s|0|\N
95|FX_3|Vindhastighet, 10 meter, maks. 10 minutt siste 3 timer|m/s|0|\N
86|FX|Maks. vindhastighet siden forrige hovedobservasjon|m/s|0|10 meter, maks. 10 minutt glidende middel
403|MDIR|Fartøyets retning|grader|0|Bevegelse
401|MLAT|Fartøyets breddegrad|grader desimalt|0|Posisjon
402|MLON|Fartøyets lengdegrad|grader desimalt|0|Posisjon
404|MSPEED|Fartøyets hastighet|m/s|0|Bevegelse
250|TWF|Vanntemperatur|°C|0|Nåverdi ferskvann
73|DX_1|Vindretning maks. 10 minutt glidende middel siste time|grader|0|tilhører FX_1
74|DX_3|Vindretning maks. 10 minutt glidende middel siste tre timer|grader|0|tilhører FX_3
75|DX_6|Vindretning maks. 10 minutt glidende middel siste seks timer|grader|0|tilhører FX_6
76|DX_12|Vindretning maks. 10 minutt glidende middel siste tolv timer|grader|0|tilhører FX_12
77|DG_010|Vindretning maks. gust siste ti minutter|grader|0|tilhører FG_010
78|DG_1|Vindretning maks. gust siste time|grader|0|tilhører FG_1
79|DG_6|Vindretning maks. gust siste seks timer|grader|0|tilhører FG_6
80|DG_12|Vindretning maks. gust siste tolv timer|grader|0|tilhører FG_12
127|RI|Nedbørintensitet|mm/h|0|Maksimal fluks over 1 minutt innenfor en gitt observasjonsperiode
105|RR_01|Nedbør, tilvekst siste minutt|mm|0|1 min akkumulert
118|RR_010|Nedbør, tilvekst siste 10 minutter|mm|0|10 min akkumulert
128|RT_01|Nedbørtid siste minutt|antall minutter|0|Egentlig boolsk parameter
251|TAN_24|Temperatur minimum siste 24 timer|grad C|\N|\N
252|TAX_24|Temperatur maksimum siste 24 timer|grad C|\N|\N
